{"C:\\Users\\plopl\\OneDrive\\바탕 화면\\codeIt\\2-sprint-mission\\2-sprint-mission5\\src\\app.ts": {"path":"C:\\Users\\plopl\\OneDrive\\바탕 화면\\codeIt\\2-sprint-mission\\2-sprint-mission5\\src\\app.ts","statementMap":{"0":{"start":{"line":1,"column":0},"end":{"line":1,"column":30}},"1":{"start":{"line":2,"column":0},"end":{"line":2,"column":24}},"2":{"start":{"line":3,"column":0},"end":{"line":3,"column":41}},"3":{"start":{"line":6,"column":0},"end":{"line":6,"column":54}},"4":{"start":{"line":7,"column":0},"end":{"line":7,"column":54}},"5":{"start":{"line":8,"column":0},"end":{"line":8,"column":54}},"6":{"start":{"line":9,"column":0},"end":{"line":9,"column":48}},"7":{"start":{"line":10,"column":0},"end":{"line":10,"column":43}},"8":{"start":{"line":11,"column":0},"end":{"line":11,"column":44}},"9":{"start":{"line":14,"column":0},"end":{"line":14,"column":62}},"10":{"start":{"line":16,"column":12},"end":{"line":16,"column":21}},"11":{"start":{"line":19,"column":0},"end":{"line":19,"column":16}},"12":{"start":{"line":20,"column":0},"end":{"line":20,"column":24}},"13":{"start":{"line":21,"column":0},"end":{"line":21,"column":48}},"14":{"start":{"line":22,"column":0},"end":{"line":22,"column":24}},"15":{"start":{"line":25,"column":0},"end":{"line":25,"column":29}},"16":{"start":{"line":26,"column":0},"end":{"line":26,"column":30}},"17":{"start":{"line":27,"column":0},"end":{"line":27,"column":37}},"18":{"start":{"line":28,"column":0},"end":{"line":28,"column":37}},"19":{"start":{"line":29,"column":0},"end":{"line":29,"column":37}},"20":{"start":{"line":30,"column":0},"end":{"line":30,"column":33}},"21":{"start":{"line":33,"column":0},"end":{"line":33,"column":70}},"22":{"start":{"line":33,"column":34},"end":{"line":33,"column":68}},"23":{"start":{"line":36,"column":0},"end":{"line":36,"column":22}},"24":{"start":{"line":38,"column":0},"end":{"line":38,"column":19}}},"fnMap":{"0":{"name":"(anonymous_1)","decl":{"start":{"line":33,"column":19},"end":{"line":33,"column":20}},"loc":{"start":{"line":33,"column":34},"end":{"line":33,"column":68}}}},"branchMap":{},"s":{"0":4,"1":4,"2":4,"3":4,"4":4,"5":4,"6":4,"7":4,"8":4,"9":4,"10":4,"11":4,"12":4,"13":4,"14":4,"15":4,"16":4,"17":4,"18":4,"19":4,"20":4,"21":4,"22":0,"23":4,"24":4},"f":{"0":0},"b":{}}
,"C:\\Users\\plopl\\OneDrive\\바탕 화면\\codeIt\\2-sprint-mission\\2-sprint-mission5\\src\\articles\\article.structs.ts": {"path":"C:\\Users\\plopl\\OneDrive\\바탕 화면\\codeIt\\2-sprint-mission\\2-sprint-mission5\\src\\articles\\article.structs.ts","statementMap":{"0":{"start":{"line":1,"column":0},"end":{"line":1,"column":93}},"1":{"start":{"line":3,"column":13},"end":{"line":5,"column":3}},"2":{"start":{"line":4,"column":40},"end":{"line":4,"column":55}},"3":{"start":{"line":7,"column":13},"end":{"line":11,"column":3}},"4":{"start":{"line":13,"column":13},"end":{"line":13,"column":72}},"5":{"start":{"line":16,"column":13},"end":{"line":27,"column":3}},"6":{"start":{"line":25,"column":55},"end":{"line":25,"column":64}},"7":{"start":{"line":26,"column":55},"end":{"line":26,"column":64}}},"fnMap":{"0":{"name":"(anonymous_0)","decl":{"start":{"line":4,"column":33},"end":{"line":4,"column":34}},"loc":{"start":{"line":4,"column":40},"end":{"line":4,"column":55}}},"1":{"name":"(anonymous_1)","decl":{"start":{"line":25,"column":48},"end":{"line":25,"column":49}},"loc":{"start":{"line":25,"column":55},"end":{"line":25,"column":64}}},"2":{"name":"(anonymous_2)","decl":{"start":{"line":26,"column":48},"end":{"line":26,"column":49}},"loc":{"start":{"line":26,"column":55},"end":{"line":26,"column":64}}}},"branchMap":{},"s":{"0":0,"1":0,"2":0,"3":0,"4":0,"5":0,"6":0,"7":0},"f":{"0":0,"1":0,"2":0},"b":{}}
,"C:\\Users\\plopl\\OneDrive\\바탕 화면\\codeIt\\2-sprint-mission\\2-sprint-mission5\\src\\articles\\articleController.ts": {"path":"C:\\Users\\plopl\\OneDrive\\바탕 화면\\codeIt\\2-sprint-mission\\2-sprint-mission5\\src\\articles\\articleController.ts","statementMap":{"0":{"start":{"line":10,"column":0},"end":{"line":10,"column":7}},"1":{"start":{"line":19,"column":0},"end":{"line":19,"column":7}},"2":{"start":{"line":28,"column":0},"end":{"line":28,"column":7}},"3":{"start":{"line":41,"column":0},"end":{"line":41,"column":7}},"4":{"start":{"line":64,"column":0},"end":{"line":64,"column":7}},"5":{"start":{"line":2,"column":0},"end":{"line":2,"column":58}},"6":{"start":{"line":3,"column":0},"end":{"line":3,"column":46}},"7":{"start":{"line":4,"column":0},"end":{"line":4,"column":56}},"8":{"start":{"line":6,"column":13},"end":{"line":6,"column":42}},"9":{"start":{"line":7,"column":16},"end":{"line":7,"column":40}},"10":{"start":{"line":11,"column":2},"end":{"line":16,"column":26}},"11":{"start":{"line":12,"column":17},"end":{"line":12,"column":60}},"12":{"start":{"line":13,"column":21},"end":{"line":13,"column":73}},"13":{"start":{"line":14,"column":18},"end":{"line":14,"column":49}},"14":{"start":{"line":15,"column":4},"end":{"line":15,"column":32}},"15":{"start":{"line":16,"column":16},"end":{"line":16,"column":24}},"16":{"start":{"line":20,"column":2},"end":{"line":25,"column":26}},"17":{"start":{"line":21,"column":15},"end":{"line":21,"column":36}},"18":{"start":{"line":22,"column":16},"end":{"line":22,"column":39}},"19":{"start":{"line":23,"column":4},"end":{"line":23,"column":65}},"20":{"start":{"line":23,"column":14},"end":{"line":23,"column":65}},"21":{"start":{"line":24,"column":4},"end":{"line":24,"column":30}},"22":{"start":{"line":25,"column":16},"end":{"line":25,"column":24}},"23":{"start":{"line":29,"column":2},"end":{"line":38,"column":26}},"24":{"start":{"line":30,"column":20},"end":{"line":30,"column":50}},"25":{"start":{"line":31,"column":38},"end":{"line":31,"column":52}},"26":{"start":{"line":32,"column":4},"end":{"line":35,"column":5}},"27":{"start":{"line":33,"column":6},"end":{"line":33,"column":74}},"28":{"start":{"line":34,"column":6},"end":{"line":34,"column":13}},"29":{"start":{"line":36,"column":20},"end":{"line":36,"column":72}},"30":{"start":{"line":37,"column":4},"end":{"line":37,"column":34}},"31":{"start":{"line":38,"column":16},"end":{"line":38,"column":24}},"32":{"start":{"line":42,"column":2},"end":{"line":61,"column":26}},"33":{"start":{"line":43,"column":15},"end":{"line":43,"column":36}},"34":{"start":{"line":44,"column":20},"end":{"line":44,"column":50}},"35":{"start":{"line":45,"column":38},"end":{"line":45,"column":52}},"36":{"start":{"line":46,"column":4},"end":{"line":49,"column":5}},"37":{"start":{"line":47,"column":6},"end":{"line":47,"column":53}},"38":{"start":{"line":48,"column":6},"end":{"line":48,"column":13}},"39":{"start":{"line":51,"column":20},"end":{"line":51,"column":43}},"40":{"start":{"line":52,"column":4},"end":{"line":52,"column":69}},"41":{"start":{"line":52,"column":18},"end":{"line":52,"column":69}},"42":{"start":{"line":54,"column":4},"end":{"line":57,"column":5}},"43":{"start":{"line":55,"column":6},"end":{"line":55,"column":53}},"44":{"start":{"line":56,"column":6},"end":{"line":56,"column":13}},"45":{"start":{"line":59,"column":20},"end":{"line":59,"column":68}},"46":{"start":{"line":60,"column":4},"end":{"line":60,"column":34}},"47":{"start":{"line":61,"column":16},"end":{"line":61,"column":24}},"48":{"start":{"line":65,"column":2},"end":{"line":78,"column":26}},"49":{"start":{"line":66,"column":15},"end":{"line":66,"column":36}},"50":{"start":{"line":67,"column":20},"end":{"line":67,"column":50}},"51":{"start":{"line":69,"column":20},"end":{"line":69,"column":43}},"52":{"start":{"line":70,"column":4},"end":{"line":70,"column":69}},"53":{"start":{"line":70,"column":18},"end":{"line":70,"column":69}},"54":{"start":{"line":72,"column":4},"end":{"line":75,"column":5}},"55":{"start":{"line":73,"column":6},"end":{"line":73,"column":53}},"56":{"start":{"line":74,"column":6},"end":{"line":74,"column":13}},"57":{"start":{"line":76,"column":4},"end":{"line":76,"column":26}},"58":{"start":{"line":77,"column":4},"end":{"line":77,"column":26}},"59":{"start":{"line":78,"column":16},"end":{"line":78,"column":24}}},"fnMap":{"0":{"name":"getArticleList","decl":{"start":{"line":10,"column":22},"end":{"line":10,"column":36}},"loc":{"start":{"line":10,"column":84},"end":{"line":17,"column":1}}},"1":{"name":"getArticleDetail","decl":{"start":{"line":19,"column":22},"end":{"line":19,"column":38}},"loc":{"start":{"line":19,"column":86},"end":{"line":26,"column":1}}},"2":{"name":"createArticle","decl":{"start":{"line":28,"column":22},"end":{"line":28,"column":35}},"loc":{"start":{"line":28,"column":83},"end":{"line":39,"column":1}}},"3":{"name":"updateArticle","decl":{"start":{"line":41,"column":22},"end":{"line":41,"column":35}},"loc":{"start":{"line":41,"column":83},"end":{"line":62,"column":1}}},"4":{"name":"removeArticle","decl":{"start":{"line":64,"column":22},"end":{"line":64,"column":35}},"loc":{"start":{"line":64,"column":83},"end":{"line":79,"column":1}}}},"branchMap":{"0":{"loc":{"start":{"line":12,"column":17},"end":{"line":12,"column":60}},"type":"cond-expr","locations":[{"start":{"line":12,"column":34},"end":{"line":12,"column":56}},{"start":{"line":12,"column":59},"end":{"line":12,"column":60}}]},"1":{"loc":{"start":{"line":13,"column":21},"end":{"line":13,"column":73}},"type":"cond-expr","locations":[{"start":{"line":13,"column":42},"end":{"line":13,"column":68}},{"start":{"line":13,"column":71},"end":{"line":13,"column":73}}]},"2":{"loc":{"start":{"line":23,"column":4},"end":{"line":23,"column":65}},"type":"if","locations":[{"start":{"line":23,"column":4},"end":{"line":23,"column":65}},{"start":{},"end":{}}]},"3":{"loc":{"start":{"line":31,"column":38},"end":{"line":31,"column":52}},"type":"binary-expr","locations":[{"start":{"line":31,"column":38},"end":{"line":31,"column":46}},{"start":{"line":31,"column":50},"end":{"line":31,"column":52}}]},"4":{"loc":{"start":{"line":32,"column":4},"end":{"line":35,"column":5}},"type":"if","locations":[{"start":{"line":32,"column":4},"end":{"line":35,"column":5}},{"start":{},"end":{}}]},"5":{"loc":{"start":{"line":32,"column":8},"end":{"line":32,"column":86}},"type":"binary-expr","locations":[{"start":{"line":32,"column":8},"end":{"line":32,"column":14}},{"start":{"line":32,"column":18},"end":{"line":32,"column":26}},{"start":{"line":32,"column":30},"end":{"line":32,"column":55}},{"start":{"line":32,"column":59},"end":{"line":32,"column":86}}]},"6":{"loc":{"start":{"line":45,"column":38},"end":{"line":45,"column":52}},"type":"binary-expr","locations":[{"start":{"line":45,"column":38},"end":{"line":45,"column":46}},{"start":{"line":45,"column":50},"end":{"line":45,"column":52}}]},"7":{"loc":{"start":{"line":46,"column":4},"end":{"line":49,"column":5}},"type":"if","locations":[{"start":{"line":46,"column":4},"end":{"line":49,"column":5}},{"start":{},"end":{}}]},"8":{"loc":{"start":{"line":46,"column":8},"end":{"line":46,"column":102}},"type":"binary-expr","locations":[{"start":{"line":46,"column":8},"end":{"line":46,"column":36}},{"start":{"line":46,"column":40},"end":{"line":46,"column":70}},{"start":{"line":46,"column":74},"end":{"line":46,"column":102}}]},"9":{"loc":{"start":{"line":52,"column":4},"end":{"line":52,"column":69}},"type":"if","locations":[{"start":{"line":52,"column":4},"end":{"line":52,"column":69}},{"start":{},"end":{}}]},"10":{"loc":{"start":{"line":54,"column":4},"end":{"line":57,"column":5}},"type":"if","locations":[{"start":{"line":54,"column":4},"end":{"line":57,"column":5}},{"start":{},"end":{}}]},"11":{"loc":{"start":{"line":70,"column":4},"end":{"line":70,"column":69}},"type":"if","locations":[{"start":{"line":70,"column":4},"end":{"line":70,"column":69}},{"start":{},"end":{}}]},"12":{"loc":{"start":{"line":72,"column":4},"end":{"line":75,"column":5}},"type":"if","locations":[{"start":{"line":72,"column":4},"end":{"line":75,"column":5}},{"start":{},"end":{}}]}},"s":{"0":4,"1":4,"2":4,"3":4,"4":4,"5":4,"6":4,"7":4,"8":4,"9":4,"10":2,"11":2,"12":2,"13":2,"14":2,"15":0,"16":1,"17":1,"18":1,"19":1,"20":0,"21":1,"22":0,"23":4,"24":4,"25":4,"26":4,"27":1,"28":1,"29":3,"30":3,"31":0,"32":1,"33":1,"34":1,"35":1,"36":1,"37":0,"38":0,"39":1,"40":1,"41":0,"42":1,"43":0,"44":0,"45":1,"46":1,"47":0,"48":1,"49":1,"50":1,"51":1,"52":1,"53":0,"54":1,"55":0,"56":0,"57":1,"58":1,"59":0},"f":{"0":2,"1":1,"2":4,"3":1,"4":1},"b":{"0":[0,2],"1":[0,2],"2":[0,1],"3":[4,0],"4":[1,3],"5":[4,3,3,3],"6":[1,0],"7":[0,1],"8":[1,0,0],"9":[0,1],"10":[0,1],"11":[0,1],"12":[0,1]}}
,"C:\\Users\\plopl\\OneDrive\\바탕 화면\\codeIt\\2-sprint-mission\\2-sprint-mission5\\src\\articles\\articleRepository.ts": {"path":"C:\\Users\\plopl\\OneDrive\\바탕 화면\\codeIt\\2-sprint-mission\\2-sprint-mission5\\src\\articles\\articleRepository.ts","statementMap":{"0":{"start":{"line":1,"column":0},"end":{"line":1,"column":41}},"1":{"start":{"line":15,"column":17},"end":{"line":15,"column":38}},"2":{"start":{"line":16,"column":4},"end":{"line":29,"column":7}},"3":{"start":{"line":33,"column":4},"end":{"line":44,"column":7}},"4":{"start":{"line":48,"column":38},"end":{"line":48,"column":42}},"5":{"start":{"line":49,"column":4},"end":{"line":65,"column":7}},"6":{"start":{"line":70,"column":4},"end":{"line":82,"column":7}},"7":{"start":{"line":86,"column":4},"end":{"line":86,"column":51}},"8":{"start":{"line":13,"column":0},"end":{"line":13,"column":13}},"9":{"start":{"line":92,"column":0},"end":{"line":92,"column":39}}},"fnMap":{"0":{"name":"(anonymous_1)","decl":{"start":{"line":14,"column":2},"end":{"line":14,"column":7}},"loc":{"start":{"line":14,"column":36},"end":{"line":30,"column":3}}},"1":{"name":"(anonymous_2)","decl":{"start":{"line":32,"column":2},"end":{"line":32,"column":7}},"loc":{"start":{"line":32,"column":27},"end":{"line":45,"column":3}}},"2":{"name":"(anonymous_3)","decl":{"start":{"line":47,"column":2},"end":{"line":47,"column":7}},"loc":{"start":{"line":47,"column":94},"end":{"line":66,"column":3}}},"3":{"name":"(anonymous_4)","decl":{"start":{"line":68,"column":2},"end":{"line":68,"column":7}},"loc":{"start":{"line":68,"column":98},"end":{"line":83,"column":3}}},"4":{"name":"(anonymous_5)","decl":{"start":{"line":85,"column":2},"end":{"line":85,"column":7}},"loc":{"start":{"line":85,"column":25},"end":{"line":87,"column":3}}}},"branchMap":{"0":{"loc":{"start":{"line":14,"column":13},"end":{"line":14,"column":21}},"type":"default-arg","locations":[{"start":{"line":14,"column":20},"end":{"line":14,"column":21}}]},"1":{"loc":{"start":{"line":14,"column":23},"end":{"line":14,"column":36}},"type":"default-arg","locations":[{"start":{"line":14,"column":34},"end":{"line":14,"column":36}}]},"2":{"loc":{"start":{"line":53,"column":15},"end":{"line":53,"column":28}},"type":"binary-expr","locations":[{"start":{"line":53,"column":15},"end":{"line":53,"column":20}},{"start":{"line":53,"column":24},"end":{"line":53,"column":28}}]}},"s":{"0":4,"1":2,"2":2,"3":3,"4":3,"5":3,"6":1,"7":1,"8":4,"9":4},"f":{"0":2,"1":3,"2":3,"3":1,"4":1},"b":{"0":[0],"1":[0],"2":[3,3]}}
,"C:\\Users\\plopl\\OneDrive\\바탕 화면\\codeIt\\2-sprint-mission\\2-sprint-mission5\\src\\articles\\articleRouter.ts": {"path":"C:\\Users\\plopl\\OneDrive\\바탕 화면\\codeIt\\2-sprint-mission\\2-sprint-mission5\\src\\articles\\articleRouter.ts","statementMap":{"0":{"start":{"line":1,"column":0},"end":{"line":1,"column":33}},"1":{"start":{"line":2,"column":0},"end":{"line":2,"column":54}},"2":{"start":{"line":3,"column":0},"end":{"line":3,"column":null}},"3":{"start":{"line":11,"column":15},"end":{"line":11,"column":23}},"4":{"start":{"line":13,"column":0},"end":{"line":13,"column":32}},"5":{"start":{"line":14,"column":0},"end":{"line":14,"column":37}},"6":{"start":{"line":15,"column":0},"end":{"line":15,"column":50}},"7":{"start":{"line":16,"column":0},"end":{"line":16,"column":54}},"8":{"start":{"line":18,"column":0},"end":{"line":18,"column":55}},"9":{"start":{"line":20,"column":0},"end":{"line":20,"column":22}}},"fnMap":{},"branchMap":{},"s":{"0":4,"1":4,"2":4,"3":4,"4":4,"5":4,"6":4,"7":4,"8":4,"9":4},"f":{},"b":{}}
,"C:\\Users\\plopl\\OneDrive\\바탕 화면\\codeIt\\2-sprint-mission\\2-sprint-mission5\\src\\articles\\articleService.ts": {"path":"C:\\Users\\plopl\\OneDrive\\바탕 화면\\codeIt\\2-sprint-mission\\2-sprint-mission5\\src\\articles\\articleService.ts","statementMap":{"0":{"start":{"line":11,"column":0},"end":{"line":11,"column":56}},"1":{"start":{"line":14,"column":31},"end":{"line":14,"column":40}},"2":{"start":{"line":20,"column":4},"end":{"line":20,"column":51}},"3":{"start":{"line":24,"column":41},"end":{"line":24,"column":77}},"4":{"start":{"line":25,"column":4},"end":{"line":25,"column":59}},"5":{"start":{"line":25,"column":14},"end":{"line":25,"column":59}},"6":{"start":{"line":26,"column":4},"end":{"line":26,"column":15}},"7":{"start":{"line":30,"column":4},"end":{"line":30,"column":47}},"8":{"start":{"line":38,"column":4},"end":{"line":38,"column":51}},"9":{"start":{"line":42,"column":4},"end":{"line":42,"column":39}},"10":{"start":{"line":46,"column":4},"end":{"line":46,"column":58}},"11":{"start":{"line":46,"column":25},"end":{"line":46,"column":58}},"12":{"start":{"line":47,"column":26},"end":{"line":47,"column":84}},"13":{"start":{"line":48,"column":4},"end":{"line":48,"column":25}},"14":{"start":{"line":52,"column":4},"end":{"line":52,"column":62}},"15":{"start":{"line":52,"column":27},"end":{"line":52,"column":62}},"16":{"start":{"line":53,"column":26},"end":{"line":53,"column":84}},"17":{"start":{"line":54,"column":4},"end":{"line":54,"column":25}},"18":{"start":{"line":13,"column":0},"end":{"line":13,"column":21}}},"fnMap":{"0":{"name":"(anonymous_1)","decl":{"start":{"line":14,"column":2},"end":{"line":14,"column":31}},"loc":{"start":{"line":14,"column":40},"end":{"line":14,"column":44}}},"1":{"name":"(anonymous_2)","decl":{"start":{"line":16,"column":2},"end":{"line":16,"column":7}},"loc":{"start":{"line":18,"column":19},"end":{"line":21,"column":3}}},"2":{"name":"(anonymous_3)","decl":{"start":{"line":23,"column":2},"end":{"line":23,"column":7}},"loc":{"start":{"line":23,"column":42},"end":{"line":27,"column":3}}},"3":{"name":"(anonymous_4)","decl":{"start":{"line":29,"column":2},"end":{"line":29,"column":7}},"loc":{"start":{"line":29,"column":59},"end":{"line":31,"column":3}}},"4":{"name":"(anonymous_5)","decl":{"start":{"line":33,"column":2},"end":{"line":33,"column":7}},"loc":{"start":{"line":36,"column":32},"end":{"line":39,"column":3}}},"5":{"name":"(anonymous_6)","decl":{"start":{"line":41,"column":2},"end":{"line":41,"column":7}},"loc":{"start":{"line":41,"column":41},"end":{"line":43,"column":3}}},"6":{"name":"(anonymous_7)","decl":{"start":{"line":45,"column":2},"end":{"line":45,"column":7}},"loc":{"start":{"line":45,"column":39},"end":{"line":49,"column":3}}},"7":{"name":"(anonymous_8)","decl":{"start":{"line":51,"column":2},"end":{"line":51,"column":7}},"loc":{"start":{"line":51,"column":41},"end":{"line":55,"column":3}}}},"branchMap":{"0":{"loc":{"start":{"line":25,"column":4},"end":{"line":25,"column":59}},"type":"if","locations":[{"start":{"line":25,"column":4},"end":{"line":25,"column":59}},{"start":{},"end":{}}]},"1":{"loc":{"start":{"line":46,"column":4},"end":{"line":46,"column":58}},"type":"if","locations":[{"start":{"line":46,"column":4},"end":{"line":46,"column":58}},{"start":{},"end":{}}]},"2":{"loc":{"start":{"line":47,"column":26},"end":{"line":47,"column":84}},"type":"cond-expr","locations":[{"start":{"line":47,"column":50},"end":{"line":47,"column":80}},{"start":{"line":47,"column":83},"end":{"line":47,"column":84}}]},"3":{"loc":{"start":{"line":52,"column":4},"end":{"line":52,"column":62}},"type":"if","locations":[{"start":{"line":52,"column":4},"end":{"line":52,"column":62}},{"start":{},"end":{}}]},"4":{"loc":{"start":{"line":53,"column":26},"end":{"line":53,"column":84}},"type":"cond-expr","locations":[{"start":{"line":53,"column":50},"end":{"line":53,"column":80}},{"start":{"line":53,"column":83},"end":{"line":53,"column":84}}]}},"s":{"0":4,"1":4,"2":0,"3":0,"4":0,"5":0,"6":0,"7":0,"8":0,"9":0,"10":0,"11":0,"12":0,"13":0,"14":0,"15":0,"16":0,"17":0,"18":4},"f":{"0":4,"1":0,"2":0,"3":0,"4":0,"5":0,"6":0,"7":0},"b":{"0":[0,0],"1":[0,0],"2":[0,0],"3":[0,0],"4":[0,0]}}
,"C:\\Users\\plopl\\OneDrive\\바탕 화면\\codeIt\\2-sprint-mission\\2-sprint-mission5\\src\\auth\\auth.structs.ts": {"path":"C:\\Users\\plopl\\OneDrive\\바탕 화면\\codeIt\\2-sprint-mission\\2-sprint-mission5\\src\\auth\\auth.structs.ts","statementMap":{"0":{"start":{"line":1,"column":0},"end":{"line":1,"column":60}},"1":{"start":{"line":3,"column":13},"end":{"line":3,"column":75}},"2":{"start":{"line":4,"column":13},"end":{"line":4,"column":53}},"3":{"start":{"line":6,"column":13},"end":{"line":10,"column":3}},"4":{"start":{"line":12,"column":13},"end":{"line":15,"column":3}},"5":{"start":{"line":17,"column":13},"end":{"line":19,"column":3}}},"fnMap":{},"branchMap":{},"s":{"0":4,"1":4,"2":4,"3":4,"4":4,"5":4},"f":{},"b":{}}
,"C:\\Users\\plopl\\OneDrive\\바탕 화면\\codeIt\\2-sprint-mission\\2-sprint-mission5\\src\\auth\\authController.ts": {"path":"C:\\Users\\plopl\\OneDrive\\바탕 화면\\codeIt\\2-sprint-mission\\2-sprint-mission5\\src\\auth\\authController.ts","statementMap":{"0":{"start":{"line":14,"column":0},"end":{"line":14,"column":7}},"1":{"start":{"line":37,"column":0},"end":{"line":37,"column":7}},"2":{"start":{"line":2,"column":0},"end":{"line":2,"column":37}},"3":{"start":{"line":3,"column":0},"end":{"line":3,"column":69}},"4":{"start":{"line":4,"column":0},"end":{"line":4,"column":41}},"5":{"start":{"line":7,"column":2},"end":{"line":7,"column":51}},"6":{"start":{"line":10,"column":2},"end":{"line":10,"column":60}},"7":{"start":{"line":15,"column":2},"end":{"line":33,"column":3}},"8":{"start":{"line":16,"column":17},"end":{"line":16,"column":59}},"9":{"start":{"line":18,"column":7},"end":{"line":20,"column":29}},"10":{"start":{"line":21,"column":4},"end":{"line":21,"column":88}},"11":{"start":{"line":21,"column":34},"end":{"line":21,"column":88}},"12":{"start":{"line":23,"column":20},"end":{"line":23,"column":34}},"13":{"start":{"line":24,"column":4},"end":{"line":24,"column":50}},"14":{"start":{"line":27,"column":4},"end":{"line":29,"column":5}},"15":{"start":{"line":28,"column":6},"end":{"line":28,"column":75}},"16":{"start":{"line":30,"column":19},"end":{"line":30,"column":63}},"17":{"start":{"line":31,"column":4},"end":{"line":31,"column":93}},"18":{"start":{"line":31,"column":24},"end":{"line":31,"column":93}},"19":{"start":{"line":32,"column":4},"end":{"line":32,"column":12}},"20":{"start":{"line":38,"column":2},"end":{"line":58,"column":3}},"21":{"start":{"line":39,"column":17},"end":{"line":39,"column":56}},"22":{"start":{"line":41,"column":7},"end":{"line":44,"column":28}},"23":{"start":{"line":45,"column":4},"end":{"line":45,"column":87}},"24":{"start":{"line":45,"column":34},"end":{"line":45,"column":87}},"25":{"start":{"line":47,"column":19},"end":{"line":47,"column":33}},"26":{"start":{"line":48,"column":4},"end":{"line":48,"column":55}},"27":{"start":{"line":51,"column":4},"end":{"line":53,"column":5}},"28":{"start":{"line":52,"column":6},"end":{"line":52,"column":75}},"29":{"start":{"line":54,"column":19},"end":{"line":54,"column":63}},"30":{"start":{"line":55,"column":4},"end":{"line":55,"column":81}},"31":{"start":{"line":55,"column":24},"end":{"line":55,"column":81}},"32":{"start":{"line":56,"column":4},"end":{"line":56,"column":93}},"33":{"start":{"line":56,"column":24},"end":{"line":56,"column":93}},"34":{"start":{"line":57,"column":4},"end":{"line":57,"column":12}},"35":{"start":{"line":61,"column":0},"end":{"line":61,"column":33}}},"fnMap":{"0":{"name":"pickId","decl":{"start":{"line":6,"column":9},"end":{"line":6,"column":15}},"loc":{"start":{"line":6,"column":24},"end":{"line":8,"column":1}}},"1":{"name":"pickToken","decl":{"start":{"line":9,"column":9},"end":{"line":9,"column":18}},"loc":{"start":{"line":9,"column":27},"end":{"line":11,"column":1}}},"2":{"name":"signup","decl":{"start":{"line":14,"column":22},"end":{"line":14,"column":28}},"loc":{"start":{"line":14,"column":76},"end":{"line":34,"column":1}}},"3":{"name":"login","decl":{"start":{"line":37,"column":22},"end":{"line":37,"column":27}},"loc":{"start":{"line":37,"column":75},"end":{"line":59,"column":1}}}},"branchMap":{"0":{"loc":{"start":{"line":7,"column":9},"end":{"line":7,"column":50}},"type":"binary-expr","locations":[{"start":{"line":7,"column":9},"end":{"line":7,"column":16}},{"start":{"line":7,"column":20},"end":{"line":7,"column":33}},{"start":{"line":7,"column":37},"end":{"line":7,"column":50}}]},"1":{"loc":{"start":{"line":10,"column":9},"end":{"line":10,"column":59}},"type":"binary-expr","locations":[{"start":{"line":10,"column":9},"end":{"line":10,"column":19}},{"start":{"line":10,"column":23},"end":{"line":10,"column":39}},{"start":{"line":10,"column":43},"end":{"line":10,"column":59}}]},"2":{"loc":{"start":{"line":16,"column":24},"end":{"line":16,"column":38}},"type":"binary-expr","locations":[{"start":{"line":16,"column":24},"end":{"line":16,"column":32}},{"start":{"line":16,"column":36},"end":{"line":16,"column":38}}]},"3":{"loc":{"start":{"line":18,"column":7},"end":{"line":20,"column":29}},"type":"binary-expr","locations":[{"start":{"line":18,"column":7},"end":{"line":18,"column":29}},{"start":{"line":19,"column":7},"end":{"line":19,"column":31}},{"start":{"line":20,"column":7},"end":{"line":20,"column":29}}]},"4":{"loc":{"start":{"line":21,"column":4},"end":{"line":21,"column":88}},"type":"if","locations":[{"start":{"line":21,"column":4},"end":{"line":21,"column":88}},{"start":{},"end":{}}]},"5":{"loc":{"start":{"line":27,"column":4},"end":{"line":29,"column":5}},"type":"if","locations":[{"start":{"line":27,"column":4},"end":{"line":29,"column":5}},{"start":{},"end":{}}]},"6":{"loc":{"start":{"line":28,"column":45},"end":{"line":28,"column":71}},"type":"binary-expr","locations":[{"start":{"line":28,"column":45},"end":{"line":28,"column":54}},{"start":{"line":28,"column":58},"end":{"line":28,"column":71}}]},"7":{"loc":{"start":{"line":30,"column":19},"end":{"line":30,"column":63}},"type":"cond-expr","locations":[{"start":{"line":30,"column":51},"end":{"line":30,"column":59}},{"start":{"line":30,"column":62},"end":{"line":30,"column":63}}]},"8":{"loc":{"start":{"line":31,"column":4},"end":{"line":31,"column":93}},"type":"if","locations":[{"start":{"line":31,"column":4},"end":{"line":31,"column":93}},{"start":{},"end":{}}]},"9":{"loc":{"start":{"line":31,"column":63},"end":{"line":31,"column":89}},"type":"binary-expr","locations":[{"start":{"line":31,"column":63},"end":{"line":31,"column":72}},{"start":{"line":31,"column":76},"end":{"line":31,"column":89}}]},"10":{"loc":{"start":{"line":39,"column":24},"end":{"line":39,"column":38}},"type":"binary-expr","locations":[{"start":{"line":39,"column":24},"end":{"line":39,"column":32}},{"start":{"line":39,"column":36},"end":{"line":39,"column":38}}]},"11":{"loc":{"start":{"line":41,"column":7},"end":{"line":44,"column":28}},"type":"binary-expr","locations":[{"start":{"line":41,"column":7},"end":{"line":41,"column":28}},{"start":{"line":42,"column":7},"end":{"line":42,"column":29}},{"start":{"line":43,"column":7},"end":{"line":43,"column":29}},{"start":{"line":44,"column":7},"end":{"line":44,"column":28}}]},"12":{"loc":{"start":{"line":45,"column":4},"end":{"line":45,"column":87}},"type":"if","locations":[{"start":{"line":45,"column":4},"end":{"line":45,"column":87}},{"start":{},"end":{}}]},"13":{"loc":{"start":{"line":51,"column":4},"end":{"line":53,"column":5}},"type":"if","locations":[{"start":{"line":51,"column":4},"end":{"line":53,"column":5}},{"start":{},"end":{}}]},"14":{"loc":{"start":{"line":52,"column":45},"end":{"line":52,"column":71}},"type":"binary-expr","locations":[{"start":{"line":52,"column":45},"end":{"line":52,"column":54}},{"start":{"line":52,"column":58},"end":{"line":52,"column":71}}]},"15":{"loc":{"start":{"line":54,"column":19},"end":{"line":54,"column":63}},"type":"cond-expr","locations":[{"start":{"line":54,"column":51},"end":{"line":54,"column":59}},{"start":{"line":54,"column":62},"end":{"line":54,"column":63}}]},"16":{"loc":{"start":{"line":55,"column":4},"end":{"line":55,"column":81}},"type":"if","locations":[{"start":{"line":55,"column":4},"end":{"line":55,"column":81}},{"start":{},"end":{}}]},"17":{"loc":{"start":{"line":56,"column":4},"end":{"line":56,"column":93}},"type":"if","locations":[{"start":{"line":56,"column":4},"end":{"line":56,"column":93}},{"start":{},"end":{}}]},"18":{"loc":{"start":{"line":56,"column":63},"end":{"line":56,"column":89}},"type":"binary-expr","locations":[{"start":{"line":56,"column":63},"end":{"line":56,"column":72}},{"start":{"line":56,"column":76},"end":{"line":56,"column":89}}]}},"s":{"0":4,"1":4,"2":4,"3":4,"4":4,"5":9,"6":7,"7":9,"8":9,"9":9,"10":9,"11":0,"12":9,"13":9,"14":0,"15":0,"16":0,"17":0,"18":0,"19":0,"20":8,"21":8,"22":7,"23":7,"24":0,"25":7,"26":7,"27":1,"28":1,"29":0,"30":0,"31":0,"32":0,"33":0,"34":0,"35":4},"f":{"0":9,"1":7,"2":9,"3":8},"b":{"0":[9,0,0],"1":[7,0,0],"2":[9,0],"3":[9,0,0],"4":[0,9],"5":[0,0],"6":[0,0],"7":[0,0],"8":[0,0],"9":[0,0],"10":[8,0],"11":[7,0,0,0],"12":[0,7],"13":[1,0],"14":[1,0],"15":[0,0],"16":[0,0],"17":[0,0],"18":[0,0]}}
,"C:\\Users\\plopl\\OneDrive\\바탕 화면\\codeIt\\2-sprint-mission\\2-sprint-mission5\\src\\auth\\authRouter.ts": {"path":"C:\\Users\\plopl\\OneDrive\\바탕 화면\\codeIt\\2-sprint-mission\\2-sprint-mission5\\src\\auth\\authRouter.ts","statementMap":{"0":{"start":{"line":1,"column":0},"end":{"line":1,"column":30}},"1":{"start":{"line":2,"column":0},"end":{"line":2,"column":45}},"2":{"start":{"line":3,"column":0},"end":{"line":3,"column":54}},"3":{"start":{"line":4,"column":0},"end":{"line":4,"column":47}},"4":{"start":{"line":6,"column":19},"end":{"line":6,"column":35}},"5":{"start":{"line":16,"column":2},"end":{"line":19,"column":3}},"6":{"start":{"line":17,"column":16},"end":{"line":17,"column":37}},"7":{"start":{"line":18,"column":4},"end":{"line":18,"column":55}},"8":{"start":{"line":18,"column":34},"end":{"line":18,"column":55}},"9":{"start":{"line":20,"column":2},"end":{"line":20,"column":79}},"10":{"start":{"line":24,"column":0},"end":{"line":24,"column":85}},"11":{"start":{"line":25,"column":0},"end":{"line":25,"column":85}},"12":{"start":{"line":26,"column":0},"end":{"line":26,"column":91}},"13":{"start":{"line":29,"column":17},"end":{"line":29,"column":46}},"14":{"start":{"line":30,"column":0},"end":{"line":30,"column":83}},"15":{"start":{"line":30,"column":35},"end":{"line":30,"column":83}},"16":{"start":{"line":32,"column":16},"end":{"line":32,"column":44}},"17":{"start":{"line":33,"column":0},"end":{"line":34,"column":66}},"18":{"start":{"line":34,"column":2},"end":{"line":34,"column":66}},"19":{"start":{"line":36,"column":0},"end":{"line":36,"column":26}}},"fnMap":{"0":{"name":"pickHandler","decl":{"start":{"line":15,"column":9},"end":{"line":15,"column":20}},"loc":{"start":{"line":15,"column":39},"end":{"line":21,"column":1}}}},"branchMap":{"0":{"loc":{"start":{"line":18,"column":4},"end":{"line":18,"column":55}},"type":"if","locations":[{"start":{"line":18,"column":4},"end":{"line":18,"column":55}},{"start":{},"end":{}}]},"1":{"loc":{"start":{"line":30,"column":0},"end":{"line":30,"column":83}},"type":"if","locations":[{"start":{"line":30,"column":0},"end":{"line":30,"column":83}},{"start":{},"end":{}}]},"2":{"loc":{"start":{"line":33,"column":0},"end":{"line":34,"column":66}},"type":"if","locations":[{"start":{"line":33,"column":0},"end":{"line":34,"column":66}},{"start":{},"end":{}}]}},"s":{"0":4,"1":4,"2":4,"3":4,"4":4,"5":12,"6":16,"7":16,"8":12,"9":0,"10":4,"11":4,"12":4,"13":4,"14":4,"15":0,"16":4,"17":4,"18":0,"19":4},"f":{"0":12},"b":{"0":[12,4],"1":[0,4],"2":[0,4]}}
,"C:\\Users\\plopl\\OneDrive\\바탕 화면\\codeIt\\2-sprint-mission\\2-sprint-mission5\\src\\auth\\authService.ts": {"path":"C:\\Users\\plopl\\OneDrive\\바탕 화면\\codeIt\\2-sprint-mission\\2-sprint-mission5\\src\\auth\\authService.ts","statementMap":{"0":{"start":{"line":31,"column":0},"end":{"line":31,"column":7}},"1":{"start":{"line":55,"column":0},"end":{"line":55,"column":7}},"2":{"start":{"line":80,"column":0},"end":{"line":80,"column":16}},"3":{"start":{"line":2,"column":0},"end":{"line":2,"column":41}},"4":{"start":{"line":3,"column":0},"end":{"line":3,"column":31}},"5":{"start":{"line":4,"column":0},"end":{"line":4,"column":30}},"6":{"start":{"line":5,"column":0},"end":{"line":5,"column":64}},"7":{"start":{"line":8,"column":19},"end":{"line":8,"column":57}},"8":{"start":{"line":9,"column":23},"end":{"line":9,"column":27}},"9":{"start":{"line":28,"column":2},"end":{"line":28,"column":70}},"10":{"start":{"line":33,"column":17},"end":{"line":36,"column":4}},"11":{"start":{"line":37,"column":2},"end":{"line":37,"column":60}},"12":{"start":{"line":37,"column":14},"end":{"line":37,"column":60}},"13":{"start":{"line":39,"column":17},"end":{"line":39,"column":52}},"14":{"start":{"line":41,"column":15},"end":{"line":49,"column":4}},"15":{"start":{"line":52,"column":2},"end":{"line":52,"column":14}},"16":{"start":{"line":57,"column":15},"end":{"line":60,"column":4}},"17":{"start":{"line":63,"column":2},"end":{"line":65,"column":3}},"18":{"start":{"line":64,"column":4},"end":{"line":64,"column":61}},"19":{"start":{"line":68,"column":13},"end":{"line":68,"column":62}},"20":{"start":{"line":69,"column":2},"end":{"line":72,"column":3}},"21":{"start":{"line":71,"column":4},"end":{"line":71,"column":61}},"22":{"start":{"line":75,"column":16},"end":{"line":75,"column":67}},"23":{"start":{"line":76,"column":2},"end":{"line":76,"column":19}},"24":{"start":{"line":81,"column":2},"end":{"line":81,"column":102}}},"fnMap":{"0":{"name":"signToken","decl":{"start":{"line":27,"column":9},"end":{"line":27,"column":18}},"loc":{"start":{"line":27,"column":61},"end":{"line":29,"column":1}}},"1":{"name":"signup","decl":{"start":{"line":31,"column":22},"end":{"line":31,"column":28}},"loc":{"start":{"line":31,"column":43},"end":{"line":53,"column":1}}},"2":{"name":"login","decl":{"start":{"line":55,"column":22},"end":{"line":55,"column":27}},"loc":{"start":{"line":55,"column":41},"end":{"line":77,"column":1}}},"3":{"name":"verifyToken","decl":{"start":{"line":80,"column":16},"end":{"line":80,"column":27}},"loc":{"start":{"line":80,"column":41},"end":{"line":82,"column":1}}}},"branchMap":{"0":{"loc":{"start":{"line":8,"column":19},"end":{"line":8,"column":57}},"type":"binary-expr","locations":[{"start":{"line":8,"column":19},"end":{"line":8,"column":41}},{"start":{"line":8,"column":45},"end":{"line":8,"column":57}}]},"1":{"loc":{"start":{"line":37,"column":2},"end":{"line":37,"column":60}},"type":"if","locations":[{"start":{"line":37,"column":2},"end":{"line":37,"column":60}},{"start":{},"end":{}}]},"2":{"loc":{"start":{"line":46,"column":13},"end":{"line":46,"column":30}},"type":"binary-expr","locations":[{"start":{"line":46,"column":13},"end":{"line":46,"column":22}},{"start":{"line":46,"column":26},"end":{"line":46,"column":30}}]},"3":{"loc":{"start":{"line":63,"column":2},"end":{"line":65,"column":3}},"type":"if","locations":[{"start":{"line":63,"column":2},"end":{"line":65,"column":3}},{"start":{},"end":{}}]},"4":{"loc":{"start":{"line":69,"column":2},"end":{"line":72,"column":3}},"type":"if","locations":[{"start":{"line":69,"column":2},"end":{"line":72,"column":3}},{"start":{},"end":{}}]}},"s":{"0":4,"1":4,"2":4,"3":4,"4":4,"5":4,"6":4,"7":4,"8":4,"9":7,"10":9,"11":9,"12":0,"13":9,"14":9,"15":9,"16":7,"17":7,"18":0,"19":7,"20":7,"21":0,"22":7,"23":7,"24":0},"f":{"0":7,"1":9,"2":7,"3":0},"b":{"0":[4,0],"1":[0,9],"2":[9,9],"3":[0,7],"4":[0,7]}}
,"C:\\Users\\plopl\\OneDrive\\바탕 화면\\codeIt\\2-sprint-mission\\2-sprint-mission5\\src\\comments\\comment.struct.ts": {"path":"C:\\Users\\plopl\\OneDrive\\바탕 화면\\codeIt\\2-sprint-mission\\2-sprint-mission5\\src\\comments\\comment.struct.ts","statementMap":{"0":{"start":{"line":1,"column":0},"end":{"line":1,"column":87}},"1":{"start":{"line":3,"column":14},"end":{"line":3,"column":80}},"2":{"start":{"line":3,"column":40},"end":{"line":3,"column":79}},"3":{"start":{"line":5,"column":13},"end":{"line":9,"column":3}},"4":{"start":{"line":8,"column":55},"end":{"line":8,"column":64}},"5":{"start":{"line":11,"column":13},"end":{"line":13,"column":3}},"6":{"start":{"line":15,"column":13},"end":{"line":21,"column":3}},"7":{"start":{"line":16,"column":40},"end":{"line":16,"column":51}},"8":{"start":{"line":17,"column":44},"end":{"line":17,"column":56}},"9":{"start":{"line":19,"column":55},"end":{"line":19,"column":64}},"10":{"start":{"line":20,"column":55},"end":{"line":20,"column":64}},"11":{"start":{"line":23,"column":13},"end":{"line":25,"column":3}},"12":{"start":{"line":24,"column":38},"end":{"line":24,"column":47}}},"fnMap":{"0":{"name":"(anonymous_0)","decl":{"start":{"line":3,"column":14},"end":{"line":3,"column":15}},"loc":{"start":{"line":3,"column":40},"end":{"line":3,"column":79}}},"1":{"name":"(anonymous_1)","decl":{"start":{"line":8,"column":50},"end":{"line":8,"column":51}},"loc":{"start":{"line":8,"column":55},"end":{"line":8,"column":64}}},"2":{"name":"(anonymous_2)","decl":{"start":{"line":16,"column":35},"end":{"line":16,"column":36}},"loc":{"start":{"line":16,"column":40},"end":{"line":16,"column":51}}},"3":{"name":"(anonymous_3)","decl":{"start":{"line":17,"column":39},"end":{"line":17,"column":40}},"loc":{"start":{"line":17,"column":44},"end":{"line":17,"column":56}}},"4":{"name":"(anonymous_4)","decl":{"start":{"line":19,"column":50},"end":{"line":19,"column":51}},"loc":{"start":{"line":19,"column":55},"end":{"line":19,"column":64}}},"5":{"name":"(anonymous_5)","decl":{"start":{"line":20,"column":50},"end":{"line":20,"column":51}},"loc":{"start":{"line":20,"column":55},"end":{"line":20,"column":64}}},"6":{"name":"(anonymous_6)","decl":{"start":{"line":24,"column":33},"end":{"line":24,"column":34}},"loc":{"start":{"line":24,"column":38},"end":{"line":24,"column":47}}}},"branchMap":{"0":{"loc":{"start":{"line":3,"column":40},"end":{"line":3,"column":79}},"type":"cond-expr","locations":[{"start":{"line":3,"column":64},"end":{"line":3,"column":67}},{"start":{"line":3,"column":70},"end":{"line":3,"column":79}}]},"1":{"loc":{"start":{"line":3,"column":40},"end":{"line":3,"column":61}},"type":"binary-expr","locations":[{"start":{"line":3,"column":40},"end":{"line":3,"column":49}},{"start":{"line":3,"column":53},"end":{"line":3,"column":61}}]}},"s":{"0":4,"1":4,"2":0,"3":4,"4":0,"5":4,"6":4,"7":0,"8":0,"9":0,"10":0,"11":4,"12":0},"f":{"0":0,"1":0,"2":0,"3":0,"4":0,"5":0,"6":0},"b":{"0":[0,0],"1":[0,0]}}
,"C:\\Users\\plopl\\OneDrive\\바탕 화면\\codeIt\\2-sprint-mission\\2-sprint-mission5\\src\\comments\\commentController.ts": {"path":"C:\\Users\\plopl\\OneDrive\\바탕 화면\\codeIt\\2-sprint-mission\\2-sprint-mission5\\src\\comments\\commentController.ts","statementMap":{"0":{"start":{"line":23,"column":0},"end":{"line":23,"column":7}},"1":{"start":{"line":28,"column":0},"end":{"line":28,"column":7}},"2":{"start":{"line":33,"column":0},"end":{"line":33,"column":7}},"3":{"start":{"line":50,"column":0},"end":{"line":50,"column":7}},"4":{"start":{"line":57,"column":0},"end":{"line":57,"column":7}},"5":{"start":{"line":2,"column":0},"end":{"line":2,"column":37}},"6":{"start":{"line":3,"column":0},"end":{"line":3,"column":46}},"7":{"start":{"line":4,"column":0},"end":{"line":4,"column":62}},"8":{"start":{"line":5,"column":0},"end":{"line":5,"column":null}},"9":{"start":{"line":12,"column":16},"end":{"line":12,"column":65}},"10":{"start":{"line":15,"column":15},"end":{"line":15,"column":37}},"11":{"start":{"line":16,"column":13},"end":{"line":16,"column":54}},"12":{"start":{"line":17,"column":2},"end":{"line":17,"column":68}},"13":{"start":{"line":17,"column":10},"end":{"line":17,"column":68}},"14":{"start":{"line":18,"column":13},"end":{"line":18,"column":54}},"15":{"start":{"line":19,"column":2},"end":{"line":19,"column":68}},"16":{"start":{"line":19,"column":10},"end":{"line":19,"column":68}},"17":{"start":{"line":20,"column":2},"end":{"line":20,"column":12}},"18":{"start":{"line":24,"column":17},"end":{"line":24,"column":58}},"19":{"start":{"line":25,"column":2},"end":{"line":25,"column":34}},"20":{"start":{"line":29,"column":12},"end":{"line":29,"column":54}},"21":{"start":{"line":30,"column":2},"end":{"line":30,"column":34}},"22":{"start":{"line":34,"column":15},"end":{"line":34,"column":63}},"23":{"start":{"line":35,"column":18},"end":{"line":35,"column":38}},"24":{"start":{"line":37,"column":19},"end":{"line":37,"column":43}},"25":{"start":{"line":38,"column":21},"end":{"line":38,"column":59}},"26":{"start":{"line":39,"column":21},"end":{"line":39,"column":57}},"27":{"start":{"line":41,"column":2},"end":{"line":43,"column":3}},"28":{"start":{"line":42,"column":4},"end":{"line":42,"column":85}},"29":{"start":{"line":45,"column":14},"end":{"line":45,"column":61}},"30":{"start":{"line":46,"column":17},"end":{"line":46,"column":50}},"31":{"start":{"line":47,"column":2},"end":{"line":47,"column":31}},"32":{"start":{"line":51,"column":17},"end":{"line":51,"column":58}},"33":{"start":{"line":52,"column":16},"end":{"line":52,"column":57}},"34":{"start":{"line":53,"column":18},"end":{"line":53,"column":38}},"35":{"start":{"line":54,"column":2},"end":{"line":54,"column":52}},"36":{"start":{"line":58,"column":17},"end":{"line":58,"column":58}},"37":{"start":{"line":59,"column":18},"end":{"line":59,"column":38}},"38":{"start":{"line":60,"column":2},"end":{"line":60,"column":35}},"39":{"start":{"line":61,"column":2},"end":{"line":61,"column":25}}},"fnMap":{"0":{"name":"inferTargetFromPath","decl":{"start":{"line":14,"column":9},"end":{"line":14,"column":28}},"loc":{"start":{"line":14,"column":41},"end":{"line":21,"column":1}}},"1":{"name":"getComment","decl":{"start":{"line":23,"column":22},"end":{"line":23,"column":32}},"loc":{"start":{"line":23,"column":60},"end":{"line":26,"column":1}}},"2":{"name":"getCommentList","decl":{"start":{"line":28,"column":22},"end":{"line":28,"column":36}},"loc":{"start":{"line":28,"column":64},"end":{"line":31,"column":1}}},"3":{"name":"createComment","decl":{"start":{"line":33,"column":22},"end":{"line":33,"column":35}},"loc":{"start":{"line":33,"column":63},"end":{"line":48,"column":1}}},"4":{"name":"updateComment","decl":{"start":{"line":50,"column":22},"end":{"line":50,"column":35}},"loc":{"start":{"line":50,"column":63},"end":{"line":55,"column":1}}},"5":{"name":"deleteComment","decl":{"start":{"line":57,"column":22},"end":{"line":57,"column":35}},"loc":{"start":{"line":57,"column":63},"end":{"line":62,"column":1}}}},"branchMap":{"0":{"loc":{"start":{"line":17,"column":2},"end":{"line":17,"column":68}},"type":"if","locations":[{"start":{"line":17,"column":2},"end":{"line":17,"column":68}},{"start":{},"end":{}}]},"1":{"loc":{"start":{"line":19,"column":2},"end":{"line":19,"column":68}},"type":"if","locations":[{"start":{"line":19,"column":2},"end":{"line":19,"column":68}},{"start":{},"end":{}}]},"2":{"loc":{"start":{"line":38,"column":21},"end":{"line":38,"column":59}},"type":"binary-expr","locations":[{"start":{"line":38,"column":21},"end":{"line":38,"column":36}},{"start":{"line":38,"column":40},"end":{"line":38,"column":59}}]},"3":{"loc":{"start":{"line":39,"column":21},"end":{"line":39,"column":57}},"type":"binary-expr","locations":[{"start":{"line":39,"column":21},"end":{"line":39,"column":34}},{"start":{"line":39,"column":40},"end":{"line":39,"column":57}}]},"4":{"loc":{"start":{"line":41,"column":2},"end":{"line":43,"column":3}},"type":"if","locations":[{"start":{"line":41,"column":2},"end":{"line":43,"column":3}},{"start":{},"end":{}}]},"5":{"loc":{"start":{"line":41,"column":6},"end":{"line":41,"column":49}},"type":"binary-expr","locations":[{"start":{"line":41,"column":6},"end":{"line":41,"column":17}},{"start":{"line":41,"column":21},"end":{"line":41,"column":49}}]}},"s":{"0":4,"1":4,"2":4,"3":4,"4":4,"5":4,"6":4,"7":4,"8":4,"9":4,"10":0,"11":0,"12":0,"13":0,"14":0,"15":0,"16":0,"17":0,"18":0,"19":0,"20":0,"21":0,"22":0,"23":0,"24":0,"25":0,"26":0,"27":0,"28":0,"29":0,"30":0,"31":0,"32":0,"33":0,"34":0,"35":0,"36":0,"37":0,"38":0,"39":0},"f":{"0":0,"1":0,"2":0,"3":0,"4":0,"5":0},"b":{"0":[0,0],"1":[0,0],"2":[0,0],"3":[0,0],"4":[0,0],"5":[0,0]}}
,"C:\\Users\\plopl\\OneDrive\\바탕 화면\\codeIt\\2-sprint-mission\\2-sprint-mission5\\src\\comments\\commentRepository.ts": {"path":"C:\\Users\\plopl\\OneDrive\\바탕 화면\\codeIt\\2-sprint-mission\\2-sprint-mission5\\src\\comments\\commentRepository.ts","statementMap":{"0":{"start":{"line":1,"column":0},"end":{"line":1,"column":41}},"1":{"start":{"line":24,"column":4},"end":{"line":24,"column":56}},"2":{"start":{"line":28,"column":23},"end":{"line":28,"column":25}},"3":{"start":{"line":29,"column":4},"end":{"line":29,"column":58}},"4":{"start":{"line":29,"column":36},"end":{"line":29,"column":58}},"5":{"start":{"line":31,"column":4},"end":{"line":36,"column":5}},"6":{"start":{"line":32,"column":6},"end":{"line":33,"column":38}},"7":{"start":{"line":32,"column":36},"end":{"line":32,"column":63}},"8":{"start":{"line":33,"column":11},"end":{"line":33,"column":38}},"9":{"start":{"line":34,"column":11},"end":{"line":36,"column":5}},"10":{"start":{"line":35,"column":6},"end":{"line":35,"column":68}},"11":{"start":{"line":38,"column":27},"end":{"line":46,"column":6}},"12":{"start":{"line":47,"column":4},"end":{"line":47,"column":28}},"13":{"start":{"line":52,"column":6},"end":{"line":54,"column":82}},"14":{"start":{"line":56,"column":4},"end":{"line":56,"column":59}},"15":{"start":{"line":60,"column":4},"end":{"line":60,"column":65}},"16":{"start":{"line":64,"column":4},"end":{"line":64,"column":51}},"17":{"start":{"line":68,"column":4},"end":{"line":71,"column":5}},"18":{"start":{"line":69,"column":16},"end":{"line":69,"column":88}},"19":{"start":{"line":70,"column":6},"end":{"line":70,"column":17}},"20":{"start":{"line":72,"column":14},"end":{"line":72,"column":86}},"21":{"start":{"line":73,"column":4},"end":{"line":73,"column":15}},"22":{"start":{"line":77,"column":4},"end":{"line":80,"column":7}},"23":{"start":{"line":84,"column":4},"end":{"line":87,"column":7}},"24":{"start":{"line":22,"column":0},"end":{"line":22,"column":13}}},"fnMap":{"0":{"name":"(anonymous_1)","decl":{"start":{"line":23,"column":2},"end":{"line":23,"column":7}},"loc":{"start":{"line":23,"column":27},"end":{"line":25,"column":3}}},"1":{"name":"(anonymous_2)","decl":{"start":{"line":27,"column":2},"end":{"line":27,"column":7}},"loc":{"start":{"line":27,"column":83},"end":{"line":48,"column":3}}},"2":{"name":"(anonymous_3)","decl":{"start":{"line":50,"column":2},"end":{"line":50,"column":7}},"loc":{"start":{"line":50,"column":65},"end":{"line":57,"column":3}}},"3":{"name":"(anonymous_4)","decl":{"start":{"line":59,"column":2},"end":{"line":59,"column":7}},"loc":{"start":{"line":59,"column":57},"end":{"line":61,"column":3}}},"4":{"name":"(anonymous_5)","decl":{"start":{"line":63,"column":2},"end":{"line":63,"column":7}},"loc":{"start":{"line":63,"column":25},"end":{"line":65,"column":3}}},"5":{"name":"(anonymous_6)","decl":{"start":{"line":67,"column":2},"end":{"line":67,"column":7}},"loc":{"start":{"line":67,"column":60},"end":{"line":74,"column":3}}},"6":{"name":"(anonymous_7)","decl":{"start":{"line":76,"column":2},"end":{"line":76,"column":7}},"loc":{"start":{"line":76,"column":43},"end":{"line":81,"column":3}}},"7":{"name":"(anonymous_8)","decl":{"start":{"line":83,"column":2},"end":{"line":83,"column":7}},"loc":{"start":{"line":83,"column":43},"end":{"line":88,"column":3}}}},"branchMap":{"0":{"loc":{"start":{"line":29,"column":4},"end":{"line":29,"column":58}},"type":"if","locations":[{"start":{"line":29,"column":4},"end":{"line":29,"column":58}},{"start":{},"end":{}}]},"1":{"loc":{"start":{"line":31,"column":4},"end":{"line":36,"column":5}},"type":"if","locations":[{"start":{"line":31,"column":4},"end":{"line":36,"column":5}},{"start":{"line":34,"column":11},"end":{"line":36,"column":5}}]},"2":{"loc":{"start":{"line":31,"column":8},"end":{"line":31,"column":50}},"type":"binary-expr","locations":[{"start":{"line":31,"column":8},"end":{"line":31,"column":18}},{"start":{"line":31,"column":22},"end":{"line":31,"column":50}}]},"3":{"loc":{"start":{"line":32,"column":6},"end":{"line":33,"column":38}},"type":"if","locations":[{"start":{"line":32,"column":6},"end":{"line":33,"column":38}},{"start":{"line":33,"column":11},"end":{"line":33,"column":38}}]},"4":{"loc":{"start":{"line":34,"column":11},"end":{"line":36,"column":5}},"type":"if","locations":[{"start":{"line":34,"column":11},"end":{"line":36,"column":5}},{"start":{},"end":{}}]},"5":{"loc":{"start":{"line":34,"column":15},"end":{"line":34,"column":58}},"type":"binary-expr","locations":[{"start":{"line":34,"column":15},"end":{"line":34,"column":43}},{"start":{"line":34,"column":47},"end":{"line":34,"column":58}}]},"6":{"loc":{"start":{"line":52,"column":6},"end":{"line":54,"column":82}},"type":"cond-expr","locations":[{"start":{"line":53,"column":10},"end":{"line":53,"column":82}},{"start":{"line":54,"column":10},"end":{"line":54,"column":82}}]},"7":{"loc":{"start":{"line":68,"column":4},"end":{"line":71,"column":5}},"type":"if","locations":[{"start":{"line":68,"column":4},"end":{"line":71,"column":5}},{"start":{},"end":{}}]}},"s":{"0":4,"1":0,"2":0,"3":0,"4":0,"5":0,"6":0,"7":0,"8":0,"9":0,"10":0,"11":0,"12":0,"13":0,"14":0,"15":0,"16":0,"17":0,"18":0,"19":0,"20":0,"21":0,"22":0,"23":0,"24":4},"f":{"0":0,"1":0,"2":0,"3":0,"4":0,"5":0,"6":0,"7":0},"b":{"0":[0,0],"1":[0,0],"2":[0,0],"3":[0,0],"4":[0,0],"5":[0,0],"6":[0,0],"7":[0,0]}}
,"C:\\Users\\plopl\\OneDrive\\바탕 화면\\codeIt\\2-sprint-mission\\2-sprint-mission5\\src\\comments\\commentRouter.ts": {"path":"C:\\Users\\plopl\\OneDrive\\바탕 화면\\codeIt\\2-sprint-mission\\2-sprint-mission5\\src\\comments\\commentRouter.ts","statementMap":{"0":{"start":{"line":1,"column":0},"end":{"line":1,"column":30}},"1":{"start":{"line":2,"column":0},"end":{"line":2,"column":45}},"2":{"start":{"line":3,"column":0},"end":{"line":3,"column":80}},"3":{"start":{"line":4,"column":0},"end":{"line":4,"column":null}},"4":{"start":{"line":12,"column":23},"end":{"line":12,"column":39}},"5":{"start":{"line":14,"column":0},"end":{"line":14,"column":77}},"6":{"start":{"line":15,"column":0},"end":{"line":15,"column":76}},"7":{"start":{"line":16,"column":0},"end":{"line":16,"column":69}},"8":{"start":{"line":17,"column":0},"end":{"line":17,"column":73}},"9":{"start":{"line":18,"column":0},"end":{"line":18,"column":74}},"10":{"start":{"line":20,"column":0},"end":{"line":20,"column":30}}},"fnMap":{},"branchMap":{},"s":{"0":4,"1":4,"2":4,"3":4,"4":4,"5":4,"6":4,"7":4,"8":4,"9":4,"10":4},"f":{},"b":{}}
,"C:\\Users\\plopl\\OneDrive\\바탕 화면\\codeIt\\2-sprint-mission\\2-sprint-mission5\\src\\comments\\commentService.ts": {"path":"C:\\Users\\plopl\\OneDrive\\바탕 화면\\codeIt\\2-sprint-mission\\2-sprint-mission5\\src\\comments\\commentService.ts","statementMap":{"0":{"start":{"line":8,"column":0},"end":{"line":8,"column":56}},"1":{"start":{"line":9,"column":0},"end":{"line":9,"column":58}},"2":{"start":{"line":11,"column":0},"end":{"line":11,"column":71}},"3":{"start":{"line":12,"column":0},"end":{"line":12,"column":81}},"4":{"start":{"line":14,"column":28},"end":{"line":14,"column":81}},"5":{"start":{"line":17,"column":22},"end":{"line":17,"column":46}},"6":{"start":{"line":20,"column":4},"end":{"line":27,"column":6}},"7":{"start":{"line":31,"column":14},"end":{"line":31,"column":42}},"8":{"start":{"line":32,"column":4},"end":{"line":32,"column":57}},"9":{"start":{"line":32,"column":12},"end":{"line":32,"column":57}},"10":{"start":{"line":33,"column":4},"end":{"line":33,"column":25}},"11":{"start":{"line":37,"column":29},"end":{"line":37,"column":52}},"12":{"start":{"line":38,"column":4},"end":{"line":43,"column":6}},"13":{"start":{"line":39,"column":30},"end":{"line":39,"column":43}},"14":{"start":{"line":47,"column":15},"end":{"line":47,"column":73}},"15":{"start":{"line":48,"column":4},"end":{"line":52,"column":5}},"16":{"start":{"line":49,"column":6},"end":{"line":51,"column":8}},"17":{"start":{"line":54,"column":20},"end":{"line":54,"column":62}},"18":{"start":{"line":56,"column":4},"end":{"line":72,"column":5}},"19":{"start":{"line":57,"column":22},"end":{"line":57,"column":69}},"20":{"start":{"line":58,"column":6},"end":{"line":63,"column":7}},"21":{"start":{"line":59,"column":8},"end":{"line":62,"column":11}},"22":{"start":{"line":64,"column":11},"end":{"line":72,"column":5}},"23":{"start":{"line":65,"column":22},"end":{"line":65,"column":69}},"24":{"start":{"line":66,"column":6},"end":{"line":71,"column":7}},"25":{"start":{"line":67,"column":8},"end":{"line":70,"column":11}},"26":{"start":{"line":74,"column":4},"end":{"line":74,"column":31}},"27":{"start":{"line":78,"column":17},"end":{"line":78,"column":45}},"28":{"start":{"line":79,"column":4},"end":{"line":79,"column":60}},"29":{"start":{"line":79,"column":15},"end":{"line":79,"column":60}},"30":{"start":{"line":80,"column":4},"end":{"line":80,"column":70}},"31":{"start":{"line":80,"column":32},"end":{"line":80,"column":70}},"32":{"start":{"line":82,"column":20},"end":{"line":82,"column":53}},"33":{"start":{"line":83,"column":4},"end":{"line":83,"column":31}},"34":{"start":{"line":87,"column":17},"end":{"line":87,"column":45}},"35":{"start":{"line":88,"column":4},"end":{"line":88,"column":60}},"36":{"start":{"line":88,"column":15},"end":{"line":88,"column":60}},"37":{"start":{"line":89,"column":4},"end":{"line":89,"column":70}},"38":{"start":{"line":89,"column":32},"end":{"line":89,"column":70}},"39":{"start":{"line":90,"column":4},"end":{"line":90,"column":31}},"40":{"start":{"line":16,"column":0},"end":{"line":16,"column":21}}},"fnMap":{"0":{"name":"(anonymous_1)","decl":{"start":{"line":17,"column":2},"end":{"line":17,"column":22}},"loc":{"start":{"line":17,"column":46},"end":{"line":17,"column":50}}},"1":{"name":"(anonymous_2)","decl":{"start":{"line":19,"column":10},"end":{"line":19,"column":15}},"loc":{"start":{"line":19,"column":22},"end":{"line":28,"column":3}}},"2":{"name":"(anonymous_3)","decl":{"start":{"line":30,"column":2},"end":{"line":30,"column":7}},"loc":{"start":{"line":30,"column":22},"end":{"line":34,"column":3}}},"3":{"name":"(anonymous_4)","decl":{"start":{"line":36,"column":2},"end":{"line":36,"column":7}},"loc":{"start":{"line":36,"column":36},"end":{"line":44,"column":3}}},"4":{"name":"(anonymous_5)","decl":{"start":{"line":39,"column":23},"end":{"line":39,"column":24}},"loc":{"start":{"line":39,"column":30},"end":{"line":39,"column":43}}},"5":{"name":"(anonymous_6)","decl":{"start":{"line":46,"column":2},"end":{"line":46,"column":7}},"loc":{"start":{"line":46,"column":59},"end":{"line":75,"column":3}}},"6":{"name":"(anonymous_7)","decl":{"start":{"line":77,"column":2},"end":{"line":77,"column":7}},"loc":{"start":{"line":77,"column":73},"end":{"line":84,"column":3}}},"7":{"name":"(anonymous_8)","decl":{"start":{"line":86,"column":2},"end":{"line":86,"column":7}},"loc":{"start":{"line":86,"column":41},"end":{"line":91,"column":3}}}},"branchMap":{"0":{"loc":{"start":{"line":23,"column":18},"end":{"line":23,"column":40}},"type":"binary-expr","locations":[{"start":{"line":23,"column":18},"end":{"line":23,"column":28}},{"start":{"line":23,"column":32},"end":{"line":23,"column":40}}]},"1":{"loc":{"start":{"line":23,"column":52},"end":{"line":23,"column":74}},"type":"binary-expr","locations":[{"start":{"line":23,"column":52},"end":{"line":23,"column":68}},{"start":{"line":23,"column":72},"end":{"line":23,"column":74}}]},"2":{"loc":{"start":{"line":24,"column":17},"end":{"line":24,"column":36}},"type":"binary-expr","locations":[{"start":{"line":24,"column":17},"end":{"line":24,"column":28}},{"start":{"line":24,"column":32},"end":{"line":24,"column":36}}]},"3":{"loc":{"start":{"line":25,"column":17},"end":{"line":25,"column":36}},"type":"binary-expr","locations":[{"start":{"line":25,"column":17},"end":{"line":25,"column":28}},{"start":{"line":25,"column":32},"end":{"line":25,"column":36}}]},"4":{"loc":{"start":{"line":32,"column":4},"end":{"line":32,"column":57}},"type":"if","locations":[{"start":{"line":32,"column":4},"end":{"line":32,"column":57}},{"start":{},"end":{}}]},"5":{"loc":{"start":{"line":48,"column":4},"end":{"line":52,"column":5}},"type":"if","locations":[{"start":{"line":48,"column":4},"end":{"line":52,"column":5}},{"start":{},"end":{}}]},"6":{"loc":{"start":{"line":50,"column":8},"end":{"line":50,"column":80}},"type":"cond-expr","locations":[{"start":{"line":50,"column":39},"end":{"line":50,"column":58}},{"start":{"line":50,"column":61},"end":{"line":50,"column":80}}]},"7":{"loc":{"start":{"line":56,"column":4},"end":{"line":72,"column":5}},"type":"if","locations":[{"start":{"line":56,"column":4},"end":{"line":72,"column":5}},{"start":{"line":64,"column":11},"end":{"line":72,"column":5}}]},"8":{"loc":{"start":{"line":58,"column":6},"end":{"line":63,"column":7}},"type":"if","locations":[{"start":{"line":58,"column":6},"end":{"line":63,"column":7}},{"start":{},"end":{}}]},"9":{"loc":{"start":{"line":58,"column":10},"end":{"line":58,"column":48}},"type":"binary-expr","locations":[{"start":{"line":58,"column":10},"end":{"line":58,"column":17}},{"start":{"line":58,"column":21},"end":{"line":58,"column":48}}]},"10":{"loc":{"start":{"line":64,"column":11},"end":{"line":72,"column":5}},"type":"if","locations":[{"start":{"line":64,"column":11},"end":{"line":72,"column":5}},{"start":{},"end":{}}]},"11":{"loc":{"start":{"line":66,"column":6},"end":{"line":71,"column":7}},"type":"if","locations":[{"start":{"line":66,"column":6},"end":{"line":71,"column":7}},{"start":{},"end":{}}]},"12":{"loc":{"start":{"line":66,"column":10},"end":{"line":66,"column":46}},"type":"binary-expr","locations":[{"start":{"line":66,"column":10},"end":{"line":66,"column":17}},{"start":{"line":66,"column":21},"end":{"line":66,"column":46}}]},"13":{"loc":{"start":{"line":79,"column":4},"end":{"line":79,"column":60}},"type":"if","locations":[{"start":{"line":79,"column":4},"end":{"line":79,"column":60}},{"start":{},"end":{}}]},"14":{"loc":{"start":{"line":80,"column":4},"end":{"line":80,"column":70}},"type":"if","locations":[{"start":{"line":80,"column":4},"end":{"line":80,"column":70}},{"start":{},"end":{}}]},"15":{"loc":{"start":{"line":88,"column":4},"end":{"line":88,"column":60}},"type":"if","locations":[{"start":{"line":88,"column":4},"end":{"line":88,"column":60}},{"start":{},"end":{}}]},"16":{"loc":{"start":{"line":89,"column":4},"end":{"line":89,"column":70}},"type":"if","locations":[{"start":{"line":89,"column":4},"end":{"line":89,"column":70}},{"start":{},"end":{}}]}},"s":{"0":4,"1":4,"2":4,"3":4,"4":4,"5":4,"6":0,"7":0,"8":0,"9":0,"10":0,"11":0,"12":0,"13":0,"14":0,"15":0,"16":0,"17":0,"18":0,"19":0,"20":0,"21":0,"22":0,"23":0,"24":0,"25":0,"26":0,"27":0,"28":0,"29":0,"30":0,"31":0,"32":0,"33":0,"34":0,"35":0,"36":0,"37":0,"38":0,"39":0,"40":4},"f":{"0":4,"1":0,"2":0,"3":0,"4":0,"5":0,"6":0,"7":0},"b":{"0":[0,0],"1":[0,0],"2":[0,0],"3":[0,0],"4":[0,0],"5":[0,0],"6":[0,0],"7":[0,0],"8":[0,0],"9":[0,0],"10":[0,0],"11":[0,0],"12":[0,0],"13":[0,0],"14":[0,0],"15":[0,0],"16":[0,0]}}
,"C:\\Users\\plopl\\OneDrive\\바탕 화면\\codeIt\\2-sprint-mission\\2-sprint-mission5\\src\\images\\imageController.ts": {"path":"C:\\Users\\plopl\\OneDrive\\바탕 화면\\codeIt\\2-sprint-mission\\2-sprint-mission5\\src\\images\\imageController.ts","statementMap":{"0":{"start":{"line":33,"column":0},"end":{"line":33,"column":7}},"1":{"start":{"line":2,"column":0},"end":{"line":2,"column":28}},"2":{"start":{"line":3,"column":0},"end":{"line":3,"column":24}},"3":{"start":{"line":4,"column":0},"end":{"line":4,"column":36}},"4":{"start":{"line":5,"column":0},"end":{"line":5,"column":60}},"5":{"start":{"line":6,"column":0},"end":{"line":6,"column":60}},"6":{"start":{"line":8,"column":27},"end":{"line":8,"column":67}},"7":{"start":{"line":9,"column":24},"end":{"line":9,"column":39}},"8":{"start":{"line":11,"column":13},"end":{"line":31,"column":3}},"9":{"start":{"line":14,"column":6},"end":{"line":14,"column":28}},"10":{"start":{"line":17,"column":18},"end":{"line":17,"column":49}},"11":{"start":{"line":18,"column":23},"end":{"line":18,"column":42}},"12":{"start":{"line":19,"column":6},"end":{"line":19,"column":25}},"13":{"start":{"line":26,"column":4},"end":{"line":28,"column":5}},"14":{"start":{"line":27,"column":6},"end":{"line":27,"column":76}},"15":{"start":{"line":29,"column":4},"end":{"line":29,"column":19}},"16":{"start":{"line":34,"column":2},"end":{"line":36,"column":3}},"17":{"start":{"line":35,"column":4},"end":{"line":35,"column":60}},"18":{"start":{"line":38,"column":19},"end":{"line":38,"column":31}},"19":{"start":{"line":39,"column":15},"end":{"line":39,"column":30}},"20":{"start":{"line":40,"column":14},"end":{"line":40,"column":65}},"21":{"start":{"line":42,"column":2},"end":{"line":42,"column":32}}},"fnMap":{"0":{"name":"(anonymous_1)","decl":{"start":{"line":13,"column":4},"end":{"line":13,"column":15}},"loc":{"start":{"line":13,"column":29},"end":{"line":15,"column":5}}},"1":{"name":"(anonymous_2)","decl":{"start":{"line":16,"column":4},"end":{"line":16,"column":12}},"loc":{"start":{"line":16,"column":26},"end":{"line":20,"column":5}}},"2":{"name":"(anonymous_3)","decl":{"start":{"line":25,"column":2},"end":{"line":25,"column":12}},"loc":{"start":{"line":25,"column":26},"end":{"line":30,"column":3}}},"3":{"name":"uploadImage","decl":{"start":{"line":33,"column":22},"end":{"line":33,"column":33}},"loc":{"start":{"line":33,"column":61},"end":{"line":43,"column":1}}}},"branchMap":{"0":{"loc":{"start":{"line":26,"column":4},"end":{"line":28,"column":5}},"type":"if","locations":[{"start":{"line":26,"column":4},"end":{"line":28,"column":5}},{"start":{},"end":{}}]},"1":{"loc":{"start":{"line":34,"column":2},"end":{"line":36,"column":3}},"type":"if","locations":[{"start":{"line":34,"column":2},"end":{"line":36,"column":3}},{"start":{},"end":{}}]}},"s":{"0":0,"1":0,"2":0,"3":0,"4":0,"5":0,"6":0,"7":0,"8":0,"9":0,"10":0,"11":0,"12":0,"13":0,"14":0,"15":0,"16":0,"17":0,"18":0,"19":0,"20":0,"21":0},"f":{"0":0,"1":0,"2":0,"3":0},"b":{"0":[0,0],"1":[0,0]}}
,"C:\\Users\\plopl\\OneDrive\\바탕 화면\\codeIt\\2-sprint-mission\\2-sprint-mission5\\src\\images\\imageRouter.ts": {"path":"C:\\Users\\plopl\\OneDrive\\바탕 화면\\codeIt\\2-sprint-mission\\2-sprint-mission5\\src\\images\\imageRouter.ts","statementMap":{"0":{"start":{"line":1,"column":0},"end":{"line":1,"column":33}},"1":{"start":{"line":2,"column":0},"end":{"line":2,"column":28}},"2":{"start":{"line":3,"column":0},"end":{"line":3,"column":24}},"3":{"start":{"line":5,"column":16},"end":{"line":13,"column":2}},"4":{"start":{"line":7,"column":4},"end":{"line":7,"column":52}},"5":{"start":{"line":10,"column":25},"end":{"line":10,"column":75}},"6":{"start":{"line":11,"column":4},"end":{"line":11,"column":61}},"7":{"start":{"line":15,"column":15},"end":{"line":15,"column":34}},"8":{"start":{"line":16,"column":21},"end":{"line":16,"column":29}},"9":{"start":{"line":19,"column":0},"end":{"line":22,"column":3}},"10":{"start":{"line":20,"column":14},"end":{"line":20,"column":46}},"11":{"start":{"line":21,"column":2},"end":{"line":21,"column":20}},"12":{"start":{"line":25,"column":0},"end":{"line":28,"column":3}},"13":{"start":{"line":26,"column":16},"end":{"line":26,"column":86}},"14":{"start":{"line":26,"column":61},"end":{"line":26,"column":85}},"15":{"start":{"line":27,"column":2},"end":{"line":27,"column":21}},"16":{"start":{"line":30,"column":0},"end":{"line":30,"column":28}}},"fnMap":{"0":{"name":"(anonymous_1)","decl":{"start":{"line":6,"column":15},"end":{"line":6,"column":16}},"loc":{"start":{"line":6,"column":33},"end":{"line":8,"column":3}}},"1":{"name":"(anonymous_2)","decl":{"start":{"line":9,"column":12},"end":{"line":9,"column":13}},"loc":{"start":{"line":9,"column":30},"end":{"line":12,"column":3}}},"2":{"name":"(anonymous_3)","decl":{"start":{"line":19,"column":53},"end":{"line":19,"column":54}},"loc":{"start":{"line":19,"column":66},"end":{"line":22,"column":1}}},"3":{"name":"(anonymous_4)","decl":{"start":{"line":25,"column":58},"end":{"line":25,"column":59}},"loc":{"start":{"line":25,"column":71},"end":{"line":28,"column":1}}},"4":{"name":"(anonymous_5)","decl":{"start":{"line":26,"column":56},"end":{"line":26,"column":57}},"loc":{"start":{"line":26,"column":61},"end":{"line":26,"column":85}}}},"branchMap":{},"s":{"0":4,"1":4,"2":4,"3":4,"4":0,"5":0,"6":0,"7":4,"8":4,"9":4,"10":0,"11":0,"12":4,"13":0,"14":0,"15":0,"16":4},"f":{"0":0,"1":0,"2":0,"3":0,"4":0},"b":{}}
,"C:\\Users\\plopl\\OneDrive\\바탕 화면\\codeIt\\2-sprint-mission\\2-sprint-mission5\\src\\lib\\commonStructs.ts": {"path":"C:\\Users\\plopl\\OneDrive\\바탕 화면\\codeIt\\2-sprint-mission\\2-sprint-mission5\\src\\lib\\commonStructs.ts","statementMap":{"0":{"start":{"line":1,"column":0},"end":{"line":1,"column":null}},"1":{"start":{"line":5,"column":14},"end":{"line":6,"column":41}},"2":{"start":{"line":6,"column":2},"end":{"line":6,"column":41}},"3":{"start":{"line":8,"column":13},"end":{"line":10,"column":3}},"4":{"start":{"line":9,"column":40},"end":{"line":9,"column":49}},"5":{"start":{"line":12,"column":13},"end":{"line":24,"column":3}},"6":{"start":{"line":13,"column":42},"end":{"line":13,"column":53}},"7":{"start":{"line":14,"column":46},"end":{"line":14,"column":58}},"8":{"start":{"line":15,"column":54},"end":{"line":15,"column":70}},"9":{"start":{"line":26,"column":13},"end":{"line":30,"column":3}},"10":{"start":{"line":27,"column":53},"end":{"line":27,"column":62}},"11":{"start":{"line":28,"column":42},"end":{"line":28,"column":54}},"12":{"start":{"line":29,"column":52},"end":{"line":29,"column":61}}},"fnMap":{"0":{"name":"(anonymous_0)","decl":{"start":{"line":5,"column":14},"end":{"line":5,"column":15}},"loc":{"start":{"line":6,"column":2},"end":{"line":6,"column":41}}},"1":{"name":"(anonymous_1)","decl":{"start":{"line":9,"column":33},"end":{"line":9,"column":34}},"loc":{"start":{"line":9,"column":40},"end":{"line":9,"column":49}}},"2":{"name":"(anonymous_2)","decl":{"start":{"line":13,"column":35},"end":{"line":13,"column":36}},"loc":{"start":{"line":13,"column":42},"end":{"line":13,"column":53}}},"3":{"name":"(anonymous_3)","decl":{"start":{"line":14,"column":39},"end":{"line":14,"column":40}},"loc":{"start":{"line":14,"column":46},"end":{"line":14,"column":58}}},"4":{"name":"(anonymous_4)","decl":{"start":{"line":15,"column":47},"end":{"line":15,"column":48}},"loc":{"start":{"line":15,"column":54},"end":{"line":15,"column":70}}},"5":{"name":"(anonymous_5)","decl":{"start":{"line":27,"column":46},"end":{"line":27,"column":47}},"loc":{"start":{"line":27,"column":53},"end":{"line":27,"column":62}}},"6":{"name":"(anonymous_6)","decl":{"start":{"line":28,"column":35},"end":{"line":28,"column":36}},"loc":{"start":{"line":28,"column":42},"end":{"line":28,"column":54}}},"7":{"name":"(anonymous_7)","decl":{"start":{"line":29,"column":45},"end":{"line":29,"column":46}},"loc":{"start":{"line":29,"column":52},"end":{"line":29,"column":61}}}},"branchMap":{"0":{"loc":{"start":{"line":6,"column":2},"end":{"line":6,"column":41}},"type":"cond-expr","locations":[{"start":{"line":6,"column":26},"end":{"line":6,"column":29}},{"start":{"line":6,"column":32},"end":{"line":6,"column":41}}]},"1":{"loc":{"start":{"line":6,"column":2},"end":{"line":6,"column":23}},"type":"binary-expr","locations":[{"start":{"line":6,"column":2},"end":{"line":6,"column":11}},{"start":{"line":6,"column":15},"end":{"line":6,"column":23}}]},"2":{"loc":{"start":{"line":15,"column":55},"end":{"line":15,"column":62}},"type":"binary-expr","locations":[{"start":{"line":15,"column":55},"end":{"line":15,"column":56}},{"start":{"line":15,"column":60},"end":{"line":15,"column":62}}]}},"s":{"0":0,"1":0,"2":0,"3":0,"4":0,"5":0,"6":0,"7":0,"8":0,"9":0,"10":0,"11":0,"12":0},"f":{"0":0,"1":0,"2":0,"3":0,"4":0,"5":0,"6":0,"7":0},"b":{"0":[0,0],"1":[0,0],"2":[0,0]}}
,"C:\\Users\\plopl\\OneDrive\\바탕 화면\\codeIt\\2-sprint-mission\\2-sprint-mission5\\src\\lib\\constants.ts": {"path":"C:\\Users\\plopl\\OneDrive\\바탕 화면\\codeIt\\2-sprint-mission\\2-sprint-mission5\\src\\lib\\constants.ts","statementMap":{"0":{"start":{"line":1,"column":0},"end":{"line":1,"column":28}},"1":{"start":{"line":2,"column":0},"end":{"line":2,"column":24}},"2":{"start":{"line":3,"column":0},"end":{"line":3,"column":60}},"3":{"start":{"line":5,"column":13},"end":{"line":5,"column":53}},"4":{"start":{"line":6,"column":13},"end":{"line":6,"column":65}},"5":{"start":{"line":7,"column":13},"end":{"line":7,"column":39}},"6":{"start":{"line":8,"column":13},"end":{"line":8,"column":70}},"7":{"start":{"line":9,"column":13},"end":{"line":9,"column":65}},"8":{"start":{"line":10,"column":13},"end":{"line":10,"column":100}},"9":{"start":{"line":11,"column":13},"end":{"line":11,"column":85}}},"fnMap":{},"branchMap":{"0":{"loc":{"start":{"line":5,"column":27},"end":{"line":5,"column":51}},"type":"binary-expr","locations":[{"start":{"line":5,"column":27},"end":{"line":5,"column":43}},{"start":{"line":5,"column":47},"end":{"line":5,"column":51}}]},"1":{"loc":{"start":{"line":8,"column":26},"end":{"line":8,"column":69}},"type":"binary-expr","locations":[{"start":{"line":8,"column":26},"end":{"line":8,"column":48}},{"start":{"line":8,"column":52},"end":{"line":8,"column":69}}]},"2":{"loc":{"start":{"line":9,"column":30},"end":{"line":9,"column":64}},"type":"binary-expr","locations":[{"start":{"line":9,"column":30},"end":{"line":9,"column":56}},{"start":{"line":9,"column":60},"end":{"line":9,"column":64}}]},"3":{"loc":{"start":{"line":10,"column":36},"end":{"line":10,"column":99}},"type":"binary-expr","locations":[{"start":{"line":10,"column":36},"end":{"line":10,"column":68}},{"start":{"line":10,"column":72},"end":{"line":10,"column":99}}]},"4":{"loc":{"start":{"line":11,"column":40},"end":{"line":11,"column":84}},"type":"binary-expr","locations":[{"start":{"line":11,"column":40},"end":{"line":11,"column":76}},{"start":{"line":11,"column":80},"end":{"line":11,"column":84}}]}},"s":{"0":0,"1":0,"2":0,"3":0,"4":0,"5":0,"6":0,"7":0,"8":0,"9":0},"f":{},"b":{"0":[0,0],"1":[0,0],"2":[0,0],"3":[0,0],"4":[0,0]}}
,"C:\\Users\\plopl\\OneDrive\\바탕 화면\\codeIt\\2-sprint-mission\\2-sprint-mission5\\src\\lib\\errorController.ts": {"path":"C:\\Users\\plopl\\OneDrive\\바탕 화면\\codeIt\\2-sprint-mission\\2-sprint-mission5\\src\\lib\\errorController.ts","statementMap":{"0":{"start":{"line":5,"column":0},"end":{"line":5,"column":16}},"1":{"start":{"line":11,"column":0},"end":{"line":11,"column":16}},"2":{"start":{"line":6,"column":17},"end":{"line":6,"column":46}},"3":{"start":{"line":7,"column":18},"end":{"line":7,"column":56}},"4":{"start":{"line":8,"column":2},"end":{"line":8,"column":108}},"5":{"start":{"line":12,"column":2},"end":{"line":12,"column":49}}},"fnMap":{"0":{"name":"errorHandler","decl":{"start":{"line":5,"column":16},"end":{"line":5,"column":28}},"loc":{"start":{"line":5,"column":87},"end":{"line":9,"column":1}}},"1":{"name":"defaultNotFoundHandler","decl":{"start":{"line":11,"column":16},"end":{"line":11,"column":38}},"loc":{"start":{"line":11,"column":66},"end":{"line":13,"column":1}}}},"branchMap":{"0":{"loc":{"start":{"line":6,"column":17},"end":{"line":6,"column":46}},"type":"binary-expr","locations":[{"start":{"line":6,"column":17},"end":{"line":6,"column":27}},{"start":{"line":6,"column":31},"end":{"line":6,"column":39}},{"start":{"line":6,"column":43},"end":{"line":6,"column":46}}]},"1":{"loc":{"start":{"line":7,"column":18},"end":{"line":7,"column":56}},"type":"binary-expr","locations":[{"start":{"line":7,"column":18},"end":{"line":7,"column":29}},{"start":{"line":7,"column":33},"end":{"line":7,"column":56}}]},"2":{"loc":{"start":{"line":8,"column":41},"end":{"line":8,"column":103}},"type":"binary-expr","locations":[{"start":{"line":8,"column":41},"end":{"line":8,"column":79}},{"start":{"line":8,"column":83},"end":{"line":8,"column":103}}]}},"s":{"0":0,"1":0,"2":0,"3":0,"4":0,"5":0},"f":{"0":0,"1":0},"b":{"0":[0,0,0],"1":[0,0],"2":[0,0]}}
,"C:\\Users\\plopl\\OneDrive\\바탕 화면\\codeIt\\2-sprint-mission\\2-sprint-mission5\\src\\lib\\jwt.ts": {"path":"C:\\Users\\plopl\\OneDrive\\바탕 화면\\codeIt\\2-sprint-mission\\2-sprint-mission5\\src\\lib\\jwt.ts","statementMap":{"0":{"start":{"line":19,"column":0},"end":{"line":19,"column":16}},"1":{"start":{"line":23,"column":0},"end":{"line":23,"column":16}},"2":{"start":{"line":27,"column":0},"end":{"line":27,"column":16}},"3":{"start":{"line":31,"column":0},"end":{"line":31,"column":16}},"4":{"start":{"line":35,"column":0},"end":{"line":35,"column":16}},"5":{"start":{"line":39,"column":0},"end":{"line":39,"column":16}},"6":{"start":{"line":45,"column":0},"end":{"line":45,"column":16}},"7":{"start":{"line":49,"column":0},"end":{"line":49,"column":16}},"8":{"start":{"line":1,"column":0},"end":{"line":1,"column":60}},"9":{"start":{"line":3,"column":19},"end":{"line":3,"column":57}},"10":{"start":{"line":4,"column":27},"end":{"line":4,"column":71}},"11":{"start":{"line":5,"column":27},"end":{"line":5,"column":65}},"12":{"start":{"line":6,"column":28},"end":{"line":6,"column":66}},"13":{"start":{"line":20,"column":2},"end":{"line":20,"column":82}},"14":{"start":{"line":24,"column":2},"end":{"line":24,"column":91}},"15":{"start":{"line":28,"column":2},"end":{"line":28,"column":56}},"16":{"start":{"line":32,"column":2},"end":{"line":32,"column":65}},"17":{"start":{"line":36,"column":2},"end":{"line":36,"column":39}},"18":{"start":{"line":40,"column":2},"end":{"line":40,"column":32}},"19":{"start":{"line":40,"column":13},"end":{"line":40,"column":32}},"20":{"start":{"line":41,"column":32},"end":{"line":41,"column":43}},"21":{"start":{"line":42,"column":2},"end":{"line":42,"column":14}},"22":{"start":{"line":46,"column":2},"end":{"line":46,"column":55}},"23":{"start":{"line":50,"column":2},"end":{"line":50,"column":60}}},"fnMap":{"0":{"name":"signAccessToken","decl":{"start":{"line":19,"column":16},"end":{"line":19,"column":31}},"loc":{"start":{"line":19,"column":78},"end":{"line":21,"column":1}}},"1":{"name":"signRefreshToken","decl":{"start":{"line":23,"column":16},"end":{"line":23,"column":32}},"loc":{"start":{"line":23,"column":80},"end":{"line":25,"column":1}}},"2":{"name":"verifyAccessToken","decl":{"start":{"line":27,"column":16},"end":{"line":27,"column":33}},"loc":{"start":{"line":27,"column":47},"end":{"line":29,"column":1}}},"3":{"name":"verifyRefreshToken","decl":{"start":{"line":31,"column":16},"end":{"line":31,"column":34}},"loc":{"start":{"line":31,"column":48},"end":{"line":33,"column":1}}},"4":{"name":"decodeToken","decl":{"start":{"line":35,"column":16},"end":{"line":35,"column":27}},"loc":{"start":{"line":35,"column":54},"end":{"line":37,"column":1}}},"5":{"name":"sanitizeUser","decl":{"start":{"line":39,"column":16},"end":{"line":39,"column":28}},"loc":{"start":{"line":39,"column":76},"end":{"line":43,"column":1}}},"6":{"name":"verifyJwt","decl":{"start":{"line":45,"column":16},"end":{"line":45,"column":25}},"loc":{"start":{"line":45,"column":55},"end":{"line":47,"column":1}}},"7":{"name":"signJwt","decl":{"start":{"line":49,"column":16},"end":{"line":49,"column":23}},"loc":{"start":{"line":49,"column":69},"end":{"line":51,"column":1}}}},"branchMap":{"0":{"loc":{"start":{"line":3,"column":19},"end":{"line":3,"column":57}},"type":"binary-expr","locations":[{"start":{"line":3,"column":19},"end":{"line":3,"column":41}},{"start":{"line":3,"column":45},"end":{"line":3,"column":57}}]},"1":{"loc":{"start":{"line":4,"column":27},"end":{"line":4,"column":71}},"type":"binary-expr","locations":[{"start":{"line":4,"column":27},"end":{"line":4,"column":57}},{"start":{"line":4,"column":61},"end":{"line":4,"column":71}}]},"2":{"loc":{"start":{"line":5,"column":27},"end":{"line":5,"column":65}},"type":"binary-expr","locations":[{"start":{"line":5,"column":27},"end":{"line":5,"column":56}},{"start":{"line":5,"column":60},"end":{"line":5,"column":65}}]},"3":{"loc":{"start":{"line":6,"column":28},"end":{"line":6,"column":66}},"type":"binary-expr","locations":[{"start":{"line":6,"column":28},"end":{"line":6,"column":58}},{"start":{"line":6,"column":62},"end":{"line":6,"column":66}}]},"4":{"loc":{"start":{"line":19,"column":56},"end":{"line":19,"column":78}},"type":"default-arg","locations":[{"start":{"line":19,"column":76},"end":{"line":19,"column":78}}]},"5":{"loc":{"start":{"line":23,"column":58},"end":{"line":23,"column":80}},"type":"default-arg","locations":[{"start":{"line":23,"column":78},"end":{"line":23,"column":80}}]},"6":{"loc":{"start":{"line":40,"column":2},"end":{"line":40,"column":32}},"type":"if","locations":[{"start":{"line":40,"column":2},"end":{"line":40,"column":32}},{"start":{},"end":{}}]},"7":{"loc":{"start":{"line":49,"column":45},"end":{"line":49,"column":69}},"type":"default-arg","locations":[{"start":{"line":49,"column":65},"end":{"line":49,"column":69}}]}},"s":{"0":4,"1":4,"2":4,"3":4,"4":4,"5":4,"6":4,"7":4,"8":4,"9":4,"10":4,"11":4,"12":4,"13":0,"14":0,"15":0,"16":0,"17":0,"18":0,"19":0,"20":0,"21":0,"22":0,"23":0},"f":{"0":0,"1":0,"2":0,"3":0,"4":0,"5":0,"6":0,"7":0},"b":{"0":[4,0],"1":[4,4],"2":[4,4],"3":[4,4],"4":[0],"5":[0],"6":[0,0],"7":[0]}}
,"C:\\Users\\plopl\\OneDrive\\바탕 화면\\codeIt\\2-sprint-mission\\2-sprint-mission5\\src\\lib\\prismaClient.ts": {"path":"C:\\Users\\plopl\\OneDrive\\바탕 화면\\codeIt\\2-sprint-mission\\2-sprint-mission5\\src\\lib\\prismaClient.ts","statementMap":{"0":{"start":{"line":22,"column":0},"end":{"line":22,"column":7}},"1":{"start":{"line":2,"column":0},"end":{"line":2,"column":54}},"2":{"start":{"line":4,"column":15},"end":{"line":4,"column":52}},"3":{"start":{"line":7,"column":2},"end":{"line":7,"column":65}},"4":{"start":{"line":10,"column":10},"end":{"line":10,"column":36}},"5":{"start":{"line":12,"column":13},"end":{"line":16,"column":5}},"6":{"start":{"line":18,"column":0},"end":{"line":18,"column":35}},"7":{"start":{"line":18,"column":13},"end":{"line":18,"column":35}},"8":{"start":{"line":20,"column":0},"end":{"line":20,"column":22}},"9":{"start":{"line":23,"column":2},"end":{"line":23,"column":29}}},"fnMap":{"0":{"name":"disconnect","decl":{"start":{"line":22,"column":22},"end":{"line":22,"column":32}},"loc":{"start":{"line":22,"column":32},"end":{"line":24,"column":1}}}},"branchMap":{"0":{"loc":{"start":{"line":7,"column":2},"end":{"line":7,"column":65}},"type":"cond-expr","locations":[{"start":{"line":7,"column":36},"end":{"line":7,"column":45}},{"start":{"line":7,"column":48},"end":{"line":7,"column":65}}]},"1":{"loc":{"start":{"line":13,"column":2},"end":{"line":16,"column":4}},"type":"binary-expr","locations":[{"start":{"line":13,"column":2},"end":{"line":13,"column":14}},{"start":{"line":14,"column":2},"end":{"line":16,"column":4}}]},"2":{"loc":{"start":{"line":18,"column":0},"end":{"line":18,"column":35}},"type":"if","locations":[{"start":{"line":18,"column":0},"end":{"line":18,"column":35}},{"start":{},"end":{}}]}},"s":{"0":4,"1":4,"2":4,"3":4,"4":4,"5":4,"6":4,"7":4,"8":4,"9":0},"f":{"0":0},"b":{"0":[4,0],"1":[4,4],"2":[4,0]}}
,"C:\\Users\\plopl\\OneDrive\\바탕 화면\\codeIt\\2-sprint-mission\\2-sprint-mission5\\src\\lib\\struct.ts": {"path":"C:\\Users\\plopl\\OneDrive\\바탕 화면\\codeIt\\2-sprint-mission\\2-sprint-mission5\\src\\lib\\struct.ts","statementMap":{"0":{"start":{"line":3,"column":0},"end":{"line":3,"column":16}},"1":{"start":{"line":1,"column":0},"end":{"line":1,"column":61}},"2":{"start":{"line":4,"column":2},"end":{"line":4,"column":32}}},"fnMap":{"0":{"name":"create","decl":{"start":{"line":3,"column":16},"end":{"line":3,"column":22}},"loc":{"start":{"line":3,"column":64},"end":{"line":5,"column":1}}}},"branchMap":{},"s":{"0":0,"1":0,"2":0},"f":{"0":0},"b":{}}
[...]
21}},"type":"binary-expr","locations":[{"start":{"line":19,"column":6},"end":{"line":19,"column":19}},{"start":{"line":20,"column":6},"end":{"line":20,"column":17}},{"start":{"line":21,"column":6},"end":{"line":21,"column":18}},{"start":{"line":22,"column":6},"end":{"line":22,"column":21}}]},"1":{"loc":{"start":{"line":30,"column":4},"end":{"line":30,"column":70}},"type":"if","locations":[{"start":{"line":30,"column":4},"end":{"line":30,"column":70}},{"start":{},"end":{}}]},"2":{"loc":{"start":{"line":36,"column":18},"end":{"line":36,"column":83}},"type":"cond-expr","locations":[{"start":{"line":36,"column":40},"end":{"line":36,"column":76}},{"start":{"line":36,"column":79},"end":{"line":36,"column":83}}]},"3":{"loc":{"start":{"line":37,"column":4},"end":{"line":37,"column":67}},"type":"if","locations":[{"start":{"line":37,"column":4},"end":{"line":37,"column":67}},{"start":{},"end":{}}]},"4":{"loc":{"start":{"line":42,"column":4},"end":{"line":42,"column":71}},"type":"if","locations":[{"start":{"line":42,"column":4},"end":{"line":42,"column":71}},{"start":{},"end":{}}]},"5":{"loc":{"start":{"line":52,"column":4},"end":{"line":52,"column":84}},"type":"if","locations":[{"start":{"line":52,"column":4},"end":{"line":52,"column":84}},{"start":{},"end":{}}]},"6":{"loc":{"start":{"line":54,"column":18},"end":{"line":54,"column":83}},"type":"cond-expr","locations":[{"start":{"line":54,"column":40},"end":{"line":54,"column":76}},{"start":{"line":54,"column":79},"end":{"line":54,"column":83}}]},"7":{"loc":{"start":{"line":55,"column":4},"end":{"line":55,"column":67}},"type":"if","locations":[{"start":{"line":55,"column":4},"end":{"line":55,"column":67}},{"start":{},"end":{}}]},"8":{"loc":{"start":{"line":58,"column":4},"end":{"line":62,"column":5}},"type":"if","locations":[{"start":{"line":58,"column":4},"end":{"line":62,"column":5}},{"start":{},"end":{}}]},"9":{"loc":{"start":{"line":58,"column":8},"end":{"line":58,"column":57}},"type":"binary-expr","locations":[{"start":{"line":58,"column":8},"end":{"line":58,"column":35}},{"start":{"line":58,"column":39},"end":{"line":58,"column":57}}]},"10":{"loc":{"start":{"line":68,"column":4},"end":{"line":68,"column":84}},"type":"if","locations":[{"start":{"line":68,"column":4},"end":{"line":68,"column":84}},{"start":{},"end":{}}]},"11":{"loc":{"start":{"line":70,"column":18},"end":{"line":70,"column":83}},"type":"cond-expr","locations":[{"start":{"line":70,"column":40},"end":{"line":70,"column":76}},{"start":{"line":70,"column":79},"end":{"line":70,"column":83}}]},"12":{"loc":{"start":{"line":71,"column":4},"end":{"line":71,"column":67}},"type":"if","locations":[{"start":{"line":71,"column":4},"end":{"line":71,"column":67}},{"start":{},"end":{}}]},"13":{"loc":{"start":{"line":74,"column":4},"end":{"line":78,"column":5}},"type":"if","locations":[{"start":{"line":74,"column":4},"end":{"line":78,"column":5}},{"start":{},"end":{}}]},"14":{"loc":{"start":{"line":74,"column":8},"end":{"line":74,"column":57}},"type":"binary-expr","locations":[{"start":{"line":74,"column":8},"end":{"line":74,"column":35}},{"start":{"line":74,"column":39},"end":{"line":74,"column":57}}]},"15":{"loc":{"start":{"line":86,"column":4},"end":{"line":87,"column":66}},"type":"if","locations":[{"start":{"line":86,"column":4},"end":{"line":87,"column":66}},{"start":{"line":87,"column":9},"end":{"line":87,"column":66}}]},"16":{"loc":{"start":{"line":87,"column":9},"end":{"line":87,"column":66}},"type":"if","locations":[{"start":{"line":87,"column":9},"end":{"line":87,"column":66}},{"start":{},"end":{}}]},"17":{"loc":{"start":{"line":89,"column":26},"end":{"line":89,"column":84}},"type":"cond-expr","locations":[{"start":{"line":89,"column":50},"end":{"line":89,"column":80}},{"start":{"line":89,"column":83},"end":{"line":89,"column":84}}]},"18":{"loc":{"start":{"line":95,"column":4},"end":{"line":96,"column":68}},"type":"if","locations":[{"start":{"line":95,"column":4},"end":{"line":96,"column":68}},{"start":{"line":96,"column":9},"end":{"line":96,"column":68}}]},"19":{"loc":{"start":{"line":96,"column":9},"end":{"line":96,"column":68}},"type":"if","locations":[{"start":{"line":96,"column":9},"end":{"line":96,"column":68}},{"start":{},"end":{}}]},"20":{"loc":{"start":{"line":98,"column":26},"end":{"line":98,"column":84}},"type":"cond-expr","locations":[{"start":{"line":98,"column":50},"end":{"line":98,"column":80}},{"start":{"line":98,"column":83},"end":{"line":98,"column":84}}]}},"s":{"0":5,"1":6,"2":3,"3":2,"4":2,"5":0,"6":2,"7":2,"8":1,"9":1,"10":3,"11":3,"12":0,"13":2,"14":0,"15":2,"16":2,"17":0,"18":2,"19":2,"20":0,"21":0,"22":0,"23":2,"24":1,"25":0,"26":1,"27":1,"28":0,"29":1,"30":1,"31":0,"32":0,"33":0,"34":1,"35":0,"36":0,"37":0,"38":0,"39":0,"40":0,"41":0,"42":0,"43":0,"44":0,"45":0,"46":0,"47":0,"48":0,"49":5},"f":{"0":6,"1":3,"2":2,"3":2,"4":3,"5":2,"6":1,"7":0,"8":0,"9":0,"10":0},"b":{"0":[3,3,3,3],"1":[2,0],"2":[2,0],"3":[1,1],"4":[3,0],"5":[0,2],"6":[2,0],"7":[0,2],"8":[0,2],"9":[2,0],"10":[0,1],"11":[1,0],"12":[0,1],"13":[0,1],"14":[1,0],"15":[0,0],"16":[0,0],"17":[0,0],"18":[0,0],"19":[0,0],"20":[0,0]}}
,"C:\\Users\\plopl\\OneDrive\\바탕 화면\\codeIt\\2-sprint-mission\\2-sprint-mission5\\src\\products\\productsController.ts": {"path":"C:\\Users\\plopl\\OneDrive\\바탕 화면\\codeIt\\2-sprint-mission\\2-sprint-mission5\\src\\products\\productsController.ts","statementMap":{"0":{"start":{"line":10,"column":0},"end":{"line":10,"column":7}},"1":{"start":{"line":24,"column":0},"end":{"line":24,"column":7}},"2":{"start":{"line":33,"column":0},"end":{"line":33,"column":7}},"3":{"start":{"line":43,"column":0},"end":{"line":43,"column":7}},"4":{"start":{"line":54,"column":0},"end":{"line":54,"column":7}},"5":{"start":{"line":65,"column":0},"end":{"line":65,"column":7}},"6":{"start":{"line":75,"column":0},"end":{"line":75,"column":7}},"7":{"start":{"line":3,"column":0},"end":{"line":3,"column":46}},"8":{"start":{"line":4,"column":0},"end":{"line":4,"column":62}},"9":{"start":{"line":7,"column":16},"end":{"line":7,"column":65}},"10":{"start":{"line":11,"column":2},"end":{"line":20,"column":26}},"11":{"start":{"line":12,"column":20},"end":{"line":12,"column":62}},"12":{"start":{"line":13,"column":23},"end":{"line":17,"column":6}},"13":{"start":{"line":18,"column":17},"end":{"line":18,"column":50}},"14":{"start":{"line":19,"column":4},"end":{"line":19,"column":31}},"15":{"start":{"line":20,"column":16},"end":{"line":20,"column":24}},"16":{"start":{"line":25,"column":2},"end":{"line":29,"column":26}},"17":{"start":{"line":26,"column":15},"end":{"line":26,"column":36}},"18":{"start":{"line":27,"column":17},"end":{"line":27,"column":42}},"19":{"start":{"line":28,"column":4},"end":{"line":28,"column":31}},"20":{"start":{"line":29,"column":16},"end":{"line":29,"column":24}},"21":{"start":{"line":34,"column":2},"end":{"line":39,"column":26}},"22":{"start":{"line":35,"column":20},"end":{"line":35,"column":50}},"23":{"start":{"line":36,"column":16},"end":{"line":36,"column":31}},"24":{"start":{"line":37,"column":20},"end":{"line":37,"column":53}},"25":{"start":{"line":38,"column":4},"end":{"line":38,"column":34}},"26":{"start":{"line":39,"column":16},"end":{"line":39,"column":24}},"27":{"start":{"line":44,"column":2},"end":{"line":50,"column":26}},"28":{"start":{"line":45,"column":15},"end":{"line":45,"column":36}},"29":{"start":{"line":46,"column":20},"end":{"line":46,"column":50}},"30":{"start":{"line":47,"column":16},"end":{"line":47,"column":31}},"31":{"start":{"line":48,"column":20},"end":{"line":48,"column":57}},"32":{"start":{"line":49,"column":4},"end":{"line":49,"column":34}},"33":{"start":{"line":50,"column":16},"end":{"line":50,"column":24}},"34":{"start":{"line":55,"column":2},"end":{"line":60,"column":26}},"35":{"start":{"line":56,"column":15},"end":{"line":56,"column":36}},"36":{"start":{"line":57,"column":20},"end":{"line":57,"column":50}},"37":{"start":{"line":58,"column":4},"end":{"line":58,"column":37}},"38":{"start":{"line":59,"column":4},"end":{"line":59,"column":26}},"39":{"start":{"line":60,"column":16},"end":{"line":60,"column":24}},"40":{"start":{"line":66,"column":2},"end":{"line":71,"column":26}},"41":{"start":{"line":67,"column":15},"end":{"line":67,"column":36}},"42":{"start":{"line":68,"column":20},"end":{"line":68,"column":50}},"43":{"start":{"line":69,"column":19},"end":{"line":69,"column":52}},"44":{"start":{"line":70,"column":4},"end":{"line":70,"column":33}},"45":{"start":{"line":71,"column":16},"end":{"line":71,"column":24}},"46":{"start":{"line":76,"column":2},"end":{"line":81,"column":26}},"47":{"start":{"line":77,"column":15},"end":{"line":77,"column":36}},"48":{"start":{"line":78,"column":20},"end":{"line":78,"column":50}},"49":{"start":{"line":79,"column":19},"end":{"line":79,"column":55}},"50":{"start":{"line":80,"column":4},"end":{"line":80,"column":33}},"51":{"start":{"line":81,"column":16},"end":{"line":81,"column":24}}},"fnMap":{"0":{"name":"getProductList","decl":{"start":{"line":10,"column":22},"end":{"line":10,"column":36}},"loc":{"start":{"line":10,"column":84},"end":{"line":21,"column":1}}},"1":{"name":"getProductDetail","decl":{"start":{"line":24,"column":22},"end":{"line":24,"column":38}},"loc":{"start":{"line":24,"column":86},"end":{"line":30,"column":1}}},"2":{"name":"createProduct","decl":{"start":{"line":33,"column":22},"end":{"line":33,"column":35}},"loc":{"start":{"line":33,"column":83},"end":{"line":40,"column":1}}},"3":{"name":"updateProduct","decl":{"start":{"line":43,"column":22},"end":{"line":43,"column":35}},"loc":{"start":{"line":43,"column":83},"end":{"line":51,"column":1}}},"4":{"name":"removeProduct","decl":{"start":{"line":54,"column":22},"end":{"line":54,"column":35}},"loc":{"start":{"line":54,"column":83},"end":{"line":61,"column":1}}},"5":{"name":"addProductLike","decl":{"start":{"line":65,"column":22},"end":{"line":65,"column":36}},"loc":{"start":{"line":65,"column":84},"end":{"line":72,"column":1}}},"6":{"name":"removeProductLike","decl":{"start":{"line":75,"column":22},"end":{"line":75,"column":39}},"loc":{"start":{"line":75,"column":87},"end":{"line":82,"column":1}}}},"branchMap":{"0":{"loc":{"start":{"line":14,"column":12},"end":{"line":14,"column":55}},"type":"cond-expr","locations":[{"start":{"line":14,"column":29},"end":{"line":14,"column":51}},{"start":{"line":14,"column":54},"end":{"line":14,"column":55}}]},"1":{"loc":{"start":{"line":15,"column":16},"end":{"line":15,"column":68}},"type":"cond-expr","locations":[{"start":{"line":15,"column":37},"end":{"line":15,"column":63}},{"start":{"line":15,"column":66},"end":{"line":15,"column":68}}]},"2":{"loc":{"start":{"line":16,"column":15},"end":{"line":16,"column":72}},"type":"cond-expr","locations":[{"start":{"line":16,"column":35},"end":{"line":16,"column":60}},{"start":{"line":16,"column":63},"end":{"line":16,"column":72}}]}},"s":{"0":4,"1":4,"2":4,"3":4,"4":4,"5":4,"6":4,"7":4,"8":4,"9":4,"10":2,"11":2,"12":2,"13":2,"14":2,"15":0,"16":1,"17":1,"18":1,"19":1,"20":0,"21":2,"22":2,"23":2,"24":2,"25":2,"26":0,"27":2,"28":2,"29":2,"30":2,"31":2,"32":1,"33":1,"34":1,"35":1,"36":1,"37":1,"38":1,"39":0,"40":0,"41":0,"42":0,"43":0,"44":0,"45":0,"46":0,"47":0,"48":0,"49":0,"50":0,"51":0},"f":{"0":2,"1":1,"2":2,"3":2,"4":1,"5":0,"6":0},"b":{"0":[0,2],"1":[0,2],"2":[0,2]}}
,"C:\\Users\\plopl\\OneDrive\\바탕 화면\\codeIt\\2-sprint-mission\\2-sprint-mission5\\src\\types\\env.d.ts": {"path":"C:\\Users\\plopl\\OneDrive\\바탕 화면\\codeIt\\2-sprint-mission\\2-sprint-mission5\\src\\types\\env.d.ts","statementMap":{},"fnMap":{},"branchMap":{},"s":{},"f":{},"b":{}}
,"C:\\Users\\plopl\\OneDrive\\바탕 화면\\codeIt\\2-sprint-mission\\2-sprint-mission5\\src\\types\\express\\index.d.ts": {"path":"C:\\Users\\plopl\\OneDrive\\바탕 화면\\codeIt\\2-sprint-mission\\2-sprint-mission5\\src\\types\\express\\index.d.ts","statementMap":{},"fnMap":{},"branchMap":{},"s":{},"f":{},"b":{}}
,"C:\\Users\\plopl\\OneDrive\\바탕 화면\\codeIt\\2-sprint-mission\\2-sprint-mission5\\src\\users\\user.struct.ts": {"path":"C:\\Users\\plopl\\OneDrive\\바탕 화면\\codeIt\\2-sprint-mission\\2-sprint-mission5\\src\\users\\user.struct.ts","statementMap":{"0":{"start":{"line":1,"column":0},"end":{"line":1,"column":55}},"1":{"start":{"line":3,"column":13},"end":{"line":8,"column":3}},"2":{"start":{"line":10,"column":13},"end":{"line":14,"column":3}}},"fnMap":{},"branchMap":{},"s":{"0":4,"1":4,"2":4},"f":{},"b":{}}
,"C:\\Users\\plopl\\OneDrive\\바탕 화면\\codeIt\\2-sprint-mission\\2-sprint-mission5\\src\\users\\userController.ts": {"path":"C:\\Users\\plopl\\OneDrive\\바탕 화면\\codeIt\\2-sprint-mission\\2-sprint-mission5\\src\\users\\userController.ts","statementMap":{"0":{"start":{"line":10,"column":0},"end":{"line":10,"column":7}},"1":{"start":{"line":15,"column":0},"end":{"line":15,"column":7}},"2":{"start":{"line":20,"column":0},"end":{"line":20,"column":7}},"3":{"start":{"line":26,"column":0},"end":{"line":26,"column":7}},"4":{"start":{"line":2,"column":0},"end":{"line":2,"column":37}},"5":{"start":{"line":3,"column":0},"end":{"line":3,"column":40}},"6":{"start":{"line":4,"column":0},"end":{"line":4,"column":50}},"7":{"start":{"line":5,"column":0},"end":{"line":5,"column":75}},"8":{"start":{"line":8,"column":16},"end":{"line":8,"column":53}},"9":{"start":{"line":11,"column":14},"end":{"line":11,"column":76}},"10":{"start":{"line":12,"column":2},"end":{"line":12,"column":50}},"11":{"start":{"line":16,"column":13},"end":{"line":16,"column":34}},"12":{"start":{"line":17,"column":2},"end":{"line":17,"column":38}},"13":{"start":{"line":21,"column":13},"end":{"line":21,"column":34}},"14":{"start":{"line":22,"column":16},"end":{"line":22,"column":84}},"15":{"start":{"line":23,"column":2},"end":{"line":23,"column":44}},"16":{"start":{"line":27,"column":13},"end":{"line":27,"column":34}},"17":{"start":{"line":28,"column":2},"end":{"line":28,"column":27}},"18":{"start":{"line":29,"column":2},"end":{"line":29,"column":25}}},"fnMap":{"0":{"name":"createUser","decl":{"start":{"line":10,"column":22},"end":{"line":10,"column":32}},"loc":{"start":{"line":10,"column":60},"end":{"line":13,"column":1}}},"1":{"name":"getUser","decl":{"start":{"line":15,"column":22},"end":{"line":15,"column":29}},"loc":{"start":{"line":15,"column":57},"end":{"line":18,"column":1}}},"2":{"name":"updateUser","decl":{"start":{"line":20,"column":22},"end":{"line":20,"column":32}},"loc":{"start":{"line":20,"column":60},"end":{"line":24,"column":1}}},"3":{"name":"deleteUser","decl":{"start":{"line":26,"column":22},"end":{"line":26,"column":32}},"loc":{"start":{"line":26,"column":60},"end":{"line":30,"column":1}}}},"branchMap":{"0":{"loc":{"start":{"line":22,"column":23},"end":{"line":22,"column":37}},"type":"binary-expr","locations":[{"start":{"line":22,"column":23},"end":{"line":22,"column":31}},{"start":{"line":22,"column":35},"end":{"line":22,"column":37}}]}},"s":{"0":4,"1":4,"2":4,"3":4,"4":4,"5":4,"6":4,"7":4,"8":4,"9":0,"10":0,"11":0,"12":0,"13":0,"14":0,"15":0,"16":0,"17":0,"18":0},"f":{"0":0,"1":0,"2":0,"3":0},"b":{"0":[0,0]}}
,"C:\\Users\\plopl\\OneDrive\\바탕 화면\\codeIt\\2-sprint-mission\\2-sprint-mission5\\src\\users\\userRepository.ts": {"path":"C:\\Users\\plopl\\OneDrive\\바탕 화면\\codeIt\\2-sprint-mission\\2-sprint-mission5\\src\\users\\userRepository.ts","statementMap":{"0":{"start":{"line":1,"column":0},"end":{"line":1,"column":51}},"1":{"start":{"line":6,"column":4},"end":{"line":6,"column":46}},"2":{"start":{"line":10,"column":4},"end":{"line":10,"column":59}},"3":{"start":{"line":14,"column":4},"end":{"line":14,"column":62}},"4":{"start":{"line":18,"column":4},"end":{"line":18,"column":68}},"5":{"start":{"line":22,"column":4},"end":{"line":22,"column":54}},"6":{"start":{"line":4,"column":0},"end":{"line":4,"column":13}}},"fnMap":{"0":{"name":"(anonymous_0)","decl":{"start":{"line":5,"column":2},"end":{"line":5,"column":7}},"loc":{"start":{"line":5,"column":41},"end":{"line":7,"column":3}}},"1":{"name":"(anonymous_1)","decl":{"start":{"line":9,"column":2},"end":{"line":9,"column":7}},"loc":{"start":{"line":9,"column":27},"end":{"line":11,"column":3}}},"2":{"name":"(anonymous_2)","decl":{"start":{"line":13,"column":2},"end":{"line":13,"column":7}},"loc":{"start":{"line":13,"column":33},"end":{"line":15,"column":3}}},"3":{"name":"(anonymous_3)","decl":{"start":{"line":17,"column":2},"end":{"line":17,"column":7}},"loc":{"start":{"line":17,"column":54},"end":{"line":19,"column":3}}},"4":{"name":"(anonymous_4)","decl":{"start":{"line":21,"column":2},"end":{"line":21,"column":7}},"loc":{"start":{"line":21,"column":25},"end":{"line":23,"column":3}}}},"branchMap":{},"s":{"0":4,"1":0,"2":0,"3":0,"4":0,"5":0,"6":4},"f":{"0":0,"1":0,"2":0,"3":0,"4":0},"b":{}}
,"C:\\Users\\plopl\\OneDrive\\바탕 화면\\codeIt\\2-sprint-mission\\2-sprint-mission5\\src\\users\\userRouter.ts": {"path":"C:\\Users\\plopl\\OneDrive\\바탕 화면\\codeIt\\2-sprint-mission\\2-sprint-mission5\\src\\users\\userRouter.ts","statementMap":{"0":{"start":{"line":1,"column":0},"end":{"line":1,"column":33}},"1":{"start":{"line":2,"column":0},"end":{"line":2,"column":79}},"2":{"start":{"line":4,"column":19},"end":{"line":4,"column":27}},"3":{"start":{"line":6,"column":0},"end":{"line":6,"column":33}},"4":{"start":{"line":7,"column":0},"end":{"line":7,"column":32}},"5":{"start":{"line":8,"column":0},"end":{"line":8,"column":35}},"6":{"start":{"line":9,"column":0},"end":{"line":9,"column":38}},"7":{"start":{"line":11,"column":0},"end":{"line":11,"column":26}}},"fnMap":{},"branchMap":{},"s":{"0":4,"1":4,"2":4,"3":4,"4":4,"5":4,"6":4,"7":4},"f":{},"b":{}}
,"C:\\Users\\plopl\\OneDrive\\바탕 화면\\codeIt\\2-sprint-mission\\2-sprint-mission5\\src\\users\\userService.ts": {"path":"C:\\Users\\plopl\\OneDrive\\바탕 화면\\codeIt\\2-sprint-mission\\2-sprint-mission5\\src\\users\\userService.ts","statementMap":{"0":{"start":{"line":4,"column":0},"end":{"line":4,"column":56}},"1":{"start":{"line":7,"column":22},"end":{"line":7,"column":42}},"2":{"start":{"line":10,"column":17},"end":{"line":10,"column":44}},"3":{"start":{"line":11,"column":4},"end":{"line":11,"column":28}},"4":{"start":{"line":15,"column":17},"end":{"line":15,"column":45}},"5":{"start":{"line":16,"column":4},"end":{"line":16,"column":57}},"6":{"start":{"line":16,"column":15},"end":{"line":16,"column":57}},"7":{"start":{"line":17,"column":4},"end":{"line":17,"column":28}},"8":{"start":{"line":21,"column":17},"end":{"line":21,"column":50}},"9":{"start":{"line":22,"column":4},"end":{"line":22,"column":28}},"10":{"start":{"line":26,"column":4},"end":{"line":26,"column":31}},"11":{"start":{"line":30,"column":4},"end":{"line":37,"column":6}},"12":{"start":{"line":6,"column":0},"end":{"line":6,"column":21}}},"fnMap":{"0":{"name":"(anonymous_1)","decl":{"start":{"line":7,"column":2},"end":{"line":7,"column":22}},"loc":{"start":{"line":7,"column":42},"end":{"line":7,"column":46}}},"1":{"name":"(anonymous_2)","decl":{"start":{"line":9,"column":2},"end":{"line":9,"column":7}},"loc":{"start":{"line":9,"column":40},"end":{"line":12,"column":3}}},"2":{"name":"(anonymous_3)","decl":{"start":{"line":14,"column":2},"end":{"line":14,"column":7}},"loc":{"start":{"line":14,"column":26},"end":{"line":18,"column":3}}},"3":{"name":"(anonymous_4)","decl":{"start":{"line":20,"column":2},"end":{"line":20,"column":7}},"loc":{"start":{"line":20,"column":54},"end":{"line":23,"column":3}}},"4":{"name":"(anonymous_5)","decl":{"start":{"line":25,"column":2},"end":{"line":25,"column":7}},"loc":{"start":{"line":25,"column":25},"end":{"line":27,"column":3}}},"5":{"name":"(anonymous_6)","decl":{"start":{"line":29,"column":10},"end":{"line":29,"column":15}},"loc":{"start":{"line":29,"column":25},"end":{"line":38,"column":3}}}},"branchMap":{"0":{"loc":{"start":{"line":16,"column":4},"end":{"line":16,"column":57}},"type":"if","locations":[{"start":{"line":16,"column":4},"end":{"line":16,"column":57}},{"start":{},"end":{}}]}},"s":{"0":4,"1":4,"2":0,"3":0,"4":0,"5":0,"6":0,"7":0,"8":0,"9":0,"10":0,"11":0,"12":4},"f":{"0":4,"1":0,"2":0,"3":0,"4":0,"5":0},"b":{"0":[0,0]}}
}
