TN:
SF:src\app.ts
FN:31,(anonymous_1)
FNF:1
FNH:0
FNDA:0,(anonymous_1)
DA:1,4
DA:2,4
DA:3,4
DA:4,4
DA:7,4
DA:8,4
DA:9,4
DA:10,4
DA:11,4
DA:12,4
DA:14,4
DA:16,4
DA:18,4
DA:19,4
DA:20,4
DA:21,4
DA:23,4
DA:24,4
DA:25,4
DA:26,4
DA:27,4
DA:28,4
DA:29,4
DA:31,4
DA:33,4
DA:35,4
LF:26
LH:26
BRF:0
BRH:0
end_of_record
TN:
SF:src\articles\article.structs.ts
FN:4,(anonymous_0)
FN:21,(anonymous_1)
FN:22,(anonymous_2)
FNF:3
FNH:0
FNDA:0,(anonymous_0)
FNDA:0,(anonymous_1)
FNDA:0,(anonymous_2)
DA:1,0
DA:3,0
DA:4,0
DA:7,0
DA:13,0
DA:15,0
DA:21,0
DA:22,0
LF:8
LH:0
BRF:0
BRH:0
end_of_record
TN:
SF:src\articles\articleController.ts
FN:9,getArticleList
FN:18,getArticleDetail
FN:27,createArticle
FN:40,updateArticle
FN:63,removeArticle
FNF:5
FNH:5
FNDA:2,getArticleList
FNDA:1,getArticleDetail
FNDA:4,createArticle
FNDA:1,updateArticle
FNDA:1,removeArticle
DA:2,4
DA:3,4
DA:4,4
DA:6,4
DA:7,4
DA:9,4
DA:10,2
DA:11,2
DA:12,2
DA:13,2
DA:14,2
DA:15,0
DA:18,4
DA:19,1
DA:20,1
DA:21,1
DA:22,1
DA:23,1
DA:24,0
DA:27,4
DA:28,4
DA:29,4
DA:30,4
DA:31,4
DA:32,1
DA:33,1
DA:35,3
DA:36,3
DA:37,0
DA:40,4
DA:41,1
DA:42,1
DA:43,1
DA:44,1
DA:45,1
DA:46,0
DA:47,0
DA:50,1
DA:51,1
DA:53,1
DA:54,0
DA:55,0
DA:58,1
DA:59,1
DA:60,0
DA:63,4
DA:64,1
DA:65,1
DA:66,1
DA:68,1
DA:69,1
DA:71,1
DA:72,0
DA:73,0
DA:75,1
DA:76,1
DA:77,0
LF:57
LH:46
BRDA:11,0,0,0
BRDA:11,0,1,2
BRDA:12,1,0,0
BRDA:12,1,1,2
BRDA:22,2,0,0
BRDA:22,2,1,1
BRDA:30,3,0,4
BRDA:30,3,1,0
BRDA:31,4,0,1
BRDA:31,4,1,3
BRDA:31,5,0,4
BRDA:31,5,1,3
BRDA:31,5,2,3
BRDA:31,5,3,3
BRDA:44,6,0,1
BRDA:44,6,1,0
BRDA:45,7,0,0
BRDA:45,7,1,1
BRDA:45,8,0,1
BRDA:45,8,1,0
BRDA:45,8,2,0
BRDA:51,9,0,0
BRDA:51,9,1,1
BRDA:53,10,0,0
BRDA:53,10,1,1
BRDA:69,11,0,0
BRDA:69,11,1,1
BRDA:71,12,0,0
BRDA:71,12,1,1
BRF:29
BRH:17
end_of_record
TN:
SF:src\articles\articleRepository.ts
FN:14,(anonymous_1)
FN:32,(anonymous_2)
FN:47,(anonymous_3)
FN:68,(anonymous_4)
FN:84,(anonymous_5)
FNF:5
FNH:5
FNDA:2,(anonymous_1)
FNDA:3,(anonymous_2)
FNDA:3,(anonymous_3)
FNDA:1,(anonymous_4)
FNDA:1,(anonymous_5)
DA:1,4
DA:13,4
DA:15,2
DA:16,2
DA:33,3
DA:48,3
DA:49,3
DA:69,1
DA:85,1
DA:90,4
LF:10
LH:10
BRDA:14,0,0,0
BRDA:14,1,0,0
BRDA:53,2,0,3
BRDA:53,2,1,3
BRF:4
BRH:2
end_of_record
TN:
SF:src\articles\articleRouter.ts
FNF:0
FNH:0
DA:1,4
DA:2,4
DA:3,4
DA:11,4
DA:13,4
DA:14,4
DA:15,4
DA:16,4
DA:17,4
DA:19,4
LF:10
LH:10
BRF:0
BRH:0
end_of_record
TN:
SF:src\articles\articleService.ts
FN:14,(anonymous_1)
FN:16,(anonymous_2)
FN:23,(anonymous_3)
FN:29,(anonymous_4)
FN:33,(anonymous_5)
FN:41,(anonymous_6)
FN:45,(anonymous_7)
FN:51,(anonymous_8)
FNF:8
FNH:1
FNDA:4,(anonymous_1)
FNDA:0,(anonymous_2)
FNDA:0,(anonymous_3)
FNDA:0,(anonymous_4)
FNDA:0,(anonymous_5)
FNDA:0,(anonymous_6)
FNDA:0,(anonymous_7)
FNDA:0,(anonymous_8)
DA:11,4
DA:13,4
DA:14,4
DA:20,0
DA:24,0
DA:25,0
DA:26,0
DA:30,0
DA:38,0
DA:42,0
DA:46,0
DA:47,0
DA:48,0
DA:52,0
DA:53,0
DA:54,0
LF:16
LH:3
BRDA:25,0,0,0
BRDA:25,0,1,0
BRDA:46,1,0,0
BRDA:46,1,1,0
BRDA:47,2,0,0
BRDA:47,2,1,0
BRDA:52,3,0,0
BRDA:52,3,1,0
BRDA:53,4,0,0
BRDA:53,4,1,0
BRF:10
BRH:0
end_of_record
TN:
SF:src\auth\auth.structs.ts
FNF:0
FNH:0
DA:1,4
DA:3,4
DA:4,4
DA:6,4
DA:12,4
DA:17,4
LF:6
LH:6
BRF:0
BRH:0
end_of_record
TN:
SF:src\auth\authController.ts
FN:6,pickId
FN:9,pickToken
FN:13,signup
FN:34,login
FNF:4
FNH:4
FNDA:9,pickId
FNDA:7,pickToken
FNDA:9,signup
FNDA:8,login
DA:2,4
DA:3,4
DA:4,4
DA:7,9
DA:10,7
DA:13,4
DA:14,9
DA:15,9
DA:17,9
DA:20,9
DA:22,9
DA:23,9
DA:25,0
DA:26,0
DA:28,0
DA:29,0
DA:30,0
DA:34,4
DA:35,8
DA:36,8
DA:38,7
DA:42,7
DA:44,7
DA:45,7
DA:47,1
DA:48,1
DA:50,0
DA:51,0
DA:52,0
DA:53,0
DA:57,4
LF:31
LH:22
BRDA:7,0,0,9
BRDA:7,0,1,0
BRDA:7,0,2,0
BRDA:10,1,0,7
BRDA:10,1,1,0
BRDA:10,1,2,0
BRDA:15,2,0,9
BRDA:15,2,1,0
BRDA:17,3,0,9
BRDA:17,3,1,0
BRDA:17,3,2,0
BRDA:20,4,0,0
BRDA:20,4,1,9
BRDA:25,5,0,0
BRDA:25,5,1,0
BRDA:26,6,0,0
BRDA:26,6,1,0
BRDA:28,7,0,0
BRDA:28,7,1,0
BRDA:29,8,0,0
BRDA:29,8,1,0
BRDA:29,9,0,0
BRDA:29,9,1,0
BRDA:36,10,0,8
BRDA:36,10,1,0
BRDA:38,11,0,7
BRDA:38,11,1,0
BRDA:38,11,2,0
BRDA:38,11,3,0
BRDA:42,12,0,0
BRDA:42,12,1,7
BRDA:47,13,0,1
BRDA:47,13,1,0
BRDA:48,14,0,1
BRDA:48,14,1,0
BRDA:50,15,0,0
BRDA:50,15,1,0
BRDA:51,16,0,0
BRDA:51,16,1,0
BRDA:52,17,0,0
BRDA:52,17,1,0
BRDA:52,18,0,0
BRDA:52,18,1,0
BRF:43
BRH:10
end_of_record
TN:
SF:src\auth\authRouter.ts
FN:14,pickHandler
FNF:1
FNH:1
FNDA:12,pickHandler
DA:1,4
DA:2,4
DA:3,4
DA:4,4
DA:6,4
DA:15,12
DA:16,16
DA:17,16
DA:19,0
DA:22,4
DA:23,4
DA:24,4
DA:26,4
DA:27,4
DA:29,4
DA:30,4
DA:31,0
DA:33,4
LF:18
LH:16
BRDA:17,0,0,12
BRDA:17,0,1,4
BRDA:27,1,0,0
BRDA:27,1,1,4
BRDA:30,2,0,0
BRDA:30,2,1,4
BRF:6
BRH:4
end_of_record
TN:
SF:src\auth\authService.ts
FN:25,signToken
FN:29,signup
FN:51,login
FN:70,verifyToken
FNF:4
FNH:3
FNDA:7,signToken
FNDA:9,signup
FNDA:7,login
FNDA:0,verifyToken
DA:1,4
DA:2,4
DA:3,4
DA:4,4
DA:6,4
DA:7,4
DA:26,7
DA:29,4
DA:30,9
DA:34,9
DA:36,9
DA:38,9
DA:48,9
DA:51,4
DA:52,7
DA:57,7
DA:58,0
DA:61,7
DA:62,7
DA:63,0
DA:66,7
DA:67,7
DA:70,4
DA:71,0
LF:24
LH:21
BRDA:6,0,0,4
BRDA:6,0,1,0
BRDA:34,1,0,0
BRDA:34,1,1,9
BRDA:43,2,0,9
BRDA:43,2,1,9
BRDA:57,3,0,0
BRDA:57,3,1,7
BRDA:62,4,0,0
BRDA:62,4,1,7
BRF:10
BRH:6
end_of_record
TN:
SF:src\comments\comment.struct.ts
FN:3,(anonymous_0)
FN:8,(anonymous_1)
FN:16,(anonymous_2)
FN:17,(anonymous_3)
FN:19,(anonymous_4)
FN:20,(anonymous_5)
FN:24,(anonymous_6)
FNF:7
FNH:0
FNDA:0,(anonymous_0)
FNDA:0,(anonymous_1)
FNDA:0,(anonymous_2)
FNDA:0,(anonymous_3)
FNDA:0,(anonymous_4)
FNDA:0,(anonymous_5)
FNDA:0,(anonymous_6)
DA:1,4
DA:3,4
DA:5,4
DA:8,0
DA:11,4
DA:15,4
DA:16,0
DA:17,0
DA:19,0
DA:20,0
DA:23,4
DA:24,0
LF:12
LH:6
BRDA:3,0,0,0
BRDA:3,0,1,0
BRDA:3,1,0,0
BRDA:3,1,1,0
BRF:4
BRH:0
end_of_record
TN:
SF:src\comments\commentController.ts
FN:14,inferTargetFromPath
FN:23,getComment
FN:28,getCommentList
FN:33,createComment
FN:50,updateComment
FN:57,deleteComment
FNF:6
FNH:0
FNDA:0,inferTargetFromPath
FNDA:0,getComment
FNDA:0,getCommentList
FNDA:0,createComment
FNDA:0,updateComment
FNDA:0,deleteComment
DA:2,4
DA:3,4
DA:4,4
DA:5,4
DA:12,4
DA:15,0
DA:16,0
DA:17,0
DA:18,0
DA:19,0
DA:20,0
DA:23,4
DA:24,0
DA:25,0
DA:28,4
DA:29,0
DA:30,0
DA:33,4
DA:34,0
DA:35,0
DA:37,0
DA:38,0
DA:39,0
DA:41,0
DA:42,0
DA:45,0
DA:46,0
DA:47,0
DA:50,4
DA:51,0
DA:52,0
DA:53,0
DA:54,0
DA:57,4
DA:58,0
DA:59,0
DA:60,0
DA:61,0
LF:38
LH:10
BRDA:17,0,0,0
BRDA:17,0,1,0
BRDA:19,1,0,0
BRDA:19,1,1,0
BRDA:38,2,0,0
BRDA:38,2,1,0
BRDA:39,3,0,0
BRDA:39,3,1,0
BRDA:41,4,0,0
BRDA:41,4,1,0
BRDA:41,5,0,0
BRDA:41,5,1,0
BRF:12
BRH:0
end_of_record
TN:
SF:src\comments\commentRepository.ts
FN:23,(anonymous_1)
FN:27,(anonymous_2)
FN:50,(anonymous_3)
FN:59,(anonymous_4)
FN:63,(anonymous_5)
FN:67,(anonymous_6)
FN:76,(anonymous_7)
FN:83,(anonymous_8)
FNF:8
FNH:0
FNDA:0,(anonymous_1)
FNDA:0,(anonymous_2)
FNDA:0,(anonymous_3)
FNDA:0,(anonymous_4)
FNDA:0,(anonymous_5)
FNDA:0,(anonymous_6)
FNDA:0,(anonymous_7)
FNDA:0,(anonymous_8)
DA:1,4
DA:22,4
DA:24,0
DA:28,0
DA:29,0
DA:31,0
DA:32,0
DA:33,0
DA:34,0
DA:35,0
DA:38,0
DA:47,0
DA:52,0
DA:56,0
DA:60,0
DA:64,0
DA:68,0
DA:69,0
DA:70,0
DA:72,0
DA:73,0
DA:77,0
DA:84,0
LF:23
LH:2
BRDA:29,0,0,0
BRDA:29,0,1,0
BRDA:31,1,0,0
BRDA:31,1,1,0
BRDA:31,2,0,0
BRDA:31,2,1,0
BRDA:32,3,0,0
BRDA:32,3,1,0
BRDA:34,4,0,0
BRDA:34,4,1,0
BRDA:34,5,0,0
BRDA:34,5,1,0
BRDA:52,6,0,0
BRDA:52,6,1,0
BRDA:68,7,0,0
BRDA:68,7,1,0
BRF:16
BRH:0
end_of_record
TN:
SF:src\comments\commentRouter.ts
FNF:0
FNH:0
DA:1,4
DA:2,4
DA:3,4
DA:4,4
DA:12,4
DA:14,4
DA:15,4
DA:16,4
DA:17,4
DA:18,4
DA:20,4
LF:11
LH:11
BRF:0
BRH:0
end_of_record
TN:
SF:src\comments\commentService.ts
FN:17,(anonymous_1)
FN:19,(anonymous_2)
FN:30,(anonymous_3)
FN:36,(anonymous_4)
FN:39,(anonymous_5)
FN:46,(anonymous_6)
FN:77,(anonymous_7)
FN:86,(anonymous_8)
FNF:8
FNH:1
FNDA:4,(anonymous_1)
FNDA:0,(anonymous_2)
FNDA:0,(anonymous_3)
FNDA:0,(anonymous_4)
FNDA:0,(anonymous_5)
FNDA:0,(anonymous_6)
FNDA:0,(anonymous_7)
FNDA:0,(anonymous_8)
DA:8,4
DA:9,4
DA:11,4
DA:12,4
DA:14,4
DA:16,4
DA:17,4
DA:20,0
DA:31,0
DA:32,0
DA:33,0
DA:37,0
DA:38,0
DA:39,0
DA:47,0
DA:48,0
DA:49,0
DA:54,0
DA:56,0
DA:57,0
DA:58,0
DA:59,0
DA:64,0
DA:65,0
DA:66,0
DA:67,0
DA:74,0
DA:78,0
DA:79,0
DA:80,0
DA:82,0
DA:83,0
DA:87,0
DA:88,0
DA:89,0
DA:90,0
LF:36
LH:7
BRDA:23,0,0,0
BRDA:23,0,1,0
BRDA:23,1,0,0
BRDA:23,1,1,0
BRDA:24,2,0,0
BRDA:24,2,1,0
BRDA:25,3,0,0
BRDA:25,3,1,0
BRDA:32,4,0,0
BRDA:32,4,1,0
BRDA:48,5,0,0
BRDA:48,5,1,0
BRDA:50,6,0,0
BRDA:50,6,1,0
BRDA:56,7,0,0
BRDA:56,7,1,0
BRDA:58,8,0,0
BRDA:58,8,1,0
BRDA:58,9,0,0
BRDA:58,9,1,0
BRDA:64,10,0,0
BRDA:64,10,1,0
BRDA:66,11,0,0
BRDA:66,11,1,0
BRDA:66,12,0,0
BRDA:66,12,1,0
BRDA:79,13,0,0
BRDA:79,13,1,0
BRDA:80,14,0,0
BRDA:80,14,1,0
BRDA:88,15,0,0
BRDA:88,15,1,0
BRDA:89,16,0,0
BRDA:89,16,1,0
BRF:34
BRH:0
end_of_record
TN:
SF:src\images\imageController.ts
FN:4,uploadSingle
FN:21,uploadMultiple
FN:36,(anonymous_2)
FNF:3
FNH:0
FNDA:0,uploadSingle
FNDA:0,uploadMultiple
FNDA:0,(anonymous_2)
DA:2,4
DA:4,4
DA:5,0
DA:6,0
DA:7,0
DA:9,0
DA:10,0
DA:11,0
DA:12,0
DA:15,0
DA:17,0
DA:21,4
DA:22,0
DA:23,0
DA:24,0
DA:26,0
DA:27,0
DA:28,0
DA:29,0
DA:30,0
DA:31,0
DA:33,0
DA:36,0
DA:38,0
LF:24
LH:3
BRDA:7,0,0,0
BRDA:7,0,1,0
BRDA:9,1,0,0
BRDA:9,1,1,0
BRDA:23,2,0,0
BRDA:23,2,1,0
BRDA:24,3,0,0
BRDA:24,3,1,0
BRDA:26,4,0,0
BRDA:26,4,1,0
BRF:10
BRH:0
end_of_record
TN:
SF:src\images\imageRouter.ts
FN:21,(anonymous_1)
FN:22,(anonymous_2)
FNF:2
FNH:0
FNDA:0,(anonymous_1)
FNDA:0,(anonymous_2)
DA:1,4
DA:2,4
DA:3,4
DA:4,4
DA:5,4
DA:7,4
DA:11,4
DA:12,0
DA:17,4
DA:18,4
DA:20,4
DA:21,0
DA:23,0
DA:24,0
DA:25,0
DA:29,4
DA:32,4
DA:33,4
DA:35,4
LF:19
LH:14
BRDA:11,0,0,0
BRDA:11,0,1,4
BRDA:18,1,0,0
BRDA:18,1,1,4
BRF:4
BRH:2
end_of_record
TN:
SF:src\images\s3Uploader.ts
FN:3,makeS3Key
FN:13,uploadToS3
FN:29,(anonymous_12)
FNF:3
FNH:0
FNDA:0,makeS3Key
FNDA:0,uploadToS3
FNDA:0,(anonymous_12)
DA:1,4
DA:3,4
DA:4,0
DA:5,0
DA:6,0
DA:7,0
DA:8,0
DA:9,0
DA:10,0
DA:13,4
DA:18,0
DA:19,0
DA:22,0
DA:23,0
DA:24,0
DA:25,0
DA:27,0
DA:29,0
DA:31,0
DA:36,0
DA:46,0
LF:21
LH:3
BRDA:18,0,0,0
BRDA:18,0,1,0
BRDA:27,1,0,0
BRDA:27,1,1,0
BRF:4
BRH:0
end_of_record
TN:
SF:src\lib\commonStructs.ts
FN:5,(anonymous_0)
FN:9,(anonymous_1)
FN:13,(anonymous_2)
FN:14,(anonymous_3)
FN:15,(anonymous_4)
FN:27,(anonymous_5)
FN:28,(anonymous_6)
FN:29,(anonymous_7)
FNF:8
FNH:0
FNDA:0,(anonymous_0)
FNDA:0,(anonymous_1)
FNDA:0,(anonymous_2)
FNDA:0,(anonymous_3)
FNDA:0,(anonymous_4)
FNDA:0,(anonymous_5)
FNDA:0,(anonymous_6)
FNDA:0,(anonymous_7)
DA:1,0
DA:5,0
DA:6,0
DA:8,0
DA:9,0
DA:12,0
DA:13,0
DA:14,0
DA:15,0
DA:26,0
DA:27,0
DA:28,0
DA:29,0
LF:13
LH:0
BRDA:6,0,0,0
BRDA:6,0,1,0
BRDA:6,1,0,0
BRDA:6,1,1,0
BRDA:15,2,0,0
BRDA:15,2,1,0
BRF:6
BRH:0
end_of_record
TN:
SF:src\lib\constants.ts
FNF:0
FNH:0
DA:1,0
DA:2,0
DA:3,0
DA:5,0
DA:6,0
DA:7,0
DA:8,0
DA:9,0
DA:10,0
DA:11,0
LF:10
LH:0
BRDA:5,0,0,0
BRDA:5,0,1,0
BRDA:8,1,0,0
BRDA:8,1,1,0
BRDA:9,2,0,0
BRDA:9,2,1,0
BRDA:10,3,0,0
BRDA:10,3,1,0
BRDA:11,4,0,0
BRDA:11,4,1,0
BRF:10
BRH:0
end_of_record
TN:
SF:src\lib\errorController.ts
FN:5,errorHandler
FN:11,defaultNotFoundHandler
FNF:2
FNH:0
FNDA:0,errorHandler
FNDA:0,defaultNotFoundHandler
DA:5,0
DA:6,0
DA:7,0
DA:8,0
DA:11,0
DA:12,0
LF:6
LH:0
BRDA:6,0,0,0
BRDA:6,0,1,0
BRDA:6,0,2,0
BRDA:7,1,0,0
BRDA:7,1,1,0
BRDA:8,2,0,0
BRDA:8,2,1,0
BRF:7
BRH:0
end_of_record
TN:
SF:src\lib\jwt.ts
FN:19,signAccessToken
FN:23,signRefreshToken
FN:27,verifyAccessToken
FN:31,verifyRefreshToken
FN:35,decodeToken
FN:39,sanitizeUser
FN:45,verifyJwt
FN:49,signJwt
FNF:8
FNH:0
FNDA:0,signAccessToken
FNDA:0,signRefreshToken
FNDA:0,verifyAccessToken
FNDA:0,verifyRefreshToken
FNDA:0,decodeToken
FNDA:0,sanitizeUser
FNDA:0,verifyJwt
FNDA:0,signJwt
DA:1,4
DA:3,4
DA:4,4
DA:5,4
DA:6,4
DA:19,4
DA:20,0
DA:23,4
DA:24,0
DA:27,4
DA:28,0
DA:31,4
DA:32,0
DA:35,4
DA:36,0
DA:39,4
DA:40,0
DA:41,0
DA:42,0
DA:45,4
DA:46,0
DA:49,4
DA:50,0
LF:23
LH:13
BRDA:3,0,0,4
BRDA:3,0,1,0
BRDA:4,1,0,4
BRDA:4,1,1,4
BRDA:5,2,0,4
BRDA:5,2,1,4
BRDA:6,3,0,4
BRDA:6,3,1,4
BRDA:19,4,0,0
BRDA:23,5,0,0
BRDA:40,6,0,0
BRDA:40,6,1,0
BRDA:49,7,0,0
BRF:13
BRH:7
end_of_record
TN:
SF:src\lib\prismaClient.ts
FN:21,disconnect
FNF:1
FNH:0
FNDA:0,disconnect
DA:1,4
DA:3,4
DA:6,4
DA:9,4
DA:11,4
DA:17,4
DA:19,4
DA:21,4
DA:22,0
LF:9
LH:8
BRDA:6,0,0,4
BRDA:6,0,1,0
BRDA:12,1,0,4
BRDA:12,1,1,4
BRDA:17,2,0,4
BRDA:17,2,1,0
BRF:6
BRH:4
end_of_record
TN:
SF:src\lib\struct.ts
FN:3,create
FNF:1
FNH:0
FNDA:0,create
DA:1,0
DA:3,0
DA:4,0
LF:3
LH:0
BRF:0
BRH:0
end_of_record
TN:
SF:src\lib\withAsync.ts
FN:3,(anonymous_0)
FN:4,(anonymous_1)
FNF:2
FNH:2
FNDA:32,(anonymous_0)
FNDA:17,(anonymous_1)
DA:3,4
DA:4,32
LF:2
LH:2
BRF:0
BRH:0
end_of_record
TN:
SF:src\lib\errors\BadRequestError.ts
FN:3,(anonymous_0)
FNF:1
FNH:0
FNDA:0,(anonymous_0)
DA:1,0
DA:2,0
DA:4,0
LF:3
LH:0
BRDA:3,0,0,0
BRF:1
BRH:0
end_of_record
TN:
SF:src\lib\errors\ForbiddenError.ts
FN:3,(anonymous_0)
FNF:1
FNH:0
FNDA:0,(anonymous_0)
DA:1,4
DA:2,4
DA:4,0
LF:3
LH:2
BRDA:3,0,0,0
BRF:1
BRH:0
end_of_record
TN:
SF:src\lib\errors\HttpError.ts
FN:3,(anonymous_0)
FN:9,(anonymous_1)
FNF:2
FNH:1
FNDA:1,(anonymous_0)
FNDA:0,(anonymous_1)
DA:1,5
DA:4,1
DA:5,1
DA:9,5
DA:10,0
DA:11,0
DA:13,0
DA:14,0
DA:15,0
DA:16,0
DA:17,0
LF:11
LH:4
BRDA:9,0,0,0
BRDA:10,1,0,0
BRDA:10,1,1,0
BRDA:11,2,0,0
BRDA:11,2,1,0
BRDA:14,3,0,0
BRDA:14,3,1,0
BRDA:15,4,0,0
BRDA:15,4,1,0
BRDA:16,5,0,0
BRDA:16,5,1,0
BRDA:17,6,0,0
BRDA:17,6,1,0
BRF:13
BRH:0
end_of_record
TN:
SF:src\lib\errors\NotFoundError.ts
FN:3,(anonymous_0)
FNF:1
FNH:1
FNDA:1,(anonymous_0)
DA:1,5
DA:2,5
DA:4,1
LF:3
LH:3
BRDA:3,0,0,0
BRF:1
BRH:0
end_of_record
TN:
SF:src\lib\errors\UnauthorizedError.ts
FN:4,(anonymous_0)
FNF:1
FNH:0
FNDA:0,(anonymous_0)
DA:1,4
DA:3,4
DA:5,0
LF:3
LH:2
BRDA:4,0,0,0
BRF:1
BRH:0
end_of_record
TN:
SF:src\lib\utils\db.ts
FNF:0
FNH:0
DA:1,0
DA:2,0
DA:3,0
LF:3
LH:0
BRF:0
BRH:0
end_of_record
TN:
SF:src\lib\utils\logger.ts
FN:3,(anonymous_0)
FNF:1
FNH:0
FNDA:0,(anonymous_0)
DA:3,0
DA:4,0
DA:5,0
DA:6,0
DA:9,0
LF:5
LH:0
BRDA:4,0,0,0
BRDA:4,0,1,0
BRF:2
BRH:0
end_of_record
TN:
SF:src\middleware\auth.ts
FN:6,extractBearerToken
FN:15,authenticateUser
FN:27,optionalAuthenticateUser
FN:37,(anonymous_4)
FNF:4
FNH:2
FNDA:12,extractBearerToken
FNDA:12,authenticateUser
FNDA:0,optionalAuthenticateUser
FNDA:0,(anonymous_4)
DA:2,4
DA:4,4
DA:8,12
DA:10,12
DA:11,11
DA:12,11
DA:15,4
DA:16,12
DA:17,12
DA:18,11
DA:19,11
DA:20,11
DA:21,11
DA:23,0
DA:27,4
DA:28,0
DA:29,0
DA:30,0
DA:31,0
DA:32,0
DA:34,0
DA:37,4
LF:22
LH:15
BRDA:4,0,0,4
BRDA:4,0,1,0
BRDA:8,1,0,12
BRDA:8,1,1,1
BRDA:10,2,0,1
BRDA:10,2,1,11
BRDA:12,3,0,11
BRDA:12,3,1,0
BRDA:17,4,0,1
BRDA:17,4,1,11
BRDA:29,5,0,0
BRDA:29,5,1,0
BRF:12
BRH:8
end_of_record
TN:
SF:src\middleware\errorHandler.ts
FN:3,errorHandler
FNF:1
FNH:1
FNDA:1,errorHandler
DA:3,4
DA:5,1
DA:11,1
DA:15,1
DA:16,1
DA:19,1
LF:6
LH:6
BRDA:5,0,0,1
BRDA:5,0,1,1
BRDA:5,0,2,0
BRDA:5,0,3,0
BRDA:5,0,4,0
BRDA:5,0,5,0
BRDA:5,0,6,0
BRDA:11,1,0,1
BRDA:11,1,1,1
BRDA:11,1,2,0
BRDA:12,2,0,0
BRDA:12,2,1,0
BRDA:13,3,0,0
BRDA:13,3,1,0
BRDA:15,4,0,1
BRDA:15,4,1,0
BRF:16
BRH:5
end_of_record
TN:
SF:src\middleware\validation.ts
FN:5,validate
FN:9,(anonymous_2)
FN:15,(anonymous_3)
FNF:3
FNH:0
FNDA:0,validate
FNDA:0,(anonymous_2)
FNDA:0,(anonymous_3)
DA:2,0
DA:3,0
DA:5,0
DA:9,0
DA:10,0
DA:11,0
DA:12,0
DA:14,0
DA:15,0
DA:16,0
DA:18,0
DA:20,0
LF:12
LH:0
BRDA:14,0,0,0
BRDA:14,0,1,0
BRF:2
BRH:0
end_of_record
TN:
SF:src\notifications\notification.gateway.ts
FN:6,initNotificationGateway
FN:14,(anonymous_1)
FN:32,(anonymous_2)
FN:36,(anonymous_3)
FN:41,(anonymous_4)
FN:47,sendNotification
FNF:6
FNH:0
FNDA:0,initNotificationGateway
FNDA:0,(anonymous_1)
FNDA:0,(anonymous_2)
FNDA:0,(anonymous_3)
FNDA:0,(anonymous_4)
FNDA:0,sendNotification
DA:1,4
DA:2,4
DA:4,4
DA:6,4
DA:7,0
DA:14,0
DA:15,0
DA:17,0
DA:22,0
DA:24,0
DA:25,0
DA:26,0
DA:28,0
DA:32,0
DA:33,0
DA:34,0
DA:36,0
DA:37,0
DA:38,0
DA:41,0
DA:44,0
DA:47,4
DA:48,0
DA:49,0
LF:24
LH:5
BRDA:17,0,0,0
BRDA:17,0,1,0
BRDA:18,1,0,0
BRDA:18,1,1,0
BRDA:22,2,0,0
BRDA:22,2,1,0
BRDA:37,3,0,0
BRDA:37,3,1,0
BRDA:48,4,0,0
BRDA:48,4,1,0
BRF:10
BRH:0
end_of_record
TN:
SF:src\notifications\notification.structs.ts
FNF:0
FNH:0
DA:1,0
DA:3,0
DA:8,0
LF:3
LH:0
BRF:0
BRH:0
end_of_record
TN:
SF:src\notifications\notificationController.ts
FN:14,(anonymous_1)
FN:22,(anonymous_2)
FN:28,(anonymous_3)
FN:38,(anonymous_4)
FNF:4
FNH:0
FNDA:0,(anonymous_1)
FNDA:0,(anonymous_2)
FNDA:0,(anonymous_3)
FNDA:0,(anonymous_4)
DA:2,0
DA:3,0
DA:4,0
DA:5,0
DA:10,0
DA:12,0
DA:14,0
DA:15,0
DA:16,0
DA:17,0
DA:18,0
DA:19,0
DA:22,0
DA:23,0
DA:24,0
DA:25,0
DA:28,0
DA:29,0
DA:30,0
DA:31,0
DA:32,0
DA:34,0
DA:35,0
DA:38,0
DA:39,0
DA:40,0
DA:41,0
LF:27
LH:0
BRDA:16,0,0,0
BRDA:16,0,1,0
BRDA:17,1,0,0
BRDA:17,1,1,0
BRDA:31,2,0,0
BRDA:31,2,1,0
BRDA:32,3,0,0
BRDA:32,3,1,0
BRF:8
BRH:0
end_of_record
TN:
SF:src\notifications\notificationRepository.ts
FN:5,(anonymous_1)
FN:9,(anonymous_2)
FN:23,(anonymous_3)
FN:27,(anonymous_4)
FN:31,(anonymous_5)
FNF:5
FNH:0
FNDA:0,(anonymous_1)
FNDA:0,(anonymous_2)
FNDA:0,(anonymous_3)
FNDA:0,(anonymous_4)
FNDA:0,(anonymous_5)
DA:1,4
DA:4,4
DA:6,0
DA:10,0
DA:11,0
DA:20,0
DA:24,0
DA:28,0
DA:32,0
LF:9
LH:2
BRF:0
BRH:0
end_of_record
TN:
SF:src\notifications\notificationRouter.ts
FNF:0
FNH:0
DA:1,0
DA:2,0
DA:8,0
DA:10,0
DA:12,0
DA:13,0
DA:14,0
DA:16,0
DA:18,0
LF:9
LH:0
BRF:0
BRH:0
end_of_record
TN:
SF:src\notifications\notificationService.ts
FN:12,(anonymous_1)
FN:14,(anonymous_2)
FN:23,(anonymous_3)
FN:29,(anonymous_4)
FN:32,(anonymous_5)
FN:39,(anonymous_6)
FN:43,(anonymous_7)
FNF:7
FNH:1
FNDA:4,(anonymous_1)
FNDA:0,(anonymous_2)
FNDA:0,(anonymous_3)
FNDA:0,(anonymous_4)
FNDA:0,(anonymous_5)
FNDA:0,(anonymous_6)
FNDA:0,(anonymous_7)
DA:7,4
DA:8,4
DA:9,4
DA:11,4
DA:12,4
DA:15,0
DA:24,0
DA:25,0
DA:26,0
DA:30,0
DA:31,0
DA:32,0
DA:40,0
DA:44,0
DA:45,0
DA:46,0
DA:48,0
DA:49,0
LF:18
LH:5
BRDA:45,0,0,0
BRDA:45,0,1,0
BRDA:46,1,0,0
BRDA:46,1,1,0
BRF:4
BRH:0
end_of_record
TN:
SF:src\products\product.struct.ts
FN:13,(anonymous_0)
FN:14,(anonymous_1)
FN:21,(anonymous_2)
FN:29,(anonymous_3)
FNF:4
FNH:0
FNDA:0,(anonymous_0)
FNDA:0,(anonymous_1)
FNDA:0,(anonymous_2)
FNDA:0,(anonymous_3)
DA:1,0
DA:11,0
DA:13,0
DA:14,0
DA:19,0
DA:21,0
DA:27,0
DA:29,0
LF:8
LH:0
BRF:0
BRH:0
end_of_record
TN:
SF:src\products\productRepository.ts
FN:15,(anonymous_1)
FN:40,(anonymous_2)
FN:59,(anonymous_3)
FN:88,(anonymous_4)
FN:101,(anonymous_5)
FN:144,(anonymous_6)
FN:158,(anonymous_7)
FN:166,(anonymous_8)
FN:172,(anonymous_9)
FNF:9
FNH:6
FNDA:2,(anonymous_1)
FNDA:4,(anonymous_2)
FNDA:2,(anonymous_3)
FNDA:40,(anonymous_4)
FNDA:2,(anonymous_5)
FNDA:1,(anonymous_6)
FNDA:0,(anonymous_7)
FNDA:0,(anonymous_8)
FNDA:0,(anonymous_9)
DA:1,4
DA:14,4
DA:18,2
DA:29,2
DA:41,4
DA:45,4
DA:47,4
DA:63,2
DA:64,2
DA:65,2
DA:67,2
DA:68,2
DA:71,2
DA:77,2
DA:88,40
DA:98,2
DA:106,2
DA:108,2
DA:121,2
DA:122,1
DA:123,1
DA:124,1
DA:127,1
DA:132,1
DA:145,1
DA:147,1
DA:151,1
DA:152,0
DA:153,0
DA:154,0
DA:159,0
DA:167,0
DA:173,0
LF:33
LH:27
BRDA:22,0,0,2
BRDA:22,0,1,0
BRDA:24,1,0,2
BRDA:24,1,1,2
BRDA:25,2,0,2
BRDA:25,2,1,0
BRDA:32,3,0,2
BRDA:32,3,1,0
BRDA:35,4,0,2
BRDA:35,4,1,2
BRDA:45,5,0,0
BRDA:45,5,1,4
BRDA:50,6,0,4
BRDA:50,6,1,0
BRDA:53,7,0,4
BRDA:53,7,1,4
BRDA:63,8,0,2
BRDA:63,8,1,0
BRDA:64,9,0,2
BRDA:64,9,1,0
BRDA:68,10,0,0
BRDA:68,10,1,2
BRDA:71,11,0,0
BRDA:71,11,1,2
BRDA:73,12,0,0
BRDA:73,12,1,2
BRDA:93,13,0,40
BRDA:93,13,1,40
BRDA:111,14,0,2
BRDA:111,14,1,0
BRDA:112,15,0,0
BRDA:112,15,1,2
BRDA:113,16,0,0
BRDA:113,16,1,0
BRDA:115,17,0,0
BRDA:115,17,1,2
BRDA:116,18,0,0
BRDA:116,18,1,2
BRDA:116,19,0,0
BRDA:116,19,1,0
BRDA:117,20,0,0
BRDA:117,20,1,2
BRDA:117,21,0,0
BRDA:117,21,1,0
BRDA:121,22,0,1
BRDA:121,22,1,1
BRDA:135,23,0,1
BRDA:135,23,1,0
BRDA:138,24,0,1
BRDA:138,24,1,1
BRDA:151,25,0,0
BRDA:151,25,1,1
BRF:52
BRH:29
end_of_record
TN:
SF:src\products\productRouter.ts
FNF:0
FNH:0
DA:1,4
DA:2,4
DA:3,4
DA:5,4
DA:7,4
DA:8,4
DA:10,4
DA:11,4
DA:12,4
DA:14,4
DA:15,4
DA:17,4
LF:12
LH:12
BRF:0
BRH:0
end_of_record
TN:
SF:src\products\productService.ts
FN:14,(anonymous_1)
FN:16,(anonymous_2)
FN:25,(anonymous_3)
FN:33,(anonymous_4)
FN:39,(anonymous_5)
FN:44,(anonymous_6)
FN:63,(anonymous_7)
FN:78,(anonymous_8)
FN:86,(anonymous_9)
FN:94,(anonymous_10)
FN:95,(anonymous_11)
FNF:11
FNH:7
FNDA:6,(anonymous_1)
FNDA:3,(anonymous_2)
FNDA:2,(anonymous_3)
FNDA:2,(anonymous_4)
FNDA:3,(anonymous_5)
FNDA:2,(anonymous_6)
FNDA:1,(anonymous_7)
FNDA:0,(anonymous_8)
FNDA:0,(anonymous_9)
FNDA:0,(anonymous_10)
FNDA:0,(anonymous_11)
DA:11,5
DA:13,5
DA:14,6
DA:17,3
DA:29,2
DA:30,0
DA:34,2
DA:35,2
DA:36,1
DA:40,3
DA:41,0
DA:49,2
DA:51,2
DA:52,2
DA:54,2
DA:55,2
DA:56,0
DA:57,0
DA:58,0
DA:60,2
DA:64,1
DA:66,1
DA:67,1
DA:69,1
DA:70,1
DA:71,0
DA:72,0
DA:73,0
DA:75,1
DA:79,0
DA:80,0
DA:82,0
DA:83,0
DA:87,0
DA:88,0
DA:90,0
DA:91,0
DA:94,0
DA:95,0
LF:39
LH:21
BRDA:18,0,0,3
BRDA:18,0,1,3
BRDA:18,0,2,3
BRDA:18,0,3,3
BRDA:29,1,0,2
BRDA:29,1,1,0
BRDA:34,2,0,2
BRDA:34,2,1,0
BRDA:35,3,0,1
BRDA:35,3,1,1
BRDA:40,4,0,3
BRDA:40,4,1,0
BRDA:49,5,0,0
BRDA:49,5,1,2
BRDA:51,6,0,2
BRDA:51,6,1,0
BRDA:52,7,0,0
BRDA:52,7,1,2
BRDA:55,8,0,0
BRDA:55,8,1,2
BRDA:55,9,0,2
BRDA:55,9,1,0
BRDA:64,10,0,0
BRDA:64,10,1,1
BRDA:66,11,0,1
BRDA:66,11,1,0
BRDA:67,12,0,0
BRDA:67,12,1,1
BRDA:70,13,0,0
BRDA:70,13,1,1
BRDA:70,14,0,1
BRDA:70,14,1,0
BRDA:79,15,0,0
BRDA:79,15,1,0
BRDA:80,16,0,0
BRDA:80,16,1,0
BRDA:82,17,0,0
BRDA:82,17,1,0
BRDA:87,18,0,0
BRDA:87,18,1,0
BRDA:88,19,0,0
BRDA:88,19,1,0
BRDA:90,20,0,0
BRDA:90,20,1,0
BRF:44
BRH:19
end_of_record
TN:
SF:src\products\productsController.ts
FN:7,getProductList
FN:20,getProductDetail
FN:28,createProduct
FN:37,updateProduct
FN:47,removeProduct
FN:56,addProductLike
FN:65,removeProductLike
FNF:7
FNH:5
FNDA:2,getProductList
FNDA:1,getProductDetail
FNDA:2,createProduct
FNDA:2,updateProduct
FNDA:1,removeProduct
FNDA:0,addProductLike
FNDA:0,removeProductLike
DA:2,4
DA:3,4
DA:5,4
DA:7,4
DA:8,2
DA:9,2
DA:10,2
DA:15,2
DA:16,2
DA:17,0
DA:20,4
DA:21,1
DA:22,1
DA:23,1
DA:24,1
DA:25,0
DA:28,4
DA:29,2
DA:30,2
DA:31,2
DA:32,2
DA:33,2
DA:34,0
DA:37,4
DA:38,2
DA:39,2
DA:40,2
DA:41,2
DA:42,2
DA:43,1
DA:44,1
DA:47,4
DA:48,1
DA:49,1
DA:50,1
DA:51,1
DA:52,1
DA:53,0
DA:56,4
DA:57,0
DA:58,0
DA:59,0
DA:60,0
DA:61,0
DA:62,0
DA:65,4
DA:66,0
DA:67,0
DA:68,0
DA:69,0
DA:70,0
DA:71,0
LF:52
LH:36
BRDA:11,0,0,0
BRDA:11,0,1,2
BRDA:12,1,0,0
BRDA:12,1,1,2
BRDA:13,2,0,0
BRDA:13,2,1,2
BRF:6
BRH:3
end_of_record
TN:
SF:src\types\env.d.ts
FNF:0
FNH:0
LF:0
LH:0
BRF:0
BRH:0
end_of_record
TN:
SF:src\types\express\index.d.ts
FNF:0
FNH:0
LF:0
LH:0
BRF:0
BRH:0
end_of_record
TN:
SF:src\users\user.struct.ts
FNF:0
FNH:0
DA:1,4
DA:3,4
DA:10,4
LF:3
LH:3
BRF:0
BRH:0
end_of_record
TN:
SF:src\users\userController.ts
FN:10,createUser
FN:15,getUser
FN:20,updateUser
FN:26,deleteUser
FNF:4
FNH:0
FNDA:0,createUser
FNDA:0,getUser
FNDA:0,updateUser
FNDA:0,deleteUser
DA:2,4
DA:3,4
DA:4,4
DA:5,4
DA:8,4
DA:10,4
DA:11,0
DA:12,0
DA:15,4
DA:16,0
DA:17,0
DA:20,4
DA:21,0
DA:22,0
DA:23,0
DA:26,4
DA:27,0
DA:28,0
DA:29,0
LF:19
LH:9
BRDA:22,0,0,0
BRDA:22,0,1,0
BRF:2
BRH:0
end_of_record
TN:
SF:src\users\userRepository.ts
FN:5,(anonymous_1)
FN:9,(anonymous_2)
FN:13,(anonymous_3)
FN:17,(anonymous_4)
FN:21,(anonymous_5)
FNF:5
FNH:0
FNDA:0,(anonymous_1)
FNDA:0,(anonymous_2)
FNDA:0,(anonymous_3)
FNDA:0,(anonymous_4)
FNDA:0,(anonymous_5)
DA:1,4
DA:4,4
DA:6,0
DA:10,0
DA:14,0
DA:18,0
DA:22,0
LF:7
LH:2
BRF:0
BRH:0
end_of_record
TN:
SF:src\users\userRouter.ts
FNF:0
FNH:0
DA:1,4
DA:2,4
DA:4,4
DA:6,4
DA:7,4
DA:8,4
DA:9,4
DA:11,4
LF:8
LH:8
BRF:0
BRH:0
end_of_record
TN:
SF:src\users\userService.ts
FN:7,(anonymous_1)
FN:9,(anonymous_2)
FN:14,(anonymous_3)
FN:20,(anonymous_4)
FN:25,(anonymous_5)
FN:29,(anonymous_6)
FNF:6
FNH:1
FNDA:4,(anonymous_1)
FNDA:0,(anonymous_2)
FNDA:0,(anonymous_3)
FNDA:0,(anonymous_4)
FNDA:0,(anonymous_5)
FNDA:0,(anonymous_6)
DA:4,4
DA:6,4
DA:7,4
DA:10,0
DA:11,0
DA:15,0
DA:16,0
DA:17,0
DA:21,0
DA:22,0
DA:26,0
DA:30,0
LF:12
LH:3
BRDA:16,0,0,0
BRDA:16,0,1,0
BRF:2
BRH:0
end_of_record
