TN:
SF:src\app.ts
FN:33,(anonymous_1)
FNF:1
FNH:0
FNDA:0,(anonymous_1)
DA:1,4
DA:2,4
DA:3,4
DA:6,4
DA:7,4
DA:8,4
DA:9,4
DA:10,4
DA:11,4
DA:14,4
DA:16,4
DA:19,4
DA:20,4
DA:21,4
DA:22,4
DA:25,4
DA:26,4
DA:27,4
DA:28,4
DA:29,4
DA:30,4
DA:33,4
DA:36,4
DA:38,4
LF:24
LH:24
BRF:0
BRH:0
end_of_record
TN:
SF:src\articles\article.structs.ts
FN:4,(anonymous_0)
FN:25,(anonymous_1)
FN:26,(anonymous_2)
FNF:3
FNH:0
FNDA:0,(anonymous_0)
FNDA:0,(anonymous_1)
FNDA:0,(anonymous_2)
DA:1,0
DA:3,0
DA:4,0
DA:7,0
DA:13,0
DA:16,0
DA:25,0
DA:26,0
LF:8
LH:0
BRF:0
BRH:0
end_of_record
TN:
SF:src\articles\articleController.ts
FN:10,getArticleList
FN:19,getArticleDetail
FN:28,createArticle
FN:41,updateArticle
FN:64,removeArticle
FNF:5
FNH:5
FNDA:2,getArticleList
FNDA:1,getArticleDetail
FNDA:4,createArticle
FNDA:1,updateArticle
FNDA:1,removeArticle
DA:2,4
DA:3,4
DA:4,4
DA:6,4
DA:7,4
DA:10,4
DA:11,2
DA:12,2
DA:13,2
DA:14,2
DA:15,2
DA:16,0
DA:19,4
DA:20,1
DA:21,1
DA:22,1
DA:23,1
DA:24,1
DA:25,0
DA:28,4
DA:29,4
DA:30,4
DA:31,4
DA:32,4
DA:33,1
DA:34,1
DA:36,3
DA:37,3
DA:38,0
DA:41,4
DA:42,1
DA:43,1
DA:44,1
DA:45,1
DA:46,1
DA:47,0
DA:48,0
DA:51,1
DA:52,1
DA:54,1
DA:55,0
DA:56,0
DA:59,1
DA:60,1
DA:61,0
DA:64,4
DA:65,1
DA:66,1
DA:67,1
DA:69,1
DA:70,1
DA:72,1
DA:73,0
DA:74,0
DA:76,1
DA:77,1
DA:78,0
LF:57
LH:46
BRDA:12,0,0,0
BRDA:12,0,1,2
BRDA:13,1,0,0
BRDA:13,1,1,2
BRDA:23,2,0,0
BRDA:23,2,1,1
BRDA:31,3,0,4
BRDA:31,3,1,0
BRDA:32,4,0,1
BRDA:32,4,1,3
BRDA:32,5,0,4
BRDA:32,5,1,3
BRDA:32,5,2,3
BRDA:32,5,3,3
BRDA:45,6,0,1
BRDA:45,6,1,0
BRDA:46,7,0,0
BRDA:46,7,1,1
BRDA:46,8,0,1
BRDA:46,8,1,0
BRDA:46,8,2,0
BRDA:52,9,0,0
BRDA:52,9,1,1
BRDA:54,10,0,0
BRDA:54,10,1,1
BRDA:70,11,0,0
BRDA:70,11,1,1
BRDA:72,12,0,0
BRDA:72,12,1,1
BRF:29
BRH:17
end_of_record
TN:
SF:src\articles\articleRepository.ts
FN:14,(anonymous_1)
FN:32,(anonymous_2)
FN:47,(anonymous_3)
FN:68,(anonymous_4)
FN:85,(anonymous_5)
FNF:5
FNH:5
FNDA:2,(anonymous_1)
FNDA:3,(anonymous_2)
FNDA:3,(anonymous_3)
FNDA:1,(anonymous_4)
FNDA:1,(anonymous_5)
DA:1,4
DA:13,4
DA:15,2
DA:16,2
DA:33,3
DA:48,3
DA:49,3
DA:70,1
DA:86,1
DA:92,4
LF:10
LH:10
BRDA:14,0,0,0
BRDA:14,1,0,0
BRDA:53,2,0,3
BRDA:53,2,1,3
BRF:4
BRH:2
end_of_record
TN:
SF:src\articles\articleRouter.ts
FNF:0
FNH:0
DA:1,4
DA:2,4
DA:3,4
DA:11,4
DA:13,4
DA:14,4
DA:15,4
DA:16,4
DA:18,4
DA:20,4
LF:10
LH:10
BRF:0
BRH:0
end_of_record
TN:
SF:src\articles\articleService.ts
FN:14,(anonymous_1)
FN:16,(anonymous_2)
FN:23,(anonymous_3)
FN:29,(anonymous_4)
FN:33,(anonymous_5)
FN:41,(anonymous_6)
FN:45,(anonymous_7)
FN:51,(anonymous_8)
FNF:8
FNH:1
FNDA:4,(anonymous_1)
FNDA:0,(anonymous_2)
FNDA:0,(anonymous_3)
FNDA:0,(anonymous_4)
FNDA:0,(anonymous_5)
FNDA:0,(anonymous_6)
FNDA:0,(anonymous_7)
FNDA:0,(anonymous_8)
DA:11,4
DA:13,4
DA:14,4
DA:20,0
DA:24,0
DA:25,0
DA:26,0
DA:30,0
DA:38,0
DA:42,0
DA:46,0
DA:47,0
DA:48,0
DA:52,0
DA:53,0
DA:54,0
LF:16
LH:3
BRDA:25,0,0,0
BRDA:25,0,1,0
BRDA:46,1,0,0
BRDA:46,1,1,0
BRDA:47,2,0,0
BRDA:47,2,1,0
BRDA:52,3,0,0
BRDA:52,3,1,0
BRDA:53,4,0,0
BRDA:53,4,1,0
BRF:10
BRH:0
end_of_record
TN:
SF:src\auth\auth.structs.ts
FNF:0
FNH:0
DA:1,4
DA:3,4
DA:4,4
DA:6,4
DA:12,4
DA:17,4
LF:6
LH:6
BRF:0
BRH:0
end_of_record
TN:
SF:src\auth\authController.ts
FN:6,pickId
FN:9,pickToken
FN:14,signup
FN:37,login
FNF:4
FNH:4
FNDA:9,pickId
FNDA:7,pickToken
FNDA:9,signup
FNDA:8,login
DA:2,4
DA:3,4
DA:4,4
DA:7,9
DA:10,7
DA:14,4
DA:15,9
DA:16,9
DA:18,9
DA:21,9
DA:23,9
DA:24,9
DA:27,0
DA:28,0
DA:30,0
DA:31,0
DA:32,0
DA:37,4
DA:38,8
DA:39,8
DA:41,7
DA:45,7
DA:47,7
DA:48,7
DA:51,1
DA:52,1
DA:54,0
DA:55,0
DA:56,0
DA:57,0
DA:61,4
LF:31
LH:22
BRDA:7,0,0,9
BRDA:7,0,1,0
BRDA:7,0,2,0
BRDA:10,1,0,7
BRDA:10,1,1,0
BRDA:10,1,2,0
BRDA:16,2,0,9
BRDA:16,2,1,0
BRDA:18,3,0,9
BRDA:18,3,1,0
BRDA:18,3,2,0
BRDA:21,4,0,0
BRDA:21,4,1,9
BRDA:27,5,0,0
BRDA:27,5,1,0
BRDA:28,6,0,0
BRDA:28,6,1,0
BRDA:30,7,0,0
BRDA:30,7,1,0
BRDA:31,8,0,0
BRDA:31,8,1,0
BRDA:31,9,0,0
BRDA:31,9,1,0
BRDA:39,10,0,8
BRDA:39,10,1,0
BRDA:41,11,0,7
BRDA:41,11,1,0
BRDA:41,11,2,0
BRDA:41,11,3,0
BRDA:45,12,0,0
BRDA:45,12,1,7
BRDA:51,13,0,1
BRDA:51,13,1,0
BRDA:52,14,0,1
BRDA:52,14,1,0
BRDA:54,15,0,0
BRDA:54,15,1,0
BRDA:55,16,0,0
BRDA:55,16,1,0
BRDA:56,17,0,0
BRDA:56,17,1,0
BRDA:56,18,0,0
BRDA:56,18,1,0
BRF:43
BRH:10
end_of_record
TN:
SF:src\auth\authRouter.ts
FN:15,pickHandler
FNF:1
FNH:1
FNDA:12,pickHandler
DA:1,4
DA:2,4
DA:3,4
DA:4,4
DA:6,4
DA:16,12
DA:17,16
DA:18,16
DA:20,0
DA:24,4
DA:25,4
DA:26,4
DA:29,4
DA:30,4
DA:32,4
DA:33,4
DA:34,0
DA:36,4
LF:18
LH:16
BRDA:18,0,0,12
BRDA:18,0,1,4
BRDA:30,1,0,0
BRDA:30,1,1,4
BRDA:33,2,0,0
BRDA:33,2,1,4
BRF:6
BRH:4
end_of_record
TN:
SF:src\auth\authService.ts
FN:27,signToken
FN:31,signup
FN:55,login
FN:80,verifyToken
FNF:4
FNH:3
FNDA:7,signToken
FNDA:9,signup
FNDA:7,login
FNDA:0,verifyToken
DA:2,4
DA:3,4
DA:4,4
DA:5,4
DA:8,4
DA:9,4
DA:28,7
DA:31,4
DA:33,9
DA:37,9
DA:39,9
DA:41,9
DA:52,9
DA:55,4
DA:57,7
DA:63,7
DA:64,0
DA:68,7
DA:69,7
DA:71,0
DA:75,7
DA:76,7
DA:80,4
DA:81,0
LF:24
LH:21
BRDA:8,0,0,4
BRDA:8,0,1,0
BRDA:37,1,0,0
BRDA:37,1,1,9
BRDA:46,2,0,9
BRDA:46,2,1,9
BRDA:63,3,0,0
BRDA:63,3,1,7
BRDA:69,4,0,0
BRDA:69,4,1,7
BRF:10
BRH:6
end_of_record
TN:
SF:src\comments\comment.struct.ts
FN:3,(anonymous_0)
FN:8,(anonymous_1)
FN:16,(anonymous_2)
FN:17,(anonymous_3)
FN:19,(anonymous_4)
FN:20,(anonymous_5)
FN:24,(anonymous_6)
FNF:7
FNH:0
FNDA:0,(anonymous_0)
FNDA:0,(anonymous_1)
FNDA:0,(anonymous_2)
FNDA:0,(anonymous_3)
FNDA:0,(anonymous_4)
FNDA:0,(anonymous_5)
FNDA:0,(anonymous_6)
DA:1,4
DA:3,4
DA:5,4
DA:8,0
DA:11,4
DA:15,4
DA:16,0
DA:17,0
DA:19,0
DA:20,0
DA:23,4
DA:24,0
LF:12
LH:6
BRDA:3,0,0,0
BRDA:3,0,1,0
BRDA:3,1,0,0
BRDA:3,1,1,0
BRF:4
BRH:0
end_of_record
TN:
SF:src\comments\commentController.ts
FN:14,inferTargetFromPath
FN:23,getComment
FN:28,getCommentList
FN:33,createComment
FN:50,updateComment
FN:57,deleteComment
FNF:6
FNH:0
FNDA:0,inferTargetFromPath
FNDA:0,getComment
FNDA:0,getCommentList
FNDA:0,createComment
FNDA:0,updateComment
FNDA:0,deleteComment
DA:2,4
DA:3,4
DA:4,4
DA:5,4
DA:12,4
DA:15,0
DA:16,0
DA:17,0
DA:18,0
DA:19,0
DA:20,0
DA:23,4
DA:24,0
DA:25,0
DA:28,4
DA:29,0
DA:30,0
DA:33,4
DA:34,0
DA:35,0
DA:37,0
DA:38,0
DA:39,0
DA:41,0
DA:42,0
DA:45,0
DA:46,0
DA:47,0
DA:50,4
DA:51,0
DA:52,0
DA:53,0
DA:54,0
DA:57,4
DA:58,0
DA:59,0
DA:60,0
DA:61,0
LF:38
LH:10
BRDA:17,0,0,0
BRDA:17,0,1,0
BRDA:19,1,0,0
BRDA:19,1,1,0
BRDA:38,2,0,0
BRDA:38,2,1,0
BRDA:39,3,0,0
BRDA:39,3,1,0
BRDA:41,4,0,0
BRDA:41,4,1,0
BRDA:41,5,0,0
BRDA:41,5,1,0
BRF:12
BRH:0
end_of_record
TN:
SF:src\comments\commentRepository.ts
FN:23,(anonymous_1)
FN:27,(anonymous_2)
FN:50,(anonymous_3)
FN:59,(anonymous_4)
FN:63,(anonymous_5)
FN:67,(anonymous_6)
FN:76,(anonymous_7)
FN:83,(anonymous_8)
FNF:8
FNH:0
FNDA:0,(anonymous_1)
FNDA:0,(anonymous_2)
FNDA:0,(anonymous_3)
FNDA:0,(anonymous_4)
FNDA:0,(anonymous_5)
FNDA:0,(anonymous_6)
FNDA:0,(anonymous_7)
FNDA:0,(anonymous_8)
DA:1,4
DA:22,4
DA:24,0
DA:28,0
DA:29,0
DA:31,0
DA:32,0
DA:33,0
DA:34,0
DA:35,0
DA:38,0
DA:47,0
DA:52,0
DA:56,0
DA:60,0
DA:64,0
DA:68,0
DA:69,0
DA:70,0
DA:72,0
DA:73,0
DA:77,0
DA:84,0
LF:23
LH:2
BRDA:29,0,0,0
BRDA:29,0,1,0
BRDA:31,1,0,0
BRDA:31,1,1,0
BRDA:31,2,0,0
BRDA:31,2,1,0
BRDA:32,3,0,0
BRDA:32,3,1,0
BRDA:34,4,0,0
BRDA:34,4,1,0
BRDA:34,5,0,0
BRDA:34,5,1,0
BRDA:52,6,0,0
BRDA:52,6,1,0
BRDA:68,7,0,0
BRDA:68,7,1,0
BRF:16
BRH:0
end_of_record
TN:
SF:src\comments\commentRouter.ts
FNF:0
FNH:0
DA:1,4
DA:2,4
DA:3,4
DA:4,4
DA:12,4
DA:14,4
DA:15,4
DA:16,4
DA:17,4
DA:18,4
DA:20,4
LF:11
LH:11
BRF:0
BRH:0
end_of_record
TN:
SF:src\comments\commentService.ts
FN:17,(anonymous_1)
FN:19,(anonymous_2)
FN:30,(anonymous_3)
FN:36,(anonymous_4)
FN:39,(anonymous_5)
FN:46,(anonymous_6)
FN:77,(anonymous_7)
FN:86,(anonymous_8)
FNF:8
FNH:1
FNDA:4,(anonymous_1)
FNDA:0,(anonymous_2)
FNDA:0,(anonymous_3)
FNDA:0,(anonymous_4)
FNDA:0,(anonymous_5)
FNDA:0,(anonymous_6)
FNDA:0,(anonymous_7)
FNDA:0,(anonymous_8)
DA:8,4
DA:9,4
DA:11,4
DA:12,4
DA:14,4
DA:16,4
DA:17,4
DA:20,0
DA:31,0
DA:32,0
DA:33,0
DA:37,0
DA:38,0
DA:39,0
DA:47,0
DA:48,0
DA:49,0
DA:54,0
DA:56,0
DA:57,0
DA:58,0
DA:59,0
DA:64,0
DA:65,0
DA:66,0
DA:67,0
DA:74,0
DA:78,0
DA:79,0
DA:80,0
DA:82,0
DA:83,0
DA:87,0
DA:88,0
DA:89,0
DA:90,0
LF:36
LH:7
BRDA:23,0,0,0
BRDA:23,0,1,0
BRDA:23,1,0,0
BRDA:23,1,1,0
BRDA:24,2,0,0
BRDA:24,2,1,0
BRDA:25,3,0,0
BRDA:25,3,1,0
BRDA:32,4,0,0
BRDA:32,4,1,0
BRDA:48,5,0,0
BRDA:48,5,1,0
BRDA:50,6,0,0
BRDA:50,6,1,0
BRDA:56,7,0,0
BRDA:56,7,1,0
BRDA:58,8,0,0
BRDA:58,8,1,0
BRDA:58,9,0,0
BRDA:58,9,1,0
BRDA:64,10,0,0
BRDA:64,10,1,0
BRDA:66,11,0,0
BRDA:66,11,1,0
BRDA:66,12,0,0
BRDA:66,12,1,0
BRDA:79,13,0,0
BRDA:79,13,1,0
BRDA:80,14,0,0
BRDA:80,14,1,0
BRDA:88,15,0,0
BRDA:88,15,1,0
BRDA:89,16,0,0
BRDA:89,16,1,0
BRF:34
BRH:0
end_of_record
TN:
SF:src\images\imageController.ts
FN:13,(anonymous_1)
FN:16,(anonymous_2)
FN:25,(anonymous_3)
FN:33,uploadImage
FNF:4
FNH:0
FNDA:0,(anonymous_1)
FNDA:0,(anonymous_2)
FNDA:0,(anonymous_3)
FNDA:0,uploadImage
DA:2,0
DA:3,0
DA:4,0
DA:5,0
DA:6,0
DA:8,0
DA:9,0
DA:11,0
DA:14,0
DA:17,0
DA:18,0
DA:19,0
DA:26,0
DA:27,0
DA:29,0
DA:33,0
DA:34,0
DA:35,0
DA:38,0
DA:39,0
DA:40,0
DA:42,0
LF:22
LH:0
BRDA:26,0,0,0
BRDA:26,0,1,0
BRDA:34,1,0,0
BRDA:34,1,1,0
BRF:4
BRH:0
end_of_record
TN:
SF:src\images\imageRouter.ts
FN:6,(anonymous_1)
FN:9,(anonymous_2)
FN:19,(anonymous_3)
FN:25,(anonymous_4)
FN:26,(anonymous_5)
FNF:5
FNH:0
FNDA:0,(anonymous_1)
FNDA:0,(anonymous_2)
FNDA:0,(anonymous_3)
FNDA:0,(anonymous_4)
FNDA:0,(anonymous_5)
DA:1,4
DA:2,4
DA:3,4
DA:5,4
DA:7,0
DA:10,0
DA:11,0
DA:15,4
DA:16,4
DA:19,4
DA:20,0
DA:21,0
DA:25,4
DA:26,0
DA:27,0
DA:30,4
LF:16
LH:9
BRF:0
BRH:0
end_of_record
TN:
SF:src\lib\commonStructs.ts
FN:5,(anonymous_0)
FN:9,(anonymous_1)
FN:13,(anonymous_2)
FN:14,(anonymous_3)
FN:15,(anonymous_4)
FN:27,(anonymous_5)
FN:28,(anonymous_6)
FN:29,(anonymous_7)
FNF:8
FNH:0
FNDA:0,(anonymous_0)
FNDA:0,(anonymous_1)
FNDA:0,(anonymous_2)
FNDA:0,(anonymous_3)
FNDA:0,(anonymous_4)
FNDA:0,(anonymous_5)
FNDA:0,(anonymous_6)
FNDA:0,(anonymous_7)
DA:1,0
DA:5,0
DA:6,0
DA:8,0
DA:9,0
DA:12,0
DA:13,0
DA:14,0
DA:15,0
DA:26,0
DA:27,0
DA:28,0
DA:29,0
LF:13
LH:0
BRDA:6,0,0,0
BRDA:6,0,1,0
BRDA:6,1,0,0
BRDA:6,1,1,0
BRDA:15,2,0,0
BRDA:15,2,1,0
BRF:6
BRH:0
end_of_record
TN:
SF:src\lib\constants.ts
FNF:0
FNH:0
DA:1,0
DA:2,0
DA:3,0
DA:5,0
DA:6,0
DA:7,0
DA:8,0
DA:9,0
DA:10,0
DA:11,0
LF:10
LH:0
BRDA:5,0,0,0
BRDA:5,0,1,0
BRDA:8,1,0,0
BRDA:8,1,1,0
BRDA:9,2,0,0
BRDA:9,2,1,0
BRDA:10,3,0,0
BRDA:10,3,1,0
BRDA:11,4,0,0
BRDA:11,4,1,0
BRF:10
BRH:0
end_of_record
TN:
SF:src\lib\errorController.ts
FN:5,errorHandler
FN:11,defaultNotFoundHandler
FNF:2
FNH:0
FNDA:0,errorHandler
FNDA:0,defaultNotFoundHandler
DA:5,0
DA:6,0
DA:7,0
DA:8,0
DA:11,0
DA:12,0
LF:6
LH:0
BRDA:6,0,0,0
BRDA:6,0,1,0
BRDA:6,0,2,0
BRDA:7,1,0,0
BRDA:7,1,1,0
BRDA:8,2,0,0
BRDA:8,2,1,0
BRF:7
BRH:0
end_of_record
TN:
SF:src\lib\jwt.ts
FN:19,signAccessToken
FN:23,signRefreshToken
FN:27,verifyAccessToken
FN:31,verifyRefreshToken
FN:35,decodeToken
FN:39,sanitizeUser
FN:45,verifyJwt
FN:49,signJwt
FNF:8
FNH:0
FNDA:0,signAccessToken
FNDA:0,signRefreshToken
FNDA:0,verifyAccessToken
FNDA:0,verifyRefreshToken
FNDA:0,decodeToken
FNDA:0,sanitizeUser
FNDA:0,verifyJwt
FNDA:0,signJwt
DA:1,4
DA:3,4
DA:4,4
DA:5,4
DA:6,4
DA:19,4
DA:20,0
DA:23,4
DA:24,0
DA:27,4
DA:28,0
DA:31,4
DA:32,0
DA:35,4
DA:36,0
DA:39,4
DA:40,0
DA:41,0
DA:42,0
DA:45,4
DA:46,0
DA:49,4
DA:50,0
LF:23
LH:13
BRDA:3,0,0,4
BRDA:3,0,1,0
BRDA:4,1,0,4
BRDA:4,1,1,4
BRDA:5,2,0,4
BRDA:5,2,1,4
BRDA:6,3,0,4
BRDA:6,3,1,4
BRDA:19,4,0,0
BRDA:23,5,0,0
BRDA:40,6,0,0
BRDA:40,6,1,0
BRDA:49,7,0,0
BRF:13
BRH:7
end_of_record
TN:
SF:src\lib\prismaClient.ts
FN:22,disconnect
FNF:1
FNH:0
FNDA:0,disconnect
DA:2,4
DA:4,4
DA:7,4
DA:10,4
DA:12,4
DA:18,4
DA:20,4
DA:22,4
DA:23,0
LF:9
LH:8
BRDA:7,0,0,4
BRDA:7,0,1,0
BRDA:13,1,0,4
BRDA:13,1,1,4
BRDA:18,2,0,4
BRDA:18,2,1,0
BRF:6
BRH:4
end_of_record
TN:
SF:src\lib\struct.ts
FN:3,create
FNF:1
FNH:0
FNDA:0,create
DA:1,0
DA:3,0
DA:4,0
LF:3
LH:0
BRF:0
BRH:0
end_of_record
TN:
SF:src\lib\withAsync.ts
FN:3,(anonymous_0)
FN:4,(anonymous_1)
FNF:2
FNH:2
FNDA:32,(anonymous_0)
FNDA:17,(anonymous_1)
DA:3,4
DA:4,32
LF:2
LH:2
BRF:0
BRH:0
end_of_record
TN:
SF:src\lib\errors\BadRequestError.ts
FN:3,(anonymous_0)
FNF:1
FNH:0
FNDA:0,(anonymous_0)
DA:1,0
DA:2,0
DA:4,0
LF:3
LH:0
BRDA:3,0,0,0
BRF:1
BRH:0
end_of_record
TN:
SF:src\lib\errors\ForbiddenError.ts
FN:3,(anonymous_0)
FNF:1
FNH:0
FNDA:0,(anonymous_0)
DA:1,4
DA:2,4
DA:4,0
LF:3
LH:2
BRDA:3,0,0,0
BRF:1
BRH:0
end_of_record
TN:
SF:src\lib\errors\HttpError.ts
FN:3,(anonymous_0)
FN:9,(anonymous_1)
FNF:2
FNH:1
FNDA:1,(anonymous_0)
FNDA:0,(anonymous_1)
DA:1,5
DA:4,1
DA:5,1
DA:9,5
DA:10,0
DA:11,0
DA:13,0
DA:14,0
DA:15,0
DA:16,0
DA:17,0
LF:11
LH:4
BRDA:9,0,0,0
BRDA:10,1,0,0
BRDA:10,1,1,0
BRDA:11,2,0,0
BRDA:11,2,1,0
BRDA:14,3,0,0
BRDA:14,3,1,0
BRDA:15,4,0,0
BRDA:15,4,1,0
BRDA:16,5,0,0
BRDA:16,5,1,0
BRDA:17,6,0,0
BRDA:17,6,1,0
BRF:13
BRH:0
end_of_record
TN:
SF:src\lib\errors\NotFoundError.ts
FN:3,(anonymous_0)
FNF:1
FNH:1
FNDA:1,(anonymous_0)
DA:1,5
DA:2,5
DA:4,1
LF:3
LH:3
BRDA:3,0,0,0
BRF:1
BRH:0
end_of_record
TN:
SF:src\lib\errors\UnauthorizedError.ts
FN:4,(anonymous_0)
FNF:1
FNH:0
FNDA:0,(anonymous_0)
DA:1,4
DA:3,4
DA:5,0
LF:3
LH:2
BRDA:4,0,0,0
BRF:1
BRH:0
end_of_record
TN:
SF:src\lib\utils\db.ts
FNF:0
FNH:0
DA:1,0
DA:2,0
DA:3,0
LF:3
LH:0
BRF:0
BRH:0
end_of_record
TN:
SF:src\lib\utils\logger.ts
FN:3,(anonymous_0)
FNF:1
FNH:0
FNDA:0,(anonymous_0)
DA:3,0
DA:4,0
DA:5,0
DA:6,0
DA:9,0
LF:5
LH:0
BRDA:4,0,0,0
BRDA:4,0,1,0
BRF:2
BRH:0
end_of_record
TN:
SF:src\middleware\auth.ts
FN:6,extractBearerToken
FN:15,authenticateUser
FN:27,optionalAuthenticateUser
FN:37,(anonymous_4)
FNF:4
FNH:2
FNDA:12,extractBearerToken
FNDA:12,authenticateUser
FNDA:0,optionalAuthenticateUser
FNDA:0,(anonymous_4)
DA:2,4
DA:4,4
DA:8,12
DA:10,12
DA:11,11
DA:12,11
DA:15,4
DA:16,12
DA:17,12
DA:18,11
DA:19,11
DA:20,11
DA:21,11
DA:23,0
DA:27,4
DA:28,0
DA:29,0
DA:30,0
DA:31,0
DA:32,0
DA:34,0
DA:37,4
LF:22
LH:15
BRDA:4,0,0,4
BRDA:4,0,1,0
BRDA:8,1,0,12
BRDA:8,1,1,1
BRDA:10,2,0,1
BRDA:10,2,1,11
BRDA:12,3,0,11
BRDA:12,3,1,0
BRDA:17,4,0,1
BRDA:17,4,1,11
BRDA:29,5,0,0
BRDA:29,5,1,0
BRF:12
BRH:8
end_of_record
TN:
SF:src\middleware\errorHandler.ts
FN:3,errorHandler
FNF:1
FNH:1
FNDA:1,errorHandler
DA:3,4
DA:5,1
DA:11,1
DA:15,1
DA:17,1
DA:20,1
LF:6
LH:6
BRDA:5,0,0,1
BRDA:5,0,1,1
BRDA:5,0,2,0
BRDA:5,0,3,0
BRDA:5,0,4,0
BRDA:5,0,5,0
BRDA:5,0,6,0
BRDA:11,1,0,1
BRDA:11,1,1,1
BRDA:11,1,2,0
BRDA:12,2,0,0
BRDA:12,2,1,0
BRDA:13,3,0,0
BRDA:13,3,1,0
BRDA:15,4,0,1
BRDA:15,4,1,0
BRF:16
BRH:5
end_of_record
TN:
SF:src\middleware\validation.ts
FN:5,validate
FN:9,(anonymous_2)
FN:15,(anonymous_3)
FNF:3
FNH:0
FNDA:0,validate
FNDA:0,(anonymous_2)
FNDA:0,(anonymous_3)
DA:2,0
DA:3,0
DA:5,0
DA:9,0
DA:10,0
DA:11,0
DA:12,0
DA:14,0
DA:15,0
DA:16,0
DA:18,0
DA:20,0
LF:12
LH:0
BRDA:14,0,0,0
BRDA:14,0,1,0
BRF:2
BRH:0
end_of_record
TN:
SF:src\notifications\notification.gateway.ts
FN:6,initNotificationGateway
FN:14,(anonymous_1)
FN:32,(anonymous_2)
FN:36,(anonymous_3)
FN:41,(anonymous_4)
FN:47,sendNotification
FNF:6
FNH:0
FNDA:0,initNotificationGateway
FNDA:0,(anonymous_1)
FNDA:0,(anonymous_2)
FNDA:0,(anonymous_3)
FNDA:0,(anonymous_4)
FNDA:0,sendNotification
DA:1,4
DA:2,4
DA:4,4
DA:6,4
DA:7,0
DA:14,0
DA:15,0
DA:17,0
DA:22,0
DA:24,0
DA:25,0
DA:26,0
DA:28,0
DA:32,0
DA:33,0
DA:34,0
DA:36,0
DA:37,0
DA:38,0
DA:41,0
DA:44,0
DA:47,4
DA:48,0
DA:49,0
LF:24
LH:5
BRDA:17,0,0,0
BRDA:17,0,1,0
BRDA:18,1,0,0
BRDA:18,1,1,0
BRDA:22,2,0,0
BRDA:22,2,1,0
BRDA:37,3,0,0
BRDA:37,3,1,0
BRDA:48,4,0,0
BRDA:48,4,1,0
BRF:10
BRH:0
end_of_record
TN:
SF:src\notifications\notification.structs.ts
FNF:0
FNH:0
DA:1,0
DA:3,0
DA:8,0
LF:3
LH:0
BRF:0
BRH:0
end_of_record
TN:
SF:src\notifications\notificationController.ts
FN:14,(anonymous_1)
FN:22,(anonymous_2)
FN:28,(anonymous_3)
FN:38,(anonymous_4)
FNF:4
FNH:0
FNDA:0,(anonymous_1)
FNDA:0,(anonymous_2)
FNDA:0,(anonymous_3)
FNDA:0,(anonymous_4)
DA:2,0
DA:3,0
DA:4,0
DA:5,0
DA:10,0
DA:12,0
DA:14,0
DA:15,0
DA:16,0
DA:17,0
DA:18,0
DA:19,0
DA:22,0
DA:23,0
DA:24,0
DA:25,0
DA:28,0
DA:29,0
DA:30,0
DA:31,0
DA:32,0
DA:34,0
DA:35,0
DA:38,0
DA:39,0
DA:40,0
DA:41,0
LF:27
LH:0
BRDA:16,0,0,0
BRDA:16,0,1,0
BRDA:17,1,0,0
BRDA:17,1,1,0
BRDA:31,2,0,0
BRDA:31,2,1,0
BRDA:32,3,0,0
BRDA:32,3,1,0
BRF:8
BRH:0
end_of_record
TN:
SF:src\notifications\notificationRepository.ts
FN:5,(anonymous_0)
FN:9,(anonymous_1)
FN:23,(anonymous_2)
FN:27,(anonymous_3)
FN:31,(anonymous_4)
FNF:5
FNH:0
FNDA:0,(anonymous_0)
FNDA:0,(anonymous_1)
FNDA:0,(anonymous_2)
FNDA:0,(anonymous_3)
FNDA:0,(anonymous_4)
DA:1,4
DA:4,4
DA:6,0
DA:10,0
DA:11,0
DA:20,0
DA:24,0
DA:28,0
DA:32,0
LF:9
LH:2
BRF:0
BRH:0
end_of_record
TN:
SF:src\notifications\notificationRouter.ts
FNF:0
FNH:0
DA:1,0
DA:2,0
DA:8,0
DA:10,0
DA:12,0
DA:13,0
DA:14,0
DA:16,0
DA:18,0
LF:9
LH:0
BRF:0
BRH:0
end_of_record
TN:
SF:src\notifications\notificationService.ts
FN:12,(anonymous_1)
FN:14,(anonymous_2)
FN:23,(anonymous_3)
FN:29,(anonymous_4)
FN:32,(anonymous_5)
FN:39,(anonymous_6)
FN:43,(anonymous_7)
FNF:7
FNH:1
FNDA:4,(anonymous_1)
FNDA:0,(anonymous_2)
FNDA:0,(anonymous_3)
FNDA:0,(anonymous_4)
FNDA:0,(anonymous_5)
FNDA:0,(anonymous_6)
FNDA:0,(anonymous_7)
DA:7,4
DA:8,4
DA:9,4
DA:11,4
DA:12,4
DA:15,0
DA:24,0
DA:25,0
DA:26,0
DA:30,0
DA:31,0
DA:32,0
DA:40,0
DA:44,0
DA:45,0
DA:46,0
DA:48,0
DA:49,0
LF:18
LH:5
BRDA:45,0,0,0
BRDA:45,0,1,0
BRDA:46,1,0,0
BRDA:46,1,1,0
BRF:4
BRH:0
end_of_record
TN:
SF:src\products\product.struct.ts
FN:13,(anonymous_0)
FN:14,(anonymous_1)
FN:21,(anonymous_2)
FN:29,(anonymous_3)
FNF:4
FNH:0
FNDA:0,(anonymous_0)
FNDA:0,(anonymous_1)
FNDA:0,(anonymous_2)
FNDA:0,(anonymous_3)
DA:1,0
DA:11,0
DA:13,0
DA:14,0
DA:19,0
DA:21,0
DA:27,0
DA:29,0
LF:8
LH:0
BRF:0
BRH:0
end_of_record
TN:
SF:src\products\productRepository.ts
FN:15,(anonymous_1)
FN:40,(anonymous_2)
FN:59,(anonymous_3)
FN:88,(anonymous_4)
FN:102,(anonymous_5)
FN:147,(anonymous_6)
FN:161,(anonymous_7)
FN:170,(anonymous_8)
FN:176,(anonymous_9)
FNF:9
FNH:6
FNDA:2,(anonymous_1)
FNDA:4,(anonymous_2)
FNDA:2,(anonymous_3)
FNDA:40,(anonymous_4)
FNDA:2,(anonymous_5)
FNDA:1,(anonymous_6)
FNDA:0,(anonymous_7)
FNDA:0,(anonymous_8)
FNDA:0,(anonymous_9)
DA:1,4
DA:14,4
DA:18,2
DA:29,2
DA:41,4
DA:45,4
DA:47,4
DA:63,2
DA:64,2
DA:65,2
DA:67,2
DA:68,2
DA:71,2
DA:77,2
DA:88,40
DA:98,2
DA:107,2
DA:109,2
DA:122,2
DA:123,1
DA:124,1
DA:125,1
DA:128,1
DA:134,1
DA:148,1
DA:150,1
DA:154,1
DA:155,0
DA:156,0
DA:157,0
DA:162,0
DA:171,0
DA:177,0
LF:33
LH:27
BRDA:22,0,0,2
BRDA:22,0,1,0
BRDA:24,1,0,2
BRDA:24,1,1,2
BRDA:25,2,0,2
BRDA:25,2,1,0
BRDA:32,3,0,2
BRDA:32,3,1,0
BRDA:35,4,0,2
BRDA:35,4,1,2
BRDA:45,5,0,0
BRDA:45,5,1,4
BRDA:50,6,0,4
BRDA:50,6,1,0
BRDA:53,7,0,4
BRDA:53,7,1,4
BRDA:63,8,0,2
BRDA:63,8,1,0
BRDA:64,9,0,2
BRDA:64,9,1,0
BRDA:68,10,0,0
BRDA:68,10,1,2
BRDA:71,11,0,0
BRDA:71,11,1,2
BRDA:73,12,0,0
BRDA:73,12,1,2
BRDA:93,13,0,40
BRDA:93,13,1,40
BRDA:112,14,0,2
BRDA:112,14,1,0
BRDA:113,15,0,0
BRDA:113,15,1,2
BRDA:114,16,0,0
BRDA:114,16,1,0
BRDA:116,17,0,0
BRDA:116,17,1,2
BRDA:117,18,0,0
BRDA:117,18,1,2
BRDA:117,19,0,0
BRDA:117,19,1,0
BRDA:118,20,0,0
BRDA:118,20,1,2
BRDA:118,21,0,0
BRDA:118,21,1,0
BRDA:122,22,0,1
BRDA:122,22,1,1
BRDA:137,23,0,1
BRDA:137,23,1,0
BRDA:140,24,0,1
BRDA:140,24,1,1
BRDA:154,25,0,0
BRDA:154,25,1,1
BRF:52
BRH:29
end_of_record
TN:
SF:src\products\productRouter.ts
FNF:0
FNH:0
DA:1,4
DA:2,4
DA:3,4
DA:5,4
DA:7,4
DA:8,4
DA:10,4
DA:11,4
DA:12,4
DA:14,4
DA:15,4
DA:17,4
LF:12
LH:12
BRF:0
BRH:0
end_of_record
TN:
SF:src\products\productService.ts
FN:14,(anonymous_1)
FN:17,(anonymous_2)
FN:26,(anonymous_3)
FN:35,(anonymous_4)
FN:41,(anonymous_5)
FN:47,(anonymous_6)
FN:67,(anonymous_7)
FN:85,(anonymous_8)
FN:94,(anonymous_9)
FN:103,(anonymous_10)
FN:104,(anonymous_11)
FNF:11
FNH:7
FNDA:6,(anonymous_1)
FNDA:3,(anonymous_2)
FNDA:2,(anonymous_3)
FNDA:2,(anonymous_4)
FNDA:3,(anonymous_5)
FNDA:2,(anonymous_6)
FNDA:1,(anonymous_7)
FNDA:0,(anonymous_8)
FNDA:0,(anonymous_9)
FNDA:0,(anonymous_10)
FNDA:0,(anonymous_11)
DA:11,5
DA:13,5
DA:14,6
DA:18,3
DA:30,2
DA:31,0
DA:36,2
DA:37,2
DA:38,1
DA:42,3
DA:43,0
DA:52,2
DA:54,2
DA:55,2
DA:57,2
DA:58,2
DA:59,0
DA:60,0
DA:61,0
DA:63,2
DA:68,1
DA:70,1
DA:71,1
DA:73,1
DA:74,1
DA:75,0
DA:76,0
DA:77,0
DA:79,1
DA:86,0
DA:87,0
DA:89,0
DA:90,0
DA:95,0
DA:96,0
DA:98,0
DA:99,0
DA:103,0
DA:104,0
LF:39
LH:21
BRDA:19,0,0,3
BRDA:19,0,1,3
BRDA:19,0,2,3
BRDA:19,0,3,3
BRDA:30,1,0,2
BRDA:30,1,1,0
BRDA:36,2,0,2
BRDA:36,2,1,0
BRDA:37,3,0,1
BRDA:37,3,1,1
BRDA:42,4,0,3
BRDA:42,4,1,0
BRDA:52,5,0,0
BRDA:52,5,1,2
BRDA:54,6,0,2
BRDA:54,6,1,0
BRDA:55,7,0,0
BRDA:55,7,1,2
BRDA:58,8,0,0
BRDA:58,8,1,2
BRDA:58,9,0,2
BRDA:58,9,1,0
BRDA:68,10,0,0
BRDA:68,10,1,1
BRDA:70,11,0,1
BRDA:70,11,1,0
BRDA:71,12,0,0
BRDA:71,12,1,1
BRDA:74,13,0,0
BRDA:74,13,1,1
BRDA:74,14,0,1
BRDA:74,14,1,0
BRDA:86,15,0,0
BRDA:86,15,1,0
BRDA:87,16,0,0
BRDA:87,16,1,0
BRDA:89,17,0,0
BRDA:89,17,1,0
BRDA:95,18,0,0
BRDA:95,18,1,0
BRDA:96,19,0,0
BRDA:96,19,1,0
BRDA:98,20,0,0
BRDA:98,20,1,0
BRF:44
BRH:19
end_of_record
TN:
SF:src\products\productsController.ts
FN:10,getProductList
FN:24,getProductDetail
FN:33,createProduct
FN:43,updateProduct
FN:54,removeProduct
FN:65,addProductLike
FN:75,removeProductLike
FNF:7
FNH:5
FNDA:2,getProductList
FNDA:1,getProductDetail
FNDA:2,createProduct
FNDA:2,updateProduct
FNDA:1,removeProduct
FNDA:0,addProductLike
FNDA:0,removeProductLike
DA:3,4
DA:4,4
DA:7,4
DA:10,4
DA:11,2
DA:12,2
DA:13,2
DA:18,2
DA:19,2
DA:20,0
DA:24,4
DA:25,1
DA:26,1
DA:27,1
DA:28,1
DA:29,0
DA:33,4
DA:34,2
DA:35,2
DA:36,2
DA:37,2
DA:38,2
DA:39,0
DA:43,4
DA:44,2
DA:45,2
DA:46,2
DA:47,2
DA:48,2
DA:49,1
DA:50,1
DA:54,4
DA:55,1
DA:56,1
DA:57,1
DA:58,1
DA:59,1
DA:60,0
DA:65,4
DA:66,0
DA:67,0
DA:68,0
DA:69,0
DA:70,0
DA:71,0
DA:75,4
DA:76,0
DA:77,0
DA:78,0
DA:79,0
DA:80,0
DA:81,0
LF:52
LH:36
BRDA:14,0,0,0
BRDA:14,0,1,2
BRDA:15,1,0,0
BRDA:15,1,1,2
BRDA:16,2,0,0
BRDA:16,2,1,2
BRF:6
BRH:3
end_of_record
TN:
SF:src\types\env.d.ts
FNF:0
FNH:0
LF:0
LH:0
BRF:0
BRH:0
end_of_record
TN:
SF:src\types\express\index.d.ts
FNF:0
FNH:0
LF:0
LH:0
BRF:0
BRH:0
end_of_record
TN:
SF:src\users\user.struct.ts
FNF:0
FNH:0
DA:1,4
DA:3,4
DA:10,4
LF:3
LH:3
BRF:0
BRH:0
end_of_record
TN:
SF:src\users\userController.ts
FN:10,createUser
FN:15,getUser
FN:20,updateUser
FN:26,deleteUser
FNF:4
FNH:0
FNDA:0,createUser
FNDA:0,getUser
FNDA:0,updateUser
FNDA:0,deleteUser
DA:2,4
DA:3,4
DA:4,4
DA:5,4
DA:8,4
DA:10,4
DA:11,0
DA:12,0
DA:15,4
DA:16,0
DA:17,0
DA:20,4
DA:21,0
DA:22,0
DA:23,0
DA:26,4
DA:27,0
DA:28,0
DA:29,0
LF:19
LH:9
BRDA:22,0,0,0
BRDA:22,0,1,0
BRF:2
BRH:0
end_of_record
TN:
SF:src\users\userRepository.ts
FN:5,(anonymous_0)
FN:9,(anonymous_1)
FN:13,(anonymous_2)
FN:17,(anonymous_3)
FN:21,(anonymous_4)
FNF:5
FNH:0
FNDA:0,(anonymous_0)
FNDA:0,(anonymous_1)
FNDA:0,(anonymous_2)
FNDA:0,(anonymous_3)
FNDA:0,(anonymous_4)
DA:1,4
DA:4,4
DA:6,0
DA:10,0
DA:14,0
DA:18,0
DA:22,0
LF:7
LH:2
BRF:0
BRH:0
end_of_record
TN:
SF:src\users\userRouter.ts
FNF:0
FNH:0
DA:1,4
DA:2,4
DA:4,4
DA:6,4
DA:7,4
DA:8,4
DA:9,4
DA:11,4
LF:8
LH:8
BRF:0
BRH:0
end_of_record
TN:
SF:src\users\userService.ts
FN:7,(anonymous_1)
FN:9,(anonymous_2)
FN:14,(anonymous_3)
FN:20,(anonymous_4)
FN:25,(anonymous_5)
FN:29,(anonymous_6)
FNF:6
FNH:1
FNDA:4,(anonymous_1)
FNDA:0,(anonymous_2)
FNDA:0,(anonymous_3)
FNDA:0,(anonymous_4)
FNDA:0,(anonymous_5)
FNDA:0,(anonymous_6)
DA:4,4
DA:6,4
DA:7,4
DA:10,0
DA:11,0
DA:15,0
DA:16,0
DA:17,0
DA:21,0
DA:22,0
DA:26,0
DA:30,0
LF:12
LH:3
BRDA:16,0,0,0
BRDA:16,0,1,0
BRF:2
BRH:0
end_of_record
